
.s Stack: [0 ]  TOS: 42  *>
 ok.
hex  ok.
0 22 dump dump not found.

 warm boot message - early bird.  
 js_serterm_project - gen-exp   6 Jul 2022
          type 'warm' to reboot
 Wed Jul  6 03:07:37 UTC 2022   Feather M0 express  +NeoPixel D8  '0 npx'  '1 1 7 rgb'  '1 13 pinMode'
 4937-a3d-00b-[33m[44m[40m

   [44m  ainsuForth - 2019 October - wa1tnr  [40m  words: 85  
         YAFFA - Yet Another Forth For Arduino, 
         Copyright (C) 2012 Stuart Wood
.s <0>  ok
words exit literal type throw evaluate s" ." variable over = drop warm . - + 
* 0= ! +! , / 2! 2@ 2drop : ; >r @ abs accept allot and c! c, c@ char constant 
count cr decimal do dup emit fill here loop max min negate or quit r> r@ 
rot space spaces swap u. word xor [char] .( hex help who .s dump see words 
delay pinWrite pinMode pinRead npx npx@ rgb pixel cblink 
 ok
hex  ok
0 44 dump 
$000 D8 2D 00 20 89 02 00 00 85 02 00 00 87 02 00 00 	.-. ............
$010 00 00 00 00 00 00 00 00 00 00 00 00 00 00 00 00 	................
$020 00 00 00 00 00 00 00 00 00 00 00 00 85 02 00 00 	................
$030 00 00 00 00 00 00 00 00 85 02 00 00 7D 02 00 00 	............}...
$040 85 02 00 00 85 02 00 00 85 02 00 00 85 02 00 00 	................
$050 85 02 00 00 85 02 00 00 85 02 00 00 85 02 00 00 	................
$060 85 02 00 00 85 02 00 00 85 02 00 00 85 02 00 00 	................
$070 85 02 00 00 85 02 00 00 85 02 00 00 85 02 00 00 	................
$080 85 02 00 00 85 02 00 00 85 02 00 00 85 02 00 00 	................
$090 85 02 00 00 00 00 00 00 00 00 00 00 85 02 00 00 	................
$0A0 85 02 00 00 85 02 00 00 85 02 00 00 85 02 00 00 	................
$0B0 00 00 00 00 07 4B 1A 00 19 7D C9 07 FC D5 20 21 	.....K...}.... !
$0C0 FF 31 19 83 04 49 40 08 D8 61 19 80 13 7D DB 07 	.1...I@..a...}..
$0D0 FC D5 70 47 00 40 00 41 02 A5 FF FF 10 B5 04 00 	..pG.@.A........
$0E0 04 4B 9C 42 00 D9 10 BD 20 00 01 34 FF F7 E2 FF 	.K.B.... ..4....
$0F0 FF 34 F5 E7 FF FF 03 00 00 23 30 B5 9A 42 00 D1 	.4.......#0..B..
$100 30 BD 9C 00 0D 59 01 33 05 51 F7 E7 F0 B5 80 25 	0....Y.3.Q.....% ok
0 444 dump 
$000 D8 2D 00 20 89 02 00 00 85 02 00 00 87 02 00 00 	.-. ............
$010 00 00 00 00 00 00 00 00 00 00 00 00 00 00 00 00 	................
$020 00 00 00 00 00 00 00 00 00 00 00 00 85 02 00 00 	................
$030 00 00 00 00 00 00 00 00 85 02 00 00 7D 02 00 00 	............}...
$040 85 02 00 00 85 02 00 00 85 02 00 00 85 02 00 00 	................
$050 85 02 00 00 85 02 00 00 85 02 00 00 85 02 00 00 	................
$060 85 02 00 00 85 02 00 00 85 02 00 00 85 02 00 00 	................
$070 85 02 00 00 85 02 00 00 85 02 00 00 85 02 00 00 	................
$080 85 02 00 00 85 02 00 00 85 02 00 00 85 02 00 00 	................
$090 85 02 00 00 00 00 00 00 00 00 00 00 85 02 00 00 	................
$0A0 85 02 00 00 85 02 00 00 85 02 00 00 85 02 00 00 	................
$0B0 00 00 00 00 07 4B 1A 00 19 7D C9 07 FC D5 20 21 	.....K...}.... !
$0C0 FF 31 19 83 04 49 40 08 D8 61 19 80 13 7D DB 07 	.1...I@..a...}..
$0D0 FC D5 70 47 00 40 00 41 02 A5 FF FF 10 B5 04 00 	..pG.@.A........
$0E0 04 4B 9C 42 00 D9 10 BD 20 00 01 34 FF F7 E2 FF 	.K.B.... ..4....
$0F0 FF 34 F5 E7 FF FF 03 00 00 23 30 B5 9A 42 00 D1 	.4.......#0..B..
$100 30 BD 9C 00 0D 59 01 33 05 51 F7 E7 F0 B5 80 25 	0....Y.3.Q.....%
$110 10 4B 11 4E 5C 68 11 4F AC 43 5C 60 00 2A 00 D1 	.K.N\h.O.C\`.*..
$120 F0 BD 14 00 10 2A 00 D9 10 24 12 1B 1E 80 1D 7D 	.....*...$.....}
$130 ED 07 FC D5 A4 00 A4 46 00 24 0D 59 05 51 04 34 	.......F.$.Y.Q.4
$140 64 45 FA D1 00 19 09 19 1F 80 1C 7D E4 07 FC D5 	dE.........}....
$150 E4 E7 C0 46 00 40 00 41 44 A5 FF FF 04 A5 FF FF 	...F.@.AD.......
$160 80 22 70 B5 00 23 04 00 0D 00 52 00 E9 58 E0 58 	."p..#....R..X.X
$170 81 42 03 D1 04 33 93 42 F8 D1 70 BD 20 00 FF F7 	.B...3.B..p. ...
$180 99 FF 40 22 29 00 20 00 FF F7 C0 FF F5 E7 00 00 	..@"). .........
$190 02 4A 53 78 5B B2 00 2B FB DB 70 47 00 0C 00 40 	.JSx[..+..pG...@
$1A0 10 23 02 49 CA 68 1A 42 FC D0 70 47 00 08 00 40 	.#.I.h.B..pG...@
$1B0 1E 21 F8 B5 02 26 25 4A 25 4C 53 68 25 4D 8B 43 	.!...&%J%LSh%M.C
$1C0 33 43 53 60 A6 60 FF F7 E3 FF 23 4B 63 60 FF F7 	3CS`.`....#Kc`..
$1D0 DF FF AE 84 FF F7 E4 FF 20 4B 1B 68 9B 0E 3F 2B 	........ K.h..?+
$1E0 00 D1 20 3B 00 26 02 27 1D 4A 9B 02 13 43 1D 4A 	.. ;.&.'.J...C.J
$1F0 EA 62 AB 62 AE 84 FF F7 D3 FF 1B 4B AB 84 FF F7 	.b.b.......K....
$200 CF FF AB 8C 3B 43 AB 84 FF F7 CA FF 3F 22 63 88 	....;C......?"c.
$210 93 43 80 22 1F 43 67 80 63 88 D2 01 13 43 63 80 	.C.".Cg.c....Cc.
$220 A6 60 FF F7 B5 FF 11 4B 63 60 FF F7 B1 FF C0 21 	.`.....Kc`.....!
$230 0F 4A 10 4B 10 48 53 60 03 6A 09 06 1B 02 1B 0A 	.J.K.HS`.j......
$240 0B 43 03 62 07 23 96 60 13 60 F8 BD 00 40 00 41 	.C.b.#.`.`...@.A
$250 00 0C 00 40 00 08 00 40 06 00 01 00 24 60 80 00 	...@...@....$`..
$260 FF 01 00 00 80 BB 0A 1C 24 05 00 00 00 07 03 00 	........$.......
$270 10 E0 00 E0 E7 03 00 00 00 ED 00 E0 10 B5 00 F0 	................
$280 D9 F8 10 BD FE E7 FE E7 20 48 21 49 70 B5 00 23 	........ H!Ip..#
$290 88 42 33 D1 00 21 1F 4B 1F 4A 93 42 33 D3 FF 22 	.B3..!.K.J.B3.."
$2A0 1E 4B 03 21 93 43 1E 4A 0C 25 93 60 02 22 08 24 	.K.!.C.J.%.`.".$
$2B0 30 26 1C 4B 1C 48 5A 62 C3 78 8B 43 13 43 C3 70 	0&.K.HZb.x.C.C.p
$2C0 C3 78 AB 43 23 43 C3 70 18 4B 98 7B B0 43 06 00 	.x.C#C.p.K.{.C..
$2D0 20 20 30 43 98 73 98 7B A8 43 04 43 9C 73 98 7B 	  0C.s.{.C.C.s.{
$2E0 88 43 02 43 9A 73 80 23 11 4A 51 68 0B 43 53 60 	.C.C.s.#.JQh.CS`
$2F0 00 F0 C0 FE FE E7 C4 58 04 33 14 60 0D 4C CA 18 	.......X.3.`.L..
$300 A2 42 F8 D3 C6 E7 02 C3 C7 E7 C0 46 10 1D 00 00 	.B.........F....
$310 00 00 00 20 CC 01 00 20 D4 0D 00 20 00 00 00 00 	... ... ... ....
$320 00 ED 00 E0 FC 70 00 41 00 50 00 41 00 48 00 41 	.....p.A.P.A.H.A
$330 00 40 00 41 CC 01 00 20 F0 B5 12 4E 73 88 00 2B 	.@.A... ...Ns..+
$340 17 D1 08 24 1A 02 92 B2 15 B2 AC 46 67 46 55 00 	...$.......FgFU.
$350 AA B2 00 2F 02 DA 0C 4A 55 40 AA B2 01 3C A4 B2 	.../...JU@...<..
$360 00 2C F1 D1 5C 00 32 53 80 22 01 33 52 00 93 42 	.,..\.2S.".3R..B
$370 E7 D1 0B 0A 58 40 40 00 30 5A 09 02 48 40 80 B2 	....X@@.0Z..H@..
$380 F0 BD C0 46 CC 01 00 20 21 10 00 00 70 B5 D3 18 	...F... !...p...
$390 15 78 01 32 80 24 41 60 03 26 01 3E FD D1 2C 42 	.x.2.$A`.&.>..,B
$3A0 00 D1 01 60 06 26 01 3E FD D1 01 60 64 10 04 D0 	...`.&.>...`d...
$3B0 E4 B2 02 26 01 3E FD D1 ED E7 9A 42 00 D2 E7 E7 	...&.>.....B....
$3C0 70 BD 01 23 00 02 98 42 00 D8 70 47 C0 46 01 33 	p..#...B..pG.F.3
$3D0 F9 E7 70 B5 05 00 1C 24 00 20 0F 26 0B 00 E3 40 	..p....$. .&...@
$3E0 33 40 00 2A 09 D1 00 2B 07 D1 00 2C 0B D0 00 28 	3@.*...+...,...(
$3F0 09 D1 04 3C 23 1D F1 D1 70 BD 09 2B 03 DD 37 33 	...<#...p..+..73
$400 2B 54 01 30 F5 E7 30 33 FA E7 00 00 05 4B 06 4A 	+T.0..03.....K.J
$410 1A 60 BF F3 4F 8F 05 4B 05 4A DA 60 BF F3 4F 8F 	.`..O..K.J.`..O.
$420 FE E7 C0 46 FC 7F 00 20 EF 69 16 F0 00 ED 00 E0 	...F... .i......
$430 04 00 FA 05 10 B5 19 4A 19 49 13 68 01 33 13 60 	.......J.I.h.3.`
$440 0A 68 00 2A 0C D0 17 48 10 18 83 42 03 D1 80 24 	.h.*...H...B...$
$450 15 48 A4 02 84 61 93 42 01 D1 00 23 0B 60 10 BD 	.H...a.B...#.`..
$460 12 48 DB B2 02 78 00 2B 10 D1 80 21 0E 4B 89 02 	.H...x.+...!.K..
$470 99 61 11 00 0A 39 C9 B2 0D 4B F0 29 02 D9 19 78 	.a...9...K.)...x
$480 49 42 19 70 1B 78 D2 18 02 70 E8 E7 93 42 E6 D1 	IB.p.x...p...B..
$490 80 22 05 4B 92 02 5A 61 E1 E7 C0 46 CC 03 00 20 	.".K..Za...F... 
$4A0 D0 03 00 20 18 FC FF FF 00 44 00 41 01 00 00 20 	... .....D.A... 
$4B0 00 00 00 20 07 4B 08 4A 1B 68 11 68 99 42 07 D2 	... .K.J.h.h.B..
$4C0 FA 21 C9 00 5B 18 13 60 80 22 04 4B 92 02 5A 61 	.!..[..`.".K..Za
$4D0 70 47 C0 46 CC 03 00 20 D0 03 00 20 00 44 00 41 	pG.F... ... .D.A
$4E0 80 22 02 4B 92 02 9A 60 9A 61 70 47 00 44 00 41 	.".K...`.apG.D.A
$4F0 37 B5 40 25 01 AC 03 0A 23 70 03 0C 63 70 0D 4B 	7.@%....#p..cp.K
$500 A0 70 9D 60 01 20 5D 61 FF F7 5B FF EF F3 10 83 	.p.`. ]a..[.....
$510 00 2B 08 D1 72 B6 08 48 03 33 22 00 29 00 FF F7 	.+..r..H.3".)...
$520 35 FF 62 B6 37 BD 03 23 22 00 29 00 02 48 FF F7 	5.b.7..#".)..H..
$530 2D FF F7 E7 00 44 00 41 14 44 00 41 10 B5 00 20 	-....D.A.D.A... 
$540 FF F7 D6 FF 05 4B 06 4A 1A 60 BF F3 4F 8F 05 4B 	.....K.J.`..O..K
$550 05 4A DA 60 BF F3 4F 8F FE E7 C0 46 FC 7F 00 20 	.J.`..O....F... 
$560 EF 69 26 F0 00 ED 00 E0 04 00 FA 05 10 B5 0B 4A 	.i&............J
$570 13 68 00 2B 0E D1 0A 49 11 60 0A 49 0A 68 01 32 	.h.+...I.`.I.h.2
$580 0A 60 09 49 08 68 00 28 06 D0 82 42 04 D3 0B 60 	.`.I.h.(...B...`
$590 FF F7 D4 FF 01 3B 13 60 10 BD C0 46 D4 03 00 20 	.....;.`...F... 
$5A0 DC 05 00 00 00 0A 00 20 04 0A 00 20 20 23 70 B5 	....... ...  #p.
$5B0 35 4A 0F 20 D1 69 0B 43 D3 61 01 22 33 49 0B 78 	5J. .i.C.a."3I.x
$5C0 13 43 0B 70 32 4B 19 78 81 43 19 70 06 21 1C 78 	.C.p2K.x.C.p.!.x
$5D0 21 43 19 70 2F 49 0C 78 22 43 0A 70 1A 78 02 40 	!C.p/I.x"C.p.x.@
$5E0 1A 70 60 22 19 78 0A 43 1A 70 2B 4B 2B 4A 5A 80 	.p`".x.C.p+K+JZ.
$5F0 5A 78 D2 09 FC D1 2A 4B 01 32 19 78 0A 43 1A 70 	Zx....*K.2.x.C.p
$600 9A 78 D2 07 FC D4 1F 20 26 49 0A 68 52 0B 02 40 	.x..... &I.hR..@
$610 82 42 00 D1 05 22 1C 8D 23 4D 02 40 92 01 2C 40 	.B..."..#M.@..,@
$620 22 43 1A 85 0A 68 92 0C 02 40 1F 2A 00 D1 02 3A 	"C...h...@.*...:
$630 1F 24 18 8D 22 40 A0 43 02 43 07 20 1A 85 0A 68 	.$.."0 0A 00 20 	........c...... 
$1070 04 0A 00 20 F8 B5 3A 4D 00 AF AB 68 00 2B 00 D0 	... ..:M...h.+..
$1080 FE E7 FF F7 2D FA 37 4B 1E 68 37 4B F2 18 F8 23 	....-.7K.h7K...#
$1090 9B 02 9A 42 13 D8 35 4B 35 4A 19 68 35 4C 36 4B 	...B..5K5J.h5L6K
$10A0 91 42 32 D1 19 78 35 4A C9 07 02 D4 21 68 91 42 	.B2..x5J....!h.B
$10B0 2B D0 33 4B 22 60 1B 68 32 4A 32 33 13 60 FF F7 	+.3K"`.h2J23.`..
$10C0 77 F8 BF F3 5F 8F 62 B6 FF F7 56 FE 80 20 C0 02 	w..._.b...V.. ..
$10D0 FF F7 0E FA 0A 23 01 26 2B 4D 2B 70 FF F7 D6 FB 	.....#.&+M+p....
$10E0 2A 4C 00 28 0B D0 23 78 DB B2 00 2B 06 D1 80 20 	*L.(..#x...+... 
$10F0 24 4A C0 00 13 60 FF F7 FB F9 2E 70 26 70 23 78 	$J...`.....p&p#x
$1100 00 2B 24 D0 00 F0 C0 FA FC E7 1B 78 DB 07 DB 0F 	.+$........x.... ok
0 4444 dump 
$000 D8 2D 00 20 89 02 00 00 85 02 00 00 87 02 00 00 	.-. ............
$010 00 00 00 00 00 00 00 00 00 00 00 00 00 00 00 00 	................
$020 00 00 00 00 00 00 00 00 00 00 00 00 85 02 00 00 	................
$030 00 00 00 00 00 00 00 00 85 02 00 00 7D 02 00 00 	............}...
$040 85 02 00 00 85 02 00 00 85 02 00 00 85 02 00 00 	................
$050 85 02 00 00 85 02 00 00 85 02 00 00 85 02 00 00 	................
$060 85 02 00 00 85 02 00 00 85 02 00 00 85 02 00 00 	................
$070 85 02 00 00 85 02 00 00 85 02 00 00 85 02 00 00 	................
$080 85 02 00 00 85 02 00 00 85 02 00 00 85 02 00 00 	................
$090 85 02 00 00 00 00 00 00 00 00 00 00 85 02 00 00 	................
$0A0 85 02 00 00 85 02 00 00 85 02 00 00 85 02 00 00 	................
$0B0 00 00 00 00 07 4B 1A 00 19 7D C9 07 FC D5 20 21 	.....K...}.... !
$0C0 FF 31 19 83 04 49 40 08 D8 61 19 80 13 7D DB 07 	.1...I@..a...}..
$0D0 FC D5 70 47 00 40 00 41 02 A5 FF FF 10 B5 04 00 	..pG.@.A........
$0E0 04 4B 9C 42 00 D9 10 BD 20 00 01 34 FF F7 E2 FF 	.K.B.... ..4....
$0F0 FF 34 F5 E7 FF FF 03 00 00 23 30 B5 9A 42 00 D1 	.4.......#0..B..
$100 30 BD 9C 00 0D 59 01 33 05 51 F7 E7 F0 B5 80 25 	0....Y.3.Q.....%
$110 10 4B 11 4E 5C 68 11 4F AC 43 5C 60 00 2A 00 D1 	.K.N\h.O.C\`.*..
$120 F0 BD 14 00 10 2A 00 D9 10 24 12 1B 1E 80 1D 7D 	.....*...$.....}
$130 ED 07 FC D5 A4 00 A4 46 00 24 0D 59 05 51 04 34 	.......F.$.Y.Q.4
$140 64 45 FA D1 00 19 09 19 1F 80 1C 7D E4 07 FC D5 	dE.........}....
$150 E4 E7 C0 46 00 40 00 41 44 A5 FF FF 04 A5 FF FF 	...F.@.AD.......
$160 80 22 70 B5 00 23 04 00 0D 00 52 00 E9 58 E0 58 	."p..#....R..X.X
$170 81 42 03 D1 04 33 93 42 F8 D1 70 BD 20 00 FF F7 	.B...3.B..p. ...
$180 99 FF 40 22 29 00 20 00 FF F7 C0 FF F5 E7 00 00 	..@"). .........
$190 02 4A 53 78 5B B2 00 2B FB DB 70 47 00 0C 00 40 	.JSx[..+..pG...@
$1A0 10 23 02 49 CA 68 1A 42 FC D0 70 47 00 08 00 40 	.#.I.h.B..pG...@
$1B0 1E 21 F8 B5 02 26 25 4A 25 4C 53 68 25 4D 8B 43 	.!...&%J%LSh%M.C
$1C0 33 43 53 60 A6 60 FF F7 E3 FF 23 4B 63 60 FF F7 	3CS`.`....#Kc`..
$1D0 DF FF AE 84 FF F7 E4 FF 20 4B 1B 68 9B 0E 3F 2B 	........ K.h..?+
$1E0 00 D1 20 3B 00 26 02 27 1D 4A 9B 02 13 43 1D 4A 	.. ;.&.'.J...C.J
$1F0 EA 62 AB 62 AE 84 FF F7 D3 FF 1B 4B AB 84 FF F7 	.b.b.......K....
$200 CF FF AB 8C 3B 43 AB 84 FF F7 CA FF 3F 22 63 88 	....;C......?"c.
$210 93 43 80 22 1F 43 67 80 63 88 D2 01 13 43 63 80 	.C.".Cg.c....Cc.
$220 A6 60 FF F7 B5 FF 11 4B 63 60 FF F7 B1 FF C0 21 	.`.....Kc`.....!
$230 0F 4A 10 4B 10 48 53 60 03 6A 09 06 1B 02 1B 0A 	.J.K.HS`.j......
$240 0B 43 03 62 07 23 96 60 13 60 F8 BD 00 40 00 41 	.C.b.#.`.`...@.A
$250 00 0C 00 40 00 08 00 40 06 00 01 00 24 60 80 00 	...@...@....$`..
$260 FF 01 00 00 80 BB 0A 1C 24 05 00 00 00 07 03 00 	........$.......
$270 10 E0 00 E0 E7 03 00 00 00 ED 00 E0 10 B5 00 F0 	................
$280 D9 F8 10 BD FE E7 FE E7 20 48 21 49 70 B5 00 23 	........ H!Ip..#
$290 88 42 33 D1 00 21 1F 4B 1F 4A 93 42 33 D3 FF 22 	.B3..!.K.J.B3.."
$2A0 1E 4B 03 21 93 43 1E 4A 0C 25 93 60 02 22 08 24 	.K.!.C.J.%.`.".$
$2B0 30 26 1C 4B 1C 48 5A 62 C3 78 8B 43 13 43 C3 70 	0&.K.HZb.x.C.C.p
$2C0 C3 78 AB 43 23 43 C3 70 18 4B 98 7B B0 43 06 00 	.x.C#C.p.K.{.C..
$2D0 20 20 30 43 98 73 98 7B A8 43 04 43 9C 73 98 7B 	  0C.s.{.C.C.s.{
$2E0 88 43 02 43 9A 73 80 23 11 4A 51 68 0B 43 53 60 	.C.C.s.#.JQh.CS`
$2F0 00 F0 C0 FE FE E7 C4 58 04 33 14 60 0D 4C CA 18 	.......X.3.`.L..
$300 A2 42 F8 D3 C6 E7 02 C3 C7 E7 C0 46 10 1D 00 00 	.B.........F....
$310 00 00 00 20 CC 01 00 20 D4 0D 00 20 00 00 00 00 	... ... ... ....
$320 00 ED 00 E0 FC 70 00 41 00 50 00 41 00 48 00 41 	.....p.A.P.A.H.A
$330 00 40 00 41 CC 01 00 20 F0 B5 12 4E 73 88 00 2B 	.@.A... ...Ns..+
$340 17 D1 08 24 1A 02 92 B2 15 B2 AC 46 67 46 55 00 	...$.......FgFU.
$350 AA B2 00 2F 02 DA 0C 4A 55 40 AA B2 01 3C A4 B2 	.../...JU@...<..
$360 00 2C F1 D1 5C 00 32 53 80 22 01 33 52 00 93 42 	.,..\.2S.".3R..B
$370 E7 D1 0B 0A 58 40 40 00 30 5A 09 02 48 40 80 B2 	....X@@.0Z..H@..
$380 F0 BD C0 46 CC 01 00 20 21 10 00 00 70 B5 D3 18 	...F... !...p...
$390 15 78 01 32 80 24 41 60 03 26 01 3E FD D1 2C 42 	.x.2.$A`.&.>..,B
$3A0 00 D1 01 60 06 26 01 3E FD D1 01 60 64 10 04 D0 	...`.&.>...`d...
$3B0 E4 B2 02 26 01 3E FD D1 ED E7 9A 42 00 D2 E7 E7 	...&.>.....B....
$3C0 70 BD 01 23 00 02 98 42 00 D8 70 47 C0 46 01 33 	p..#...B..pG.F.3
$3D0 F9 E7 70 B5 05 00 1C 24 00 20 0F 26 0B 00 E3 40 	..p....$. .&...@
$3E0 33 40 00 2A 09 D1 00 2B 07 D1 00 2C 0B D0 00 28 	3@.*...+...,...(
$3F0 09 D1 04 3C 23 1D F1 D1 70 BD 09 2B 03 DD 37 33 	...<#...p..+..73
$400 2B 54 01 30 F5 E7 30 33 FA E7 00 00 05 4B 06 4A 	+T.0..03.....K.J
$410 1A 60 BF F3 4F 8F 05 4B 05 4A DA 60 BF F3 4F 8F 	.`..O..K.J.`..O.
$420 FE E7 C0 46 FC 7F 00 20 EF 69 16 F0 00 ED 00 E0 	...F... .i......
$430 04 00 FA 05 10 B5 19 4A 19 49 13 68 01 33 13 60 	.......J.I.h.3.`
$440 0A 68 00 2A 0C D0 17 48 10 18 83 42 03 D1 80 24 	.h.*...H...B...$
$450 15 48 A460 1D 4B 92 02 5A 61 80 23 	...#."#`.K..Za.#
$1120 9B 01 1A 68 82 F3 08 88 AB 60 30 47 C7 E7 21 68 	...h.....`0G..!h
$1130 18 4A 91 42 01 D1 23 60 C1 E7 21 68 0F 4B 99 42 	.J.B..#`..!h.K.B
$1140 E7 D0 FA 20 22 60 40 00 FF F7 3B F9 E1 E7 23 78 	... "`@...;...#x
$1150 00 2B C3 D1 FF 33 C0 46 01 3B 00 2B FB D1 BD E7 	.+...3.F.;.+....
$1160 00 ED 00 E0 04 20 00 00 00 E0 FF FF B4 20 00 00 	..... ....... ..
$1170 7C B0 EE 87 FC 7F 00 20 38 04 00 40 EF 69 26 F0 	|...... 8..@.i&.
$1180 00 0A 00 20 04 0A 00 20 00 00 00 20 FC 03 00 20 	... ... ... ... 
$1190 00 44 00 41 EF 69 16 F0 10 B5 05 4C 12 22 00 21 	.D.A.i.....L.".!
$11A0 20 00 00 F0 A6 FC F0 23 23 70 E6 3B E3 71 10 BD 	 ......##p.;.q..
$11B0 3B 06 00 20 F8 B5 05 00 0E 00 17 00 00 24 AB 68 	;.. .........$.h
$11C0 A3 42 00 D8 F8 BD 80 21 AA 78 33 00 89 00 E8 68 	.B.....!.x3....h
$11D0 FF F7 E5 FA 80 23 5B 01 E0 18 01 22 3B 00 E9 68 	.....#[....";..h
$11E0 FF F7 D4 FE 01 34 EA E7 70 B5 13 00 06 00 0C 00 	.....4..p.......
$11F0 15 00 00 20 0A 00 01 21 FF F7 5C FA 00 23 98 42 	... ...!..\..#.B
$1200 06 D0 2B 00 22 00 1F 21 30 00 FF F7 53 FA 01 23 	..+."..!0...S..#
$1210 18 00 70 BD 10 B5 04 22 0D 21 02 48 FF F7 1A FB 	..p....".!.H....
$1220 10 BD C0 46 9A 01 00 20 10 B5 0B 48 0B 49 42 79 	...F... ...H.IBy
$1230 03 79 12 02 1A 43 83 79 1B 04 1A 43 C3 79 1B 06 	.y...C.y...C.y..
$1240 13 43 1A 0A 0B 71 4A 71 1A 0C 1B 0E 8A 71 CB 71 	.C...qJq.....q.q
$1250 FF F7 E0 FF 10 BD C0 46 1C 06 00 20 9A 01 00 20 	.......F... ... 
$1260 70 B5 04 22 0D 00 FF F7 F5 FA 16 4C 85 42 0F D0 	p..".......L.B..
$1270 FF F7 92 FF 01 23 04 22 23 73 13 4B 9A 70 00 22 	.....#."#s.K.p."
$1280 DA 70 1A 71 5A 71 9A 71 1A 73 5A 73 FF F7 CC FF 	.p.qZq.q.sZs....
$1290 FF F7 82 FF 00 23 23 73 63 7A 21 7A 1B 02 0B 43 	.....##scz!z...C
$12A0 A1 7A 09 04 0B 43 E1 7A 09 06 19 43 49 1B 0B 0A 	.z...C.z...CI...
$12B0 21 72 63 72 0B 0C 09 0E A3 72 E1 72 FF F7 B4 FF 	!rcr.....r.r....
$12C0 70 BD C0 46 9A 01 00 20 3B 06 00 20 70 B5 18 4C 	p..F... ;.. p..L
$12D0 14 22 05 00 00 21 20 00 00 F0 0B FC 15 4A 00 2D 	."...! ......J.-
$12E0 1F D0 21 00 08 23 D0 7D 08 31 3F 26 52 7C 32 40 	..!..#.}.1?&R|2@
$12F0 1C 2A 01 D0 B2 42 05 D1 0F 4A 0C 33 0A 80 05 22 	.*...B...J.3..."
$1300 DB B2 CA 70 19 1C 83 42 00 D9 01 1C C9 B2 00 2D 	...p...B.......-
$1310 0B D0 02 3B 9B B2 1B 02 23 80 20 00 FF F7 A0 FF 	...;....#. .....
$1320 70 BD D0 7C 21 1D 04 23 DF E7 01 3B 23 70 F4 E7 	p..|!..#...;#p..
$1330 00 06 00 20 1C 06 00 20 1C 0A 00 00 F0 B5 07 00 	... ... ........
$1340 00 24 2B 4B 85 B0 59 7C 03 AA D1 70 99 7C 91 70 	.$+K..Y|...p.|.p
$1350 D9 7C 51 70 19 7D 11 70 02 AA 96 1C 9A 7D 72 70 	.|Qp.}.p.....}rp
$1360 DB 7D 33 70 33 88 A3 42 08 D8 FF F7 15 FF 00 22 	.}3p3..B......."
$1370 20 4B 1A 73 FF F7 58 FF 05 B0 F0 BD FF F7 86 FA 	 K.s..X.........
$1380 00 28 F9 D0 03 9B 1C 4D E3 18 01 93 00 2F 1F D0 	.(.....M...../..
$1390 29 00 18 00 FF F7 3E FD 80 21 04 22 89 00 28 00 	).....>..!."..(.
$13A0 FF F7 58 FA 13 4A 01 34 51 7A 13 7A 09 02 19 43 	..X..J.4Qz.z...C
$13B0 93 7A 1B 04 19 43 D3 7A 1B 06 0B 43 0F 49 5B 18 	.z...C.z...C.I[.
$13C0 19 0A 13 72 51 72 19 0C 1B 0E 91 72 D3 72 C9 E7 	...rQr.....r.r..
$13D0 80 21 3B 00 28 00 05 22 89 00 FF F7 E0 F9 08 4B 	.!;.(..".......K
$13E0 3A 00 29 00 01 98 FF F7 D1 FD FF F7 63 F8 D9 E7 	:.).........c...
$13F0 1C 06 00 20 9A 01 00 20 00 04 00 20 00 FE FF FF 	... ... ... ....
$1400 50 06 00 20 F0 B5 85 B0 00 F0 3A FB 45 4E 00 22 	P.. ......:.EN."
$1410 05 21 30 00 FF F7 E8 FE 00 28 58 D0 73 7A 35 7A 	.!0......(X.sz5z
$1420 1B 02 2B 43 B5 7A 40 4C 2D 04 2B 43 F5 7A 00 27 	..+C.z@L-.+C.z.'
$1430 2D 06 1D 43 2B 0A 63 72 2B 0C A3 72 2B 0E 25 72 	-..C+.cr+..r+.%r
$1440 E3 72 F3 7B 1E 2B 1B D0 21 D8 12 2B 41 D0 13 D8 	.r.{.+..!..+A...
$1450 BB 42 15 D0 03 2B 31 D0 FF F7 9E FE 01 23 05 22 	.B...+1......#."
$1460 23 73 32 4B 9A 70 00 22 DA 70 1A 71 5A 71 9A 71 	#s2K.p.".p.qZq.q
$1470 1A 73 20 32 5A 73 07 E0 1A 2B 39 D0 1B 2B EB D1 	.s 2Zs...+9..+..
$1480 FF F7 8A FE 00 23 23 73 FF F7 CE FE 1F E0 28 2B 	.....##s......(+
$1490 34 D0 0B D8 23 2B 35 D0 25 2B DD D1 80 23 24 48 	4...#+5.%+...#$H
$14A0 9B 02 43 60 23 4B 08 21 03 60 0E E0 2F 2B E7 D0 	..C`#K.!.`../+..
$14B0 5A 2B 21 D0 2A 2B CF D1 38 00 20 E0 F3 7C 19 1C 	Z+!.*+..8. ..|..
$14C0 12 2B 00 D9 12 21 19 48 C9 B2 FF F7 C9 FE 05 B0 	.+...!.H........
$14D0 F0 BD 19 4C 19 49 20 00 18 22 08 30 FF F7 8A FC 	...L.I ..".0....
$14E0 F3 7C 19 1C 24 2B 00 D9 24 21 C9 B2 20 00 EC E7 	.|..$+..$!.. ...
$14F0 38 00 FF F7 EB FE EA E7 01 20 FA E7 01 20 FF F7 	8........ ... ..
$1500 1D FF E4 E7 0C 26 0E 49 32 00 01 A8 00 F0 E8 FA 	.....&.I2.......
$1510 B5 42 03 D9 26 72 67 72 A7 72 E7 72 0C 21 01 A8 	.B..&rgr.r.r.!..
$1520 D3 E7 C0 46 1C 06 00 20 9A 01 00 20 3B 06 00 20 	...F... ... ;.. 
$1530 14 06 00 20 00 00 3E 7F A8 01 00 20 69 1B 00 00 	... ..>.... i.56 1C 	.3#` #+p......V.
$2540 26 60 12 78 1A 70 01 33 E2 E7 C0 46 44 59 00 20 	&`.x.p.3...FDY. 
$2550 04 00 00 20 D8 03 00 20 D4 03 00 20 10 B5 00 F0 	... ... ... ....
$2560 DB FD 00 28 09 D0 08 48 00 F0 42 FF 00 28 04 D0 	...(...H..B..(..
$2570 06 4B 18 68 01 F0 4E F9 10 BD 0D 20 40 42 01 F0 	.K.h..N.... @B..
$2580 49 F9 01 F0 13 FA F7 E7 AD 03 00 20 5C 59 00 20 	I.......... \Y. 
$2590 F8 B5 FF F7 E3 FF 3D 4B 1B 78 5B B2 00 2B 14 D1 	......=K.x[..+..
$25A0 3B 4B 3C 4D 1B 78 00 2B 03 D0 28 00 3A 49 02 F0 	;K F0 D6 F9 28 00 02 F0 DD F9 F8 BD 34 49 28 00 	....(.......4I(.
$25D0 02 F0 CE F9 21 00 10 22 28 00 02 F0 40 FA 28 00 	....!.."(...@.(.
$25E0 30 49 02 F0 C5 F9 30 49 28 00 02 F0 C1 F9 10 22 	0I....0I(......"
$25F0 21 00 28 00 02 F0 33 FA 2C 4E 28 00 31 00 02 F0 	!.(...3.,N(.1...
$2600 B7 F9 10 22 21 68 28 00 02 F0 F6 F9 31 00 26 00 	..."!h(.....1.&.
$2610 28 00 02 F0 AD F9 20 68 00 F0 62 FB 08 CE 05 2B 	(..... h..b....+
$2620 0B DC 03 2B 22 DC 01 27 02 2B 20 D0 00 27 08 CC 	...+"..'.+ ..'..
$2630 01 2B D8 D1 00 2F D6 D1 C4 E7 0D 3B 00 27 01 2B 	.+.../.....;.'.+
$2640 F5 D8 28 00 1A 49 02 F0 93 F9 34 00 28 00 21 78 	..(..I....4.(.!x
$2650 01 36 02 F0 91 F9 37 78 00 2F F6 D1 28 00 15 49 	.6....7x./..(..I
$2660 02 F0 86 F9 03 23 04 34 9C 43 E0 E7 00 27 12 49 	.....#.4.C...'.I
$2670 28 00 02 F0 7D F9 61 68 0A 22 28 00 02 F0 BC F9 	(...}.ah."(.....
$2680 28 00 0E 49 02 F0 74 F9 34 00 D0 E7 DC 03 00 20 	(..I..t.4...... 
$2690 60 59 00 20 94 5E 00 20 05 B7 00 00 10 B7 00 00 	`Y. .^. ........
$26A0 1F B7 00 00 36 B7 00 00 45 B7 00 00 4B B7 00 00 	....6...E...K...
$26B0 7E B7 00 00 49 B7 00 00 1F BA 00 00 BD BC 00 00 	~...I...........
$26C0 10 B5 01 F0 D9 F8 04 00 01 F0 D6 F8 01 00 20 00 	.............. .
$26D0 02 F0 88 F8 10 BD 10 B5 01 F0 CE F8 04 00 01 F0 	................
$26E0 CB F8 01 00 20 00 02 F0 4D F8 10 BD 10 B5 01 F0 	.... ...M.......
$26F0 C3 F8 02 F0 A3 F8 01 F0 8D F8 10 BD 20 22 03 4B 	............ ".K
$2700 84 33 1A 70 02 4B 84 33 1A 70 70 47 64 59 00 20 	.3.p.K.3.ppGdY. 
$2710 EC 59 00 20 02 20 10 B5 40 42 01 F0 7B F8 04 4A 	.Y. . ..@B..{..J
$2720 13 68 18 1D 10 60 08 22 1A 60 01 F0 73 F8 10 BD 	.h...`.".`..s...
$2730 44 59 00 20 10 B5 10 4C 23 68 1A 1D 22 60 09 22 	DY. ...L#h.."`."
$2740 1A 60 01 F0 99 F8 22 68 13 1D 23 60 10 60 02 68 	.`...."h..#`.`.h
$2750 04 30 0A 2A 03 D1 02 68 00 2A 00 D1 03 60 83 42 	.0.*...h.*...`.B
$2760 F5 D1 01 F0 89 F8 83 1C 05 D0 16 20 40 42 01 F0 	........... @B..
$2770 51 F8 01 F0 1B F9 10 BD 44 59 00 20 F0 B5 85 B0 	Q.......DY. ....
$2780 01 F0 7A F8 05 00 01 F0 77 F8 AD 00 43 19 04 00 	..z.....w...C...
$2790 02 93 0F 23 9C 43 23 00 10 33 01 93 02 9B 9C 42 	...#.C#..3.....B
$27A0 4D D2 28 4D 28 49 28 00 02 F0 E2 F8 0F 2C 03 D8 	M.(M(I(......,..
$27B0 28 00 26 49 02 F0 DC F8 FF 2C 03 D8 28 00 23 49 	(.&I.....,..(.#I
$27C0 02 F0 D6 F8 10 22 21 00 28 00 03 94 02 F0 47 F9 	....."!.(.....G.
$27D0 28 00 1F 49 02 F0 CC F8 26 00 33 78 19 4D 0F 2B 	(..I....&.3x.M.+
$27E0 03 D8 28 00 19 49 02 F0 C3 F8 31 78 10 22 C9 B2 	..(..I....1x."..
$27F0 28 00 02 F0 30 F9 28 00 15 49 02 F0 B9 F8 01 9B 	(...0.(..I......
$2800 77 1C 9F 42 15 D1 28 00 12 49 02 F0 B1 F8 23 78 	w..B..(..I....#x
$2810 0C 48 7E 2B 0F D8 23 78 1F 2B 0C D9 21 78 C9 B2 	.H~+..#x.+..!x..
$2820 02 F0 AA F8 01 34 A7 42 F1 D1 03 9C 01 9B 10 34 	.....4.B.......4
$2830 B2 E7 3E 00 D1 E7 08 49 02 F0 9A F8 F2 E7 05 B0 	..>....I........
$2840 F0 BD C0 46 94 5E 00 20 45 B7 00 00 94 B7 00 00 	...F.^. E.......
$2850 7E B7 00 00 8D B7 00 00 E5 B8 00 00 10 B5 04 4C 	~..............L
$2860 20 00 02 F0 8F F8 20 00 02 49 02 F0 81 F8 10 BD 	 ..... ..I......
$2870 94 5E 00 20 96 B7 00 00 10 B5 05 48 00 F0 CA FF 	.^. .......H....
$2880 00 F0 63 F8 50 20 00 F0 C5 FF FF F7 77 FF 10 BD 	..c.P ......w...
$2890 30 1D 00 00 10 B5 00 F0 EF FF 04 00 00 F0 EC FF 	0...............
$28A0 20 18 00 F0 B7 FF 10 BD 10 B5 00 F0 E5 FF 04 00 	 ...............
$28B0 00 F0 E2 FF 00 1B 00 F0 AD FF 10 BD 10 B5 00 F0 	................
$28C0 DB FF 04 00 00 F0 D8 FF 60 43 00 F0 A3 FF 10 BD 	........`C......
$28D0 10 B5 00 F0 D1 FF 04 1E 07 D0 00 F0 CD FF 21 00 	..............!.
$28E0 03 F0 F0 FE 00 F0 96 FF 10 BD 0A 20 40 42 00 F0 	........... @B..
$28F0 91 FF 01 F0 5B F8 F7 E7 10 B5 00 F0 BD FF 40 42 	....[.........@B
$2900 00 F0 88 FF 10 BD 10 B5 00 F0 B6 FF C3 17 C0 18 	................
$2910 58 40 00 F0 7F FF 10 BD 10 B5 00 F0 AD FF 04 00 	X@..............
$2920 00 F0 AA FF 84 42 02 DA 00 F0 74 FF 10 BD 20 00 	..... 7B 80 68 	.Z. .......{[{.h
$3D10 99 42 06 D1 D3 1C 9B 10 9A 18 00 21 04 F0 87 FC 	.B.........!....
$3D20 10 BD 03 23 5A 43 F8 E7 70 B5 04 00 80 68 0D 00 	...#ZC..p....h..
$3D30 04 F0 6A FC 22 7B 63 7B 9A 42 0D D1 E8 1C 80 10 	..j."{c{.B......
$3D40 28 18 80 B2 04 F0 56 FC A0 60 00 28 07 D0 20 00 	(.....V..`.(.. .
$3D50 25 80 FF F7 D7 FF 70 BD 03 20 68 43 F1 E7 20 80 	%.....p.. hC.. .
$3D60 F9 E7 10 B5 04 00 02 A8 00 78 E3 70 00 23 A2 70 	.........x.p.#.p
$3D70 02 00 23 71 A3 60 03 33 1A 40 22 73 82 10 00 11 	..#q.`.3.@"s....
$3D80 18 40 1A 40 A0 73 62 73 20 00 FF F7 CD FF 20 00 	.@.@.sbs ..... .
$3D90 10 BD 10 B5 04 00 C0 68 04 F0 36 FC 06 23 E0 5E 	.......h..6..#.^
$3DA0 00 28 02 DB 00 21 00 F0 ED FC 20 00 10 BD 10 B5 	.(...!.... .....
$3DB0 04 00 06 23 C0 5E 00 28 07 DB 01 21 00 F0 E2 FC 	...#.^.(...!....
$3DC0 00 21 06 23 E0 5E 00 F0 0D FD 01 23 63 70 10 BD 	.!.#.^.....#cp..
$3DD0 70 B5 05 00 C0 68 0E 00 04 F0 16 FC 2B 7C EC 7C 	p....h......+|.|
$3DE0 E4 1A 63 1E 9C 41 03 34 74 43 A4 B2 20 00 AC 80 	..c..A.4tC.. ...
$3DF0 04 F0 00 FC E8 60 00 28 05 D0 22 00 00 21 04 F0 	.....`.(.."..!..
$3E00 16 FC 6E 80 70 BD A8 80 68 80 FB E7 03 22 F8 B5 	..n.p...h...."..
$3E10 8B 11 0D 11 8E 10 16 40 13 40 15 40 0A 40 46 74 	.......@.@.@.@Ft
$3E20 82 74 00 26 FF 22 8A 42 76 41 C2 68 C4 7C 07 7C 	.t.&.".BvA.h.|.|
$3E30 C3 74 05 74 06 70 00 2A 0A D0 E2 1B 5B 1B 51 42 	.t.t.p.*....[.QB
$3E40 4A 41 59 42 4B 41 9A 42 02 D0 41 88 FF F7 C0 FF 	JAYBKA.B..A.....
$3E50 F8 BD 00 00 F8 B5 C3 68 04 00 00 2B 00 D1 EB E0 	.......h...+....
$3E60 96 25 6D 00 00 F0 D6 FA 63 69 C0 1A A8 42 F9 D3 	.%m.....ci...B..
$3E70 72 B6 06 22 A3 5E 18 22 01 20 53 43 6F 4F A6 88 	r..".^.". SCoO..
$3E80 FA 18 52 68 DB 5D 90 40 E2 68 DB 01 15 78 96 19 	..Rh.].@.h...x..
$3E90 51 1C 6B 4A 9F 18 6B 4A 9B 18 22 78 00 2A 00 D0 	Q.kJ..kJ.."x.*..
$3EA0 58 E0 80 32 94 46 38 60 C0 46 C0 46 C0 46 C0 46 	X..2.F8`.F.F.F.F
$3EB0 C0 46 C0 46 C0 46 C0 46 C0 46 C0 46 C0 46 2A 42 	.F.F.F.F.F.F.F*B
$3EC0 00 D1 92 E0 C0 46 C0 46 C0 46 C0 46 C0 46 C0 46 	.....F.F.F.F.F.F
$3ED0 C0 46 C0 46 C0 46 C0 46 C0 46 C0 46 C0 46 C0 46 	.F.F.F.F.F.F.F.F
$3EE0 C0 46 C0 46 C0 46 C0 46 C0 46 C0 46 C0 46 C0 46 	.F.F.F.F.F.F.F.F
$3EF0 C0 46 C0 46 C0 46 C0 46 C0 46 18 60 C0 46 C0 46 	.F.F.F.F.F.`.F.F
$3F00 C0 46 C0 46 C0 46 C0 46 C0 46 C0 46 C0 46 C0 46 	.F.F.F.F.F.F.F.F
$3F10 C0 46 C0 46 C0 46 C0 46 C0 46 C0 46 C0 46 C0 46 	.F.F.F.F.F.F.F.F
$3F20 C0 46 C0 46 C0 46 C0 46 C0 46 C0 46 C0 46 C0 46 	.F.F.F.F.F.F.F.F
$3F30 C0 46 C0 46 C0 46 C0 46 C0 46 C0 46 52 10 00 D1 	.F.F.F.F.F.FR...
$3F40 70 E0 D2 B2 C0 46 C0 46 C0 46 C0 46 C0 46 C0 46 	p....F.F.F.F.F.F
$3F50 C0 46 A8 E7 80 22 94 46 38 60 C0 46 C0 46 C0 46 	.F...".F8`.F.F.F
$3F60 C0 46 C0 46 C0 46 C0 46 C0 46 2A 42 21 D0 C0 46 	.F.F.F.F.F*B!..F
$3F70 C0 46 C0 46 C0 46 C0 46 C0 46 C0 46 C0 46 C0 46 	.F.F.F.F.F.F.F.F
$3F80 C0 46 C0 46 C0 46 C0 46 C0 46 C0 46 C0 46 C0 46 	.F.F.F.F.F.F.F.F
$3F90 C0 46 C0 46 C0 46 18 60 52 10 20 D0 D2 B2 C0 46 	.F.F.F.`R. ....F
$3FA0 C0 46 C0 46 C0 46 C0 46 C0 46 C0 46 C0 46 C0 46 	.F.F.F.F.F.F.F.F
$3FB0 D2 E7 18 60 C0 46 C0 46 C0 46 C0 46 C0 46 C0 46 	...`.F.F.F.F.F.F
$3FC0 C0 46 C0 46 C0 46 C0 46 C0 46 C0 46 C0 46 C0 46 	.F.F.F.F.F.F.F.F
$3FD0 C0 46 C0 46 C0 46 C0 46 C0 46 C0 46 DC E7 B1 42 	.F.F.F.F.F.F...B
$3FE0 26 D2 0D 78 62 46 01 31 B6 E7 18 60 C0 46 C0 46 	&..xbF.1...`.F.F
$3FF0 C0 46 C0 46 C0 46 C0 46 C0 46 C0 46 C0 46 C0 46 	.F.F.F.F.F.F.F.F
$4000 C0 46 C0 46 C0 46 C0 46 C0 46 C0 46 C0 46 C0 46 	.F.F.F.F.F.F.F.F
$4010 C0 46 C0 46 C0 46 C0 46 C0 46 C0 46 C0 46 C0 46 	.F.F.F.F.F.F.F.F
$4020 C0 46 6B E7 B1 42 03 D2 0D 78 62 46 01 31 3A E7 	.Fk..B...xbF.1:.
$4030 62 B6 00 F0 EF F9 60 61 F8 BD C0 46 14 BD 00 00 	b.....`a...F....
$4040 18 44 00 41 14 44 00 41 70 B5 43 78 04 00 0D 00 	.D.A.D.Ap.Cx....
$4050 00 2B 06 D0 06 23 C0 5E 00 28 02 DB 00 21 00 F0 	.+...#.^.(...!..
$4060 91 FB 63 78 E5 80 00 2B 07 D0 01 21 28 00 00 F0 	..cx...+...!(...
$4070 89 FB 00 21 28 00 00 F0 B5 FB 70 BD 70 B5 04 00 	...!(.....p.p...
$4080 00 20 0E 00 15 00 19 00 60 70 20 72 E0 60 60 61 	. ......`p r.``a
$4090 20 00 FF F7 BB FE 31 00 20 00 FF F7 99 FE 29 00 	 .....1. .....).
$40A0 20 00 FF F7 D1 FF 20 00 70 BD 43 88 F7 B5 8B 42 	 ..... .p.C....B
$40B0 19 D9 03 7A 15 0C 14 0A 00 2B 15 D1 E4 B2 ED B2 	...z.....+......
$40C0 01 94 D6 B2 B4 46 04 7C C6 7C C7 68 B4 42 17 D1 	.....F.|.|.h.B..
$40D0 03 23 59 43 7F 18 03 7C 01 9A FD 54 43 7C FA 54 	.#YC...|...TC|.T
$40E0 62 46 83 7C FA 54 F7 BD FF 26 34 40 35 40 5C 43 	bF.|.T...&4@5@\C
$40F0 16 40 5D 43 5E 43 24 0A 2D 0A 01 94 36 0 05 B0 	:..I5p ...p.. ..
$5AB0 F0 BD C0 46 5C 62 00 20 09 02 00 00 5D 63 00 20 	...F\b. ....]c. 
$5AC0 5E 63 00 20 5D 62 00 20 F0 B5 CF 78 05 00 0E 00 	^c. ]b. ...x....
$5AD0 93 B0 02 2F 09 D1 C9 88 2B 48 FF F7 B5 FF 44 1E 	.../....+H....D.
$5AE0 A0 41 C4 B2 20 00 13 B0 F0 BD 00 F0 F5 FC 31 00 	.A.. .........1.
$5AF0 00 F0 D2 FC 00 28 03 D0 C4 17 24 1A E4 0F F1 E7 	.....(....$.....
$5B00 01 2F 0B D1 F2 88 21 49 11 2A 11 D8 D2 B2 00 2A 	./....!I.*.....*
$5B10 0E D0 28 00 FF F7 3A FF 01 24 E3 E7 04 00 03 2F 	..(...:..$...../
$5B20 E0 D1 B3 78 00 2B 05 D1 F2 88 19 49 03 2A ED D9 	...x.+.....I.*..
$5B30 0A 78 EE E7 02 2B 06 D1 B2 79 16 49 28 00 FF F7 	.x...+...y.I(...
$5B40 4F FF 04 00 CE E7 01 2B 02 D1 B2 79 12 49 F5 E7 	O......+...y.I..
$5B50 03 2B C7 D1 11 4B 01 A9 18 68 FF F7 D4 F9 10 4B 	.+...K...h.....K
$5B60 03 A9 18 68 FF F7 CF F9 0E 4B 05 A9 18 68 FF F7 	...h.....K...h..
$5B70 CA F9 0D 4B 07 A9 18 68 FF F7 C5 F9 6B 46 05 33 	...K...h....kF.3
$5B80 DC 77 B2 79 01 A9 D9 E7 B0 5E 00 20 B1 C1 00 00 	.w.y.....^. ....
$5B90 A4 C1 00 00 90 C1 00 00 A8 C1 00 00 0C A0 80 00 	................
$5BA0 40 A0 80 00 44 A0 80 00 48 A0 80 00 37 B5 05 00 	@...D...H...7...
$5BB0 48 78 0C 00 0B 28 10 D8 00 F0 F0 FC 06 1B 0F 31 	Hx...(.........1
$5BC0 0F 48 4D 75 51 54 6E 71 09 78 01 AA 00 29 06 D1 	.HMuQTnq.x...)..
$5BD0 02 23 11 80 28 00 FF F7 B5 FE 01 20 3E BD 00 23 	.#..(...... >..#
$5BE0 13 80 32 4B 1B 78 01 2B 00 D1 13 70 02 23 00 21 	..2K.x.+...p.#.!
$5BF0 F0 E7 8A 78 00 23 01 2A 09 D1 6A 46 93 80 2C 4B 	...x.#.*..jF..,K
$5C00 1B 78 01 2B 00 D1 13 71 02 23 01 AA EF E7 27 4A 	.x.+...q.#....'J
$5C10 13 70 28 4A 93 69 9B 0B 9B 03 93 61 DD E7 8C 78 	.p(J.i.....a...x
$5C20 01 2C 07 D1 22 4B 01 AA 1C 70 23 4B 1B 78 13 70 	.,.."K...p#K.x.p
$5C30 23 00 DC E7 00 20 84 42 D0 D1 1C 4B 01 30 1D 4A 	#.... .B...K.0.J
$5C40 18 70 93 69 9B 0B 9B 03 93 61 C7 E7 28 00 89 78 	.p.i.....a..(..x
$5C50 FF F7 16 FC C1 E7 28 00 FF F7 36 FF BE E7 01 23 	......(...6....#
$5C60 16 4A C4 E7 0B 78 00 20 DB 06 B7 D1 28 00 FF F7 	.J...x. ....(...
$5C70 C1 FC 2A 20 02 21 A2 78 10 4B FF 30 1A 60 0D 4A 	..* .!.x.K.0.`.J
$5C80 13 68 1C 5C 21 43 4A 24 19 54 FF 34 19 5D 29 38 	.h.\!CJ$.T.4.])8
$5C90 FF 38 01 43 19 55 D4 E7 01 23 09 4A A7 E7 8A 78 	.8.C.U...#.J...x
$5CA0 07 4B 1A 60 B5 E7 00 20 98 E7 C0 46 D2 5E 00 20 	.K.`... ...F.^. 
$5CB0 DA 5E 00 20 68 63 00 20 E0 B8 00 00 60 63 00 20 	.^. hc. ....`c. 
$5CC0 64 63 00 20 4B 4B F7 B5 1C 78 07 00 00 2C 00 D0 	dc. KK...x...,..
$5CD0 83 E0 49 4E 33 68 9B 8B 1B 07 0E D5 21 00 20 00 	..IN3h......!. .
$5CE0 FF F7 38 F9 32 68 10 23 11 00 FF 31 88 7A 03 43 	..8.2h.#...1.z.C
$5CF0 8B 72 42 4B 1C 60 08 23 93 83 33 68 9A 8B 52 07 	.rBK.`.#..3h..R.
$5D00 1F D5 04 22 9A 83 3E 4A 13 78 00 2B 0A D0 13 78 	..."..>J.x.+...x
$5D10 01 3B DB B2 13 70 13 78 00 2B 03 D1 01 21 20 20 	.;...p.x.+...!  
$5D20 FE F7 60 FD 37 4A 13 78 00 2B 0A D0 13 78 01 3B 	..`.7J.x.+...x.;
$5D30 DB B2 13 70 13 78 00 2B 03 D1 01 21 1F 20 FE F7 	...p.x.+...!. ..
$5D40 51 FD 33 68 FF 33 1A 7A D2 06 1E D5 10 22 1A 72 	Q.3h.3.z.....".r
$5D50 59 79 30 32 0A 43 5A 71 60 23 2B 49 38 00 0A 78 	Yy02.CZq`#+I8..x
$5D60 1A 42 3B D1 FF F7 22 FF 33 68 FF 33 00 28 38 D0 	.B;...".3h.3.(8.
$5D70 80 22 99 79 52 42 0A 43 9A 71 1A 7A 52 06 04 D5 	.".yRB.C.q.zR...
$5D80 40 22 1A 72 59 7A 0A 43 5A 72 33 68 00 24 1D 8C 	@".rYz.CZr3h.$..
$5D90 01 23 9D 43 ED B2 01 93 E1 B2 00 2D 1D D0 2B 00 	.#.C.......-..+.
$5DA0 23 41 01 9A 13 42 15 D0 23 00 32 68 08 33 5B 01 	#A...B..#.2h.3[.
$5DB0 D3 18 DA 79 D2 07 02 D4 DB 79 9B 07 07 D5 13 4B 	...y.....y.....K
$5DC0 A2 00 D0 58 00 28 10 D0 03 68 1B 68 98 47 01 9B 	...X.(...h.h.G..
$5DD0 A3 40 9D 43 01 34 09 2C DE D1 F7 BD FF F7 72 FB 	.@.C.4.,......r.
$5DE0 C2 E7 20 21 0A 4A 91 71 C7 E7 38 00 FF F7 94 FA 	.. !.J.q..8.....

$5DF0 ED E7 C0 46 5D 63 00 20 68 63 00 20 60 63 00 20 	...F]c. hc. `c. 
$5E00 D1 5E 00 20 D0 5E 00 20 9C 60 00 20 B4 5E 00 20 	.^. .^. .`. .^. 
$5E10 FF 50 00 41 10 B5 02 48 FF F7 54 FF 10 BD C0 46 	.P.A...H..T....F
$5E20 B0 5E 00 20 01 4B 02 4A 1A 60 70 47 68 63 00 20 	.^. .K.J.`pGhc. 
$5E30 00 50 00 41 01 20 70 47 10 B5 03 68 01 4A 1B 6A 	.P.A. pG...h.J.j
$5E40 98 47 10 BD 13 04 00 00 03 00 FC 33 D9 6F 9A 6F 	.G.........3.o.o
$5E50 91 42 03 D0 DB 6F C0 18 00 7D 70 47 01 20 40 42 	.B...o...}pG. @B
$5E60 FB E7 10 B5 04 00 00 69 FE F7 78 FE 22 00 00 23 	.......i..x."..#
$5E70 FC 32 93 67 D3 67 9E 22 92 00 A4 18 63 66 A3 66 	.2.g.g."....cf.f
$	GD.Fv..B.AGD@B=.
$7AA0 A8 46 93 46 49 42 8A 46 C3 44 9F 42 BF 41 80 45 	.F.FIB.F.D.B.A.E
$7AB0 80 41 03 9B DA 44 98 46 53 46 40 42 7F 42 07 43 	.A...D.FSF@B.B.C
$7AC0 24 0C 93 45 92 41 8A 45 89 41 3F 19 DC 0D 04 9B 	$..E.A.E.A?.....

$7AD0 75 02 1D 43 68 1E 85 41 53 46 52 42 49 42 0A 43 	u..Ch..ASFRBIB.C
$7AE0 BF 18 47 44 F6 0D 7F 02 35 43 5A 02 3C 43 15 43 	..GD....5CZ.56 DD 6B 07 09 D0 	.Cd.&IaD.)V.k...
$7B10 0F 22 2A 40 04 2A 05 D0 2A 1D AA 42 AD 41 6D 42 	."*@.*..*..B.AmB
$7B20 64 19 15 00 E3 01 04 D5 80 21 1E 4A C9 00 14 40 	d........!.J...@
$7B30 61 44 1D 4A 91 42 00 DD 24 E7 62 07 ED 08 64 02 	aD.J.B..$.b...d.
$7B40 49 05 15 43 24 0B 4A 0D C6 E6 01 97 B8 E6 10 4A 	I..C$.J........J
$7B50 03 20 94 46 63 44 4A 46 00 93 03 23 1A 43 91 46 	. .FcDJF...#.C.F
$7B60 52 46 8A E6 49 46 01 23 19 43 89 46 00 26 01 20 	RF..IF.#.C.F.&. 
$7B70 83 E6 0C 22 00 93 03 23 05 00 91 46 9B 46 5E E6 	..."...#...F.F^.
$7B80 04 23 99 46 00 23 00 93 01 33 00 24 9B 46 56 E6 	.#.F.#...3.$.FV.
$7B90 FF 07 00 00 01 FC FF FF 38 C2 00 00 0D FC FF FF 	........8.......
$7BA0 FF 03 00 00 FF FF FF FE FE 07 00 00 00 23 80 24 	.............#.$
$7BB0 00 25 44 4A 01 93 24 03 8E E6 01 20 40 1A 38 28 	.%DJ..$.... @.8(
$7BC0 00 DD 86 E6 1F 28 5B DD 1F 22 23 00 52 42 51 1A 	.....([.."#.RBQ.
$7BD0 CB 40 19 00 20 28 03 D0 3B 4A 62 44 94 40 25 43 	.@.. (..;JbD.@%C
$7BE0 6A 1E 95 41 2A 00 0A 43 07 21 0D 00 00 24 15 40 	j..A*..C.!...$.@
$7BF0 11 42 5B D0 0F 21 00 24 11 40 04 29 53 D0 11 1D 	.B[..!.$.@.)S...
$7C00 91 42 92 41 52 42 A4 18 0A 00 23 02 4B D5 01 22 	.B.ARB....#.K.."
$7C10 00 24 00 25 60 E6 80 23 1B 03 1C 42 09 D0 1E 42 	.$.%`..#...B...B
$7C20 07 D1 33 43 1C 03 43 46 15 00 24 0B 25 4A 01 93 	..3C..CF..$.%J..
$7C30 52 E6 80 22 12 03 14 43 24 03 22 4A 24 0B 01 97 	R.."...C$."J$...
$7C40 4A E6 00 F0 51 FC 03 00 1A 00 15 32 20 30 1C 2A 	J...Q......2 0.*
$7C50 00 DC 84 E6 56 46 08 3B 00 22 9E 40 89 E6 00 F0 	....VF.;.".@....
$7C60 43 FC 01 00 02 00 15 31 20 32 1C 29 00 DC 4E E6 	C......1 2.)..N.
$7C70 34 00 08 38 00 25 84 40 53 E6 00 9B 9C 46 41 E7 	4..8.%.@S....FA.
$7C80 12 49 22 00 61 44 2E 00 8D 40 8A 40 C6 40 69 1E 	.I".aD...@.@.@i.
$7C90 8D 41 32 43 2A 43 C4 40 53 07 B6 D0 0F 21 11 40 	.A2C*C.@S....!.@
$7CA0 04 29 AC D1 B1 E7 65 07 64 02 24 0B D2 08 15 43 	.)....e.d.$....C
$7CB0 00 22 11 E6 80 22 12 03 14 43 24 03 01 4A 24 0B 	."..."...C$..J$.
$7CC0 0A E6 C0 46 FF 07 00 00 3E 04 00 00 1E 04 00 00 	...F....>.......
$7CD0 F8 B5 57 46 4E 46 45 46 DE 46 04 00 E0 B5 1F 00 	..WFNFEF.F......
$7CE0 10 00 0B 03 62 0F 4E 00 CD 0F 5B 0A 39 03 13 43 	....b.N...[.9..C
$7CF0 49 0A E2 00 44 0F 21 43 C2 4C 91 46 92 46 C0 00 	I...D.!C.L.F.F..
$7D00 7A 00 80 46 76 0D 52 0D FF 0F A2 42 00 D1 B4 E0 	z..Fv.R....B....
$7D10 01 24 67 40 BB 46 BD 42 00 D1 88 E0 B4 1A A4 46 	.$g@.F.B.......F
$7D20 00 2C 00 DC B2 E0 00 2A 00 D1 C5 E0 B5 4A 96 42 	.,.....*.....J.B
$7D30 00 D1 8B E2 80 22 12 04 11 43 62 46 38 2A 00 DD 	....."...CbF8*..
$7D40 A1 E1 1F 2A 00 DD 16 E2 20 27 0C 00 BF 1A BC 40 	...*.... '.....@
$7D50 02 00 A0 46 64 46 B8 40 E2 40 44 46 14 43 02 00 	...FdF.@.@DF.C..
$7D60 50 1E 82 41 60 46 C1 40 22 43 5B 1A 49 46 8C 1A 	P..A`F.@"C[.IF..
$7D70 A1 45 92 41 52 42 9B 1A 98 46 43 46 1B 02 00 D4 	.E.ARB...FCF....
$7D80 17 E1 43 46 5B 02 5B 0A 98 46 43 46 00 2B 00 D1 	..CF[.[..FCF.+..
$7D90 6C E1 40 46 00 F0 A8 FB 02 00 08 3A 20 21 20 00 	l.@F.......: ! .
$7DA0 43 46 89 1A 93 40 C8 40 94 40 03 43 96 42 00 DD 	CF...@.@.@.C.B..
$7DB0 57 E1 96 1B 71 1C 1F 29 00 DD CB E1 20 22 18 00 	W...q..).... "..
$7DC0 26 00 52 1A 94 40 90 40 CE 40 CB 40 62 1E 94 41 	&.R..@.@.@.@b..A
$7DD0 30 43 98 46 00 26 04 43 63 07 09 D0 0F 23 23 40 	0C.F.&.Cc....##@
$7DE0 04 2B 05 D0 23 1D A3 42 A4 41 64 42 A0 44 1C 00 	.+..#..B.AdB.D..
$7DF0 43 46 1B 02 00 D4 DF E0 82 4B 01 36 9E 42 00 D1 	CF.......K.6.B..
$7E00 FB E0 42 46 80 4B E4 08 1A 40 13 00 71 05 52 07 	..BF.K...@..q.R.
$7E10 5B 02 22 43 1B 0B 49 0D 09 05 ED 07 19 43 29 43 	[."C..I......C)C
$7E20 10 00 3C BC 90 46 99 46 A2 46 AB 46 F8 BD B4 1A 	..<..F.F.F.F....
$7E30 A4 46 00 2C 58 DD 00 2A 00 D1 9E E0 71 4A 96 42 	.F.,X..*....qJ.B
$7E40 00 D1 3B E1 80 22 12 04 11 43 62 46 38 2A 00 DD 	..;.."...CbF8*..
$7E50 C1 E0 1F 2A 00 DC BB E1 0C 00 20 3A D4 40 22 00 	...*...... :.@".
$7E60 64 46 20 2C 04 D0 40 27 3F 1B B9 40 08 43 80 46 	dF ,..@'?..@.C.F
$7E70 44 46 61 1E 8C 	.*....o...o....+
$A290 B6 DC 24 9B 02 2B B3 DD C6 E6 C0 46 FC C3 00 00 	..$..+.....F....
$A2A0 04 C4 00 00 F7 B5 8B 89 05 00 0C 00 1A 07 5F D4 	.............._.
$A2B0 4A 68 00 2A 04 DC 0A 6C 00 2A 01 DC 00 20 FE BD 	Jh.*...l.*... ..
$A2C0 E7 6A 00 2F FA D0 00 22 80 21 2E 68 2A 60 1A 00 	.j./...".!.h*`..
$A2D0 49 01 0A 40 0B 42 34 D0 60 6D A3 89 5B 07 06 D5 	I..@.B4.`m..[...
$A2E0 63 68 C0 1A 63 6B 00 2B 01 D0 23 6C C0 1A 02 00 	ch..ck.+..#l....
$A2F0 21 6A 00 23 28 00 E7 6A B8 47 A1 89 43 1C 06 D1 	!j.#(..j.G..C...
$A300 2B 68 1D 2B 31 D8 2C 4A DA 40 D3 07 2D D5 00 23 	+h.+1.,J.@..-..#
$A310 63 60 23 69 23 60 CB 04 05 D5 43 1C 02 D1 2B 68 	c`#i#`....C...+h
$A320 00 2B 00 D1 60 65 61 6B 2E 60 00 29 C6 D0 23 00 	.+..`eak.`.)..#.
$A330 44 33 99 42 02 D0 28 00 FE F7 82 F9 00 20 60 63 	D3.B..(...... `c
$A340 BD E7 01 23 28 00 21 6A B8 47 43 1C C5 D1 2B 68 	...#(.!j.GC...+h
$A350 00 2B C2 D0 1D 2B 01 D0 16 2B 01 D1 2E 60 AD E7 	.+...+...+...`..
$A360 40 23 A2 89 13 43 A3 81 A9 E7 40 23 0B 43 FA E7 	@#...C....@#.C..
$A370 0F 69 00 2F A2 D0 0A 68 0F 60 D2 1B 01 92 00 22 	.i./...h.`....."
$A380 9B 07 00 D1 4A 69 A2 60 01 9B 00 2B 00 DC 95 E7 	....Ji.`...+....
$A390 3A 00 28 00 01 9B 21 6A A6 6A B0 47 00 28 06 DC 	:.(...!j.j.G.(..
$A3A0 40 23 01 20 A2 89 40 42 13 43 A3 81 87 E7 01 9B 	@#. ..@B.C......
$A3B0 3F 18 1B 1A 01 93 E7 E7 01 00 40 20 0B 69 70 B5 	?.........@ .ip.
$A3C0 05 00 0C 00 00 2B 02 D1 00 25 28 00 70 BD 00 28 	.....+...%(.p..(
$A3D0 04 D0 83 69 00 2B 01 D1 00 F0 92 F8 14 4B 9C 42 	...i.+.......K.B
$A3E0 1B D1 6C 68 0C 22 A3 5E 00 2B ED D0 62 6E D2 07 	..lh.".^.+..bn..
$A3F0 04 D4 9B 05 02 D4 A0 6D 00 F0 27 F9 28 00 21 00 	.......m..'.(.!.
$A400 FF F7 50 FF 63 6E 05 00 DB 07 DE D4 A3 89 9B 05 	..P.cn..........
$A410 DB D4 A0 6D 00 F0 1A F9 D7 E7 06 4B 9C 42 01 D1 	...m.......K.B..
$A420 AC 68 DF E7 04 4B 9C 42 DC D1 EC 68 DA E7 C0 46 	.h...K.B...h...F
$A430 2C C4 00 00 4C C4 00 00 0C C4 00 00 00 23 10 B5 	,...L........#..
$A440 04 00 03 60 43 60 83 60 81 81 43 66 19 00 C2 81 	...`C`.`..Cf....
$A450 03 61 43 61 83 61 08 22 5C 30 FE F7 E8 F8 05 4B 	.aCa.a."\0.....K
$A460 63 62 05 4B 24 62 A3 62 04 4B E3 62 04 4B 23 63 	cb.K$b.b.K.b.K#c
$A470 10 BD C0 46 D9 AE 00 00 01 AF 00 00 39 AF 00 00 	...F........9...
$A480 65 AF 00 00 10 B5 02 49 00 F0 BA F8 10 BD C0 46 	e......I.......F
$A490 BD A3 00 00 70 B5 68 25 4A 1E 55 43 0E 00 29 00 	....p.h%J.UC..).
$A4A0 74 31 FE F7 17 F9 04 1E 08 D0 00 21 2A 00 01 60 	t1.........!*..`
$A4B0 46 60 0C 30 A0 60 68 32 FE F7 B9 F8 20 00 70 BD 	F`.0.`h2.... .p.
$A4C0 10 B5 02 48 00 F0 C1 F8 10 BD C0 46 8C 64 00 20 	...H.......F.d. 
$A4D0 10 B5 02 48 00 F0 BA F8 10 BD C0 46 8C 64 00 20 	...H.......F.d. 
$A4E0 10 B5 02 48 00 F0 B1 F8 10 BD C0 46 87 64 00 20 	...H.......F.d. 
$A4F0 10 B5 02 48 00 F0 AA F8 10 BD C0 46 87 64 00 20 	...H.......F.d. 
$A500 13 B5 04 00 FF F7 EC FF A3 69 00 2B 02 D0 FF F7 	.........i.+....
$A510 EF FF 13 BD A3 64 E3 64 23 65 13 4B 13 4A 1B 68 	.....d.d#e.K.J.h
$A520 A2 62 01 93 A3 42 01 D1 01 23 A3 61 20 00 00 F0 	.b...B...#.a ...
$A530 1F F8 60 60 20 00 00 F0 1B F8 A0 60 20 00 00 F0 	..`` ......` ...
$A540 17 F8 00 22 04 21 E0 60 60 68 FF F7 77 FF 01 22 	...".!.``h..w.."
$A550 09 21 A0 68 FF F7 72 FF 02 22 12 21 E0 68 FF F7 	.!.h..r..".!.h..
$A560 6D FF 01 23 A3 61 D2 E7 B4 C2 00 00 85 A4 00 00 	m..#.a..........
$A570 F8 B5 07 00 FF F7 A4 FF 1F 4B 1E 68 B3 69 00 2B 	.........K.h.i.+
$A580 02 D1 30 00 FF F7 BC FF 48 36 B4 68 73 68 01 3B 	..0.....H6.hsh.;
$A590 04 D5 33 68 00 2B 22 D0 36 68 F6 E7 0C 22 A5 5E 	..3h.+".6h...".^
$A5A0 00 2D 1A D1 20 00 15 4B 58 30 E3 60 65 66 00 F0 	.-.. ..KX0.`ef..
$A5B0 4B F8 FF F7 8D FF 20 00 08 22 29 00 25 60 A5 60 	K..... ..").%`.`
$A5C0 65 60 25 61 65 61 A5 61 5C 30 FE F7 30 F8 65 63 	e`%aea.a\0..0.ec
$A5D0 A5 63 A5 64 E5 64 20 00 F8 BD 68 34 D7 E7 04 21 	.c.d.d ...h4...!
$A5E0 38 00 FF F7 57 FF 04 1E 30 60 D5 D1 FF F7 70 FF 	8...W...0`....p.
$A5F0 0C 23 3B 60 EF E7 C0 46 B4 C2 00 00 01 00 FF FF 	.#;`...F........
$A600 F7 B5 04 00 06 00 00 27 01 91 48 34 63 68 A5 68 	.......'..H4ch.h
$A610 00 93 00 9B 01 3B 00 93 04 D5 24 68 00 2C F5 D1 	.....;....$h.,..
$A620 38 00 FE BD AB 89 01 2B 08 D9 0E 22 AB 5E 01 33 	8......+...".^.3
$A630 04 D0 29 00 30 00 01 9B 98 47 07 43 68 35 E8 E7 	..).0....G.Ch5..
$A640 00 48 70 47 EC 01 00 
$C860 FF FF FF FF FF FF FF FF FF FF FF FF FF FF FF FF 	................
$C870 FF FF FF FF FF FF FF FF FF FF FF FF FF FF FF FF 	................
$C880 FF FF FF FF FF FF FF FF FF FF FF FF FF FF FF FF 	................
$C890 FF FF FF FF FF FF FF FF FF FF FF FF FF FF FF FF 	................
$C8A0 FF FF FF FF FF FF FF FF FF FF FF FF FF FF FF FF 	................
$C8B0 FF FF FF FF FF FF FF FF FF FF FF FF FF FF FF FF 	................
$C8C0 FF FF FF FF FF FF FF FF FF FF FF FF FF FF FF FF 	................
$C8D0 FF FF FF FF FF FF FF FF FF FF FF FF FF FF FF FF 	................
$C8E0 FF FF FF FF FF FF FF FF FF FF FF FF FF FF FF FF 	................
$C8F0 FF FF FF FF FF FF FF FF FF FF FF FF FF FF FF FF 	................
$C900 FF FF FF FF FF FF FF FF FF FF FF FF FF FF FF FF 	................
$C910 FF FF FF FF FF FF FF FF FF FF FF FF FF FF FF FF 	................
$C920 FF FF FF FF FF FF FF FF FF FF FF FF FF FF FF FF 	................
$C930 FF FF FF FF FF FF FF FF FF FF FF FF FF FF FF FF 	................
$C940 FF FF FF FF FF FF FF FF FF FF FF FF FF FF FF FF 	................
$C950 FF FF FF FF FF FF FF FF FF FF FF FF FF FF FF FF 	................
$C960 FF FF FF FF FF FF FF FF FF FF FF FF FF FF FF FF 	................
$C970 FF FF FF FF FF FF FF FF FF FF FF FF FF FF FF FF 	................
$C980 FF FF FF FF FF FF FF FF FF FF FF FF FF FF FF FF 	................
$C990 FF FF FF FF FF FF FF FF FF FF FF FF FF FF FF FF 	................
$C9A0 FF FF FF FF FF FF FF FF FF FF FF FF FF FF FF FF 	................
$C9B0 FF FF FF FF FF FF FF FF FF FF FF FF FF FF FF FF 	................
$C9C0 FF FF FF FF FF FF FF FF FF FF FF FF FF FF FF FF 	................
$C9D0 FF FF FF FF FF FF FF FF FF FF FF FF FF FF FF FF 	................
$C9E0 FF FF FF FF FF FF FF FF FF FF FF FF FF FF FF FF 	................
$C9F0 FF FF FF FF FF FF FF FF FF FF FF FF FF FF FF FF 	................
$CA00 FF FF FF FF FF FF FF FF FF FF FF FF FF FF FF FF 	................
$CA10 FF FF FF FF FF FF FF FF FF FF FF FF FF FF FF FF 	................
$CA20 FF FF FF FF FF FF FF FF FF FF FF FF FF FF FF FF 	................
$CA30 FF FF FF FF FF FF FF FF FF FF FF FF FF FF FF FF 	................
$CA40 FF FF FF FF FF FF FF FF FF FF FF FF FF FF FF FF 	................
$CA50 FF FF FF FF FF FF FF FF FF FF FF FF FF FF FF FF 	................
$CA60 FF FF FF FF FF FF FF FF FF FF FF FF FF FF FF FF 	................
$CA70 FF FF FF FF FF FF FF FF FF FF FF FF FF FF FF FF 	................
$CA80 FF FF FF FF FF FF FF FF FF FF FF FF FF FF FF FF 	................
$CA90 FF FF FF FF FF FF FF FF FF FF FF FF FF FF FF FF 	................
$CAA0 FF FF FF FF FF FF FF FF FF FF FF FF FF FF FF FF 	................
$CAB0 FF FF FF FF FF FF FF FF FF FF FF FF FF FF FF FF 	................
$CAC0 FF FF FF FF FF FF FF FF FF FF FF FF FF FF FF FF 	................
$CAD0 FF FF FF FF FF FF FF FF FF FF FF FF FF FF FF FF 	................
$CAE0 FF FF FF FF FF FF FF FF FF FF FF FF FF FF FF FF 	................
$CAF0 FF FF FF FF FF FF FF FF FF FF FF FF FF FF FF FF 	................
$CB00 FF FF FF FF FF FF FF FF FF FF FF FF FF FF FF FF 	................
$CB10 FF FF FF FF FF FF FF FF FF FF FF FF FF FF FF FF 	................
$CB20 FF FF FF FF FF FF FF FF FF FF FF FF FF FF FF FF 	................
$CB30 FF FF FF FF FF FF FF FF FF FF FF FF FF FF FF FF 	................
$CB40 FF FF FF FF FF FF FF FF FF FF FF FF FF FF FF FF 	................
$CB50 FF FF FF FF FF FF FF FF FF FF FF FF FF FF FF FF 	................
$CB60 FF FF FF FF FF FF FF FF FF FF FF FF FF FF FF FF 	................
$CB70 FF FF FF FF FF FF FF FF FF FF FF FF FF FF FF FF 	................
$CB80 FF FF FF FF FF FF FF FF FF FF FF FF FF FF FF FF 	................
$CB90 FF FF FF FF FF FF FF FF FF FF FF FF FF FF FF FF 	................
$CBA0 FF FF FF FF FF FF FF FF FF FF FF FF FF FF FF FF 	................
$CBB0 FF FF FF FF FF FF FF FF FF FF FF FF FF FF FF FF 	................
$CBC0 FF FF FF FF FF FF FF FF FF FF FF FF FF FF FF FF 	................
$CBD0 FF FF FF FF FF FF FF FF FF FF FF FF FF FF FF FF 	................
$CBE0 FF FF FF FF FF FF FF FF FF FF FF FF FF FF FF FF 	................
$CBF0 FF FF FF FF FF FF FF FF FF FF FF FF FF FF FF FF 	................
$CC00 FF FF FF FF FF FF FF FF FF FF FF FF FF FF FF FF 	................
$CC10 FF FF FF FF FF FF FF FF FF FF  FF FF 	................
$F930 FF FF FF FF FF FF FF FF FF FF FF FF FF FF FF FF 	................
$F940 FF FF FF FF FF FF FF FF FF FF FF FF FF FF FF FF 	................
$F950 FF FF FF FF FF FF FF FF FF FF FF FF FF FF FF FF 	................
$F960 FF FF FF FF FF FF FF FF FF FF FF FF FF FF FF FF 	................
$F970 FF FF FF FF FF FF FF FF FF FF FF FF FF FF FF FF 	................
$F980 FF FF FF FF FF FF FF FF FF FF FF FF FF FF FF FF 	................
$F990 FF FF FF FF FF FF FF FF FF FF FF FF FF FF FF FF 	................
$F9A0 FF FF FF FF FF FF FF FF FF FF FF FF FF FF FF FF 	................
$F9B0 FF FF FF FF FF FF FF FF FF FF FF FF FF FF FF FF 	................
$F9C0 FF FF FF FF FF FF FF FF FF FF FF FF FF FF FF FF 	................
$F9D0 FF FF FF FF FF FF FF FF FF FF FF FF FF FF FF FF 	................
$F9E0 FF FF FF FF FF FF FF FF FF FF FF FF FF FF FF FF 	................
$F9F0 FF FF FF FF FF FF FF FF FF FF FF FF FF FF FF FF 	................
$FA00 FF FF FF FF FF FF FF FF FF FF FF FF FF FF FF FF 	................
$FA10 FF FF FF FF FF FF FF FF FF FF FF FF FF FF FF FF 	................
$FA20 FF FF FF FF FF FF FF FF FF FF FF FF FF FF FF FF 	................
$FA30 FF FF FF FF FF FF FF FF FF FF FF FF FF FF FF FF 	................
$FA40 FF FF FF FF FF FF FF FF FF FF FF FF FF FF FF FF 	................
$FA50 FF FF FF FF FF FF FF FF FF FF FF FF FF FF FF FF 	................
$FA60 FF FF FF FF FF FF FF FF FF FF FF FF FF FF FF FF 	................
$FA70 FF FF FF FF FF FF FF FF FF FF FF FF FF FF FF FF 	................
$FA80 FF FF FF FF FF FF FF FF FF FF FF FF FF FF FF FF 	................
$FA90 FF FF FF FF FF FF FF FF FF FF FF FF FF FF FF FF 	................
$FAA0 FF FF FF FF FF FF FF FF FF FF FF FF FF FF FF FF 	................
$FAB0 FF FF FF FF FF FF FF FF FF FF FF FF FF FF FF FF 	................
$FAC0 FF FF FF FF FF FF FF FF FF FF FF FF FF FF FF FF 	................
$FAD0 FF FF FF FF FF FF FF FF FF FF FF FF FF FF FF FF 	................
$FAE0 FF FF FF FF FF FF FF FF FF FF FF FF FF FF FF FF 	................
$FAF0 FF FF FF FF FF FF FF FF FF FF FF FF FF FF FF FF 	................
$FB00 FF FF FF FF FF FF FF FF FF FF FF FF FF FF FF FF 	................
$FB10 FF FF FF FF FF FF FF FF FF FF FF FF FF FF FF FF 	................
$FB20 FF FF FF FF FF FF FF FF FF FF FF FF FF FF FF FF 	................
$FB30 FF FF FF FF FF FF FF FF FF FF FF FF FF FF FF FF 	................
$FB40 FF FF FF FF FF FF FF FF FF FF FF FF FF FF FF FF 	................
$FB50 FF FF FF FF FF FF FF FF FF FF FF FF FF FF FF FF 	................
$FB60 FF FF FF FF FF FF FF FF FF FF FF FF FF FF FF FF 	................
$FB70 FF FF FF FF FF FF FF FF FF FF FF FF FF FF FF FF 	................
$FB80 FF FF FF FF FF FF FF FF FF FF FF FF FF FF FF FF 	................
$FB90 FF FF FF FF FF FF FF FF FF FF FF FF FF FF FF FF 	................
$FBA0 FF FF FF FF FF FF FF FF FF FF FF FF FF FF FF FF 	................
$FBB0 FF FF FF FF FF FF FF FF FF FF FF FF FF FF FF FF 	................
$FBC0 FF FF FF FF FF FF FF FF FF FF FF FF FF FF FF FF 	................
$FBD0 FF FF FF FF FF FF FF FF FF FF FF FF FF FF FF FF 	................
$FBE0 FF FF FF FF FF FF FF FF FF FF FF FF FF FF FF FF 	................
$FBF0 FF FF FF FF FF FF FF FF FF FF FF FF FF FF FF FF 	................
$FC00 FF FF FF FF FF FF FF FF FF FF FF FF FF FF FF FF 	................
$FC10 FF FF FF FF FF FF FF FF FF FF FF FF FF FF FF FF 	................
$FC20 FF FF FF FF FF FF FF FF FF FF FF FF FF FF FF FF 	................
$FC30 FF FF FF FF FF FF FF FF FF FF FF FF FF FF FF FF 	................
$FC40 FF FF FF FF FF FF FF FF FF FF FF FF FF FF FF FF 	................
$FC50 FF FF FF FF FF FF FF FF FF FF FF FF FF FF FF FF 	................
$FC60 FF FF FF FF FF FF FF FF FF FF FF FF FF FF FF FF 	................
$FC70 FF FF FF FF FF FF FF FF FF FF FF FF FF FF FF FF 	................
$FC80 FF FF FF FF FF FF FF FF FF FF FF FF FF FF FF FF 	................
$FC90 FF FF FF FF FF FF FF FF FF FF FF FF FF FF FF FF 	................
$FCA0 FF FF FF FF FF FF FF FF FF FF FF FF FF FF FF FF 	................
$FCB0 FF FF FF FF FF FF FF FF FF FF FF FF FF FF FF FF 	................
$FCC0 FF FF FF FF FF FF FF FF FF FF FF FF .s <0>  ok
.s <0>  ok
    < getch 
9600
 < baud connect erase
 

May be the good one that is fast and scrolls to bottom.

This could be a trade-off worth considering.

v002-uu-2b- 21:21:17z on Sat 9 Jul 2022 - translate ENTER and ESCape keybindings - with hotkey support, and expose line endings visibly

modified in July of 2022 by wa1tnr

Send Send Char
 send with /r/n  echo

tehachapi
© 2021 Mike Molinari (mmiscool) Source https://github.com/mmiscool/serialTerminal.com
