
.s Stack: [0 ]  TOS: 42  *>
 ok.
: hereitis ." Mecrisp at 9600 bps fore experimental-ee-good-one-just-committed 09 July 21:45 UTC 2022 " cr ;  ok.
.s Stack: [0 ]  TOS: 42  *>
 ok.
hereitis Mecrisp at 9600 bps fore experimental-ee-good-one-just-committed 09 July 21:45 UTC 2022 
 ok.
hex  ok.
0 444 dump 
    0 : 8C 03 00 20  2D 4C 00 00   F1 47 00 00  F1 47 00 00   ... -L...G...G..
   10 : 00 00 00 00  00 00 00 00   00 00 00 00  00 00 00 00   ................
   20 : 00 00 00 00  00 00 00 00   00 00 00 00  1B 48 00 00   .............H..
   30 : 00 00 00 00  00 00 00 00   1B 48 00 00  CF 47 00 00   .........H...G..
   40 : 3D 48 00 00  61 48 00 00   85 48 00 00  A9 48 00 00   =H..aH...H...H..
   50 : CD 48 00 00  00 00 00 00   F3 48 00 00  13 49 00 00   .H.......H...I..
   60 : 35 49 00 00  59 49 00 00   7D 49 00 00  A1 49 00 00   5I..YI..}I...I..
   70 : C5 49 00 00  E7 49 00 00   07 4A 00 00  2B 4A 00 00   .I...I...J..+J..
   80 : 4B 4A 00 00  6D 4A 00 00   91 4A 00 00  B7 4A 00 00   KJ..mJ...J...J..
   90 : D9 4A 00 00  FD 4A 00 00   21 4B 00 00  45 4B 00 00   .J...J..!K..EK..
   A0 : 69 4B 00 00  8D 4B 00 00   00 00 00 00  00 00 00 00   iK...K..........
   B0 : 00 00 00 00  00 00 00 00   00 00 00 00  00 00 00 00   ................
   C0 : 18 05 00 00  FF FF 22 2D   2D 2D 20 4D  65 63 72 69   ......"--- Mecri
   D0 : 73 70 2D 53  74 65 6C 6C   61 72 69 73  20 52 41 20   sp-Stellaris RA 
   E0 : 32 2E 35 2E  37 20 2D 2D   2D 00 07 B5  90 48 00 2B   2.5.7 ---....H.+
   F0 : 09 D0 00 F0  3B F8 00 F0   41 F8 00 F0  27 F8 42 60   ....;...A...'.B`
  100 : 28 21 01 60  F3 E7 07 BD   00 B5 89 48  00 23 01 68   (!.`.......H.#.h
  110 : 28 29 05 D1  42 68 00 F0   04 F8 00 F0  4C F8 F6 E7   ()..Bh......L...
  120 : 00 BD 03 B5  04 3F 3E 60   16 00 04 3F  3E 60 1E 00   .....?>`...?>`..
  130 : 08 B4 00 F0  A3 FF 08 BC   01 33 04 3F  3E 60 7D 4E   .........3.?>`}N
  140 : 04 3F 3E 60  7C 4E 04 F0   7E F9 03 BD  03 B5 01 3B   .?>`|N..~......;
  150 : 04 3F 3E 60  1E 00 08 B4   00 F0 7A FF  08 BC 32 00   .?>`......z...2.
  160 : 04 3F 3E 60  75 4E 04 F0   6E F9 03 BD  03 B5 74 48   .?>`uN..n.....tH
  170 : 01 68 1E 29  01 D0 00 F0   34 F8 03 BD  81 69 01 62   .h.)....4....i.b
  180 : 01 69 81 61  81 68 01 61   01 68 81 60  C1 69 41 62   .i.a.h.a.h.`.iAb
  190 : 41 69 C1 61  C1 68 41 61   41 68 C1 60  1E 21 01 60   Ai.a.hAaAh.`.!.`
  1A0 : 70 47 0F B5  62 48 01 68   1E 29 03 D0  FF F7 DE FF   pG..bH.h.)......
  1B0 : FF F7 E4 FF  0F BD 02 B5   81 68 01 60  C1 68 41 60   .........h.`.hA`
  1C0 : 00 E0 02 B5  01 69 81 60   41 69 C1 60  81 69 01 61   .....i.`Ai.`.i.a
  1D0 : C1 69 41 61  01 6A 81 61   41 6A C1 61  1E 21 01 62   .iAa.j.aAj.a.!.b
  1E0 : 02 BD 08 B5  01 68 1E 22   02 60 08 29  01 D2 0B 00   .....h.".`.)....
  1F0 : 04 E0 28 29  0D D1 43 68   00 F0 5D F8  04 3F 3E 60   ..()..Ch..]..?>`
  200 : 50 4E 02 F0  C2 FF 04 3F   3E 60 4F 4E  1E 43 02 F0   PN.....?>`ON.C..
  210 : BC FF 08 BD  00 B5 00 F0   09 F8 00 F0  0C F8 00 F0   ................
  220 : 0F F8 00 F0  12 F8 00 F0   15 F8 00 BD  0F B5 44 48   ..............DH
  230 : FF F7 D7 FF  0F BD 0F B5   44 48 FF F7  D2 FF 0F BD   ........DH......
  240 : 0F B5 43 48  FF F7 CD FF   0F BD 0F B5  41 48 FF F7   ..CH........AH..
  250 : C8 FF 0F BD  0F B5 36 48   01 68 06 22  02 60 1E 29   ......6H.h.".`.)
  260 : 05 D1 04 3F  3E 60 3C 4E   02 F0 8F FF  14 E0 28 29   ...?>`<N......()
  270 : 09 D1 43 68  04 3F 3E 60   1E 00 04 3F  3E 60 06 26   ..Ch.?>`...?>`.&
  280 : 02 F0 D8 FB  08 E0 06 29   06 D0 04 3F  3E 60 33 4E   .......)...?>`3N
  290 : C9 00 0E 43  02 F0 79 FF   00 F0 01 F8  0F BD 24 48   ...C..y.......$H
  2A0 : 1E 21 01 62  81 61 01 61   81 60 C1 62  06 21 01 60   .!.b.a.a.`.b.!.`
  2B0 : 00 21 81 62  70 47 07 B5   04 3F 3E 60  1E 00 00 F0   .!.bpG...?>`....
  2C0 : 4F F8 04 3F  3E 60 1E 00   02 F0 B4 FB  07 BD 07 B5   O..?>`..........
  2D0 : C1 6A 28 29  04 D1 01 6B   99 42 01 D1  00 23 07 BD   .j()...k.B...#..
  2E0 : 01 68 00 29  18 D0 81 68   00 29 15 D0  01 69 00 29   .h.)...h.)...i.)
  2F0 : 12 D0 81 69  00 29 0F D0   01 6A 00 29  0C D0 03 63   ...i.)...j.)...c
  300 : 04 3F 3E 60  1E 00 04 3F   3E 60 00 26  02 F0 92 FB   .?>`...?>`.&....
  310 : 28 21 C1 62  00 23 07 BD   04 3F 3E 60  1E 00 00 F0   (!.b.#...?>`....
  320 : 1F F8 04 3F  3E 60 1E 00   02 F0 84 FB  07 BD 00 00   ...?>`..........
  330 : 28 00 00 20  00 0E 00 00   61 02 00 00  00 20 00 00   (.. ....a.... ..
  340 : 48 00 00 20  04 3F 00 00   38 60 00 00  40 00 00 20   H.. .?..8`..@.. 
  350 : 38 00 00 20  30 00 00 20   40 CF 00 00  06 46 00 00   8.. 0.. @....F..
  360 : 37 B5 36 48  01 68 82 68   03 69 84 69  05 6A 06 20   7.6H.h.h.i.i.j. 
  370 : 00 F0 0E F8  03 20 00 F0   0B F8 02 20  00 F0 08 F8   ..... ..... ....
  380 : 01 20 00 F0  05 F8 00 23   2C 48 1E 21  C1 62 37 BD   . .....#,H.!.b7.
  390 : 81 42 09 D0  82 42 07 D0   83 42 05 D0  84 42 03 D0   .B...B...B...B..
  3A0 : 85 42 01 D0  03 00 37 BD   70 47 04 3F  3E 60 24 4E   .B....7.pG.?>`$N
  3B0 : 00 B5 81 58  1E 29 05 D1   FF F7 D2 FF  83 50 01 21   ...X.).......P.!
  3C0 : 99 40 0E 43  00 BD 00 B5   01 68 1E 29  04 D1 00 22   .@.C.....h.)..."
  3D0 : FF F7 EB FF  02 F0 D9 FE   00 BD 00 B5  81 68 1E 29   .............h.)
  3E0 : 07 D1 08 22  FF F7 E1 FF   00 22 FF F7  E1 FF 02 F0   ..."....."......
  3F0 : CC FE 00 BD  00 B5 01 69   1E 29 0A D1  10 22 FF F7   .......i.)..."..
  400 : D4 FF 08 22  FF F7 D4 FF   00 22 FF F7  D1 FF 02 F0   ..."....."......
  410 : BC FE 00 BD  00 B5 81 69   1E 29 0D D1  18 22 FF F7   .......i.)..."..
  420 : C4 FF 10 22  FF F7 C4 FF   08 22 FF F7  C1 FF 00 22   ..."....."....."
  430 : FF F7 BE FF  02 F0 A9 FE   00 BD 00 00  28 00 00 20   ............(.. 
  440 : 00 CF 00 00  00 B5 01 68   28 29 04 D1  43 68 FF F7   .......h()..Ch..
  450 : 32 FF 03 60  19 00 00 BD   00 B5 81 68  28 29 04 D1   2..`.......h()..
  460 : C3 68 FF F7  28 FF 83 60   19 00 00 BD  00 B5 01 69   .h..(..`.......i
  470 : 28 29 04 D1  43 69 FF F7   1E FF 03 61  19 00 00 BD   ()..Ci.....a....
  480 : 3E B5 82 68  03 69 84 69   05 6A 9A 42  03 D0 A2 42   >..h.i.i.j.B...B
  490 : 01 D0 AA 42  0A D1 07 2A   08 D8 04 3F  3E 60 D6 00   ...B...*...?>`..
  4A0 : FF F7 5E FF  1E 43 83 60   02 F0 6F FE  3E BD 3E B5   ..^..C.`..o.>.>.
  4B0 : 01 68 82 68  03 69 84 69   05 6A 91 42  06 D0 99 42   .h.h.i.i.j.B...B
  4C0 : 04 D0 A1 42  02 D0 A9 42   00 D0 3E BD  04 3F 3E 60   ...B...B..>..?>`
  4D0 : CE 00 FF F7  45 FF 1E 43   03 60 02 F0  56 FE 3E BD   ....E..C.`..V.>.
  4E0 : 00 B5 FF F7  68 FE FF F7   5C FE FF F7  39 FF 03 60   ....h...\...9..`
  4F0 : 00 BD 01 B5  06 48 03 68   01 33 07 D0  00 23 DB 43   .....H.h.3...#.C
  500 : 03 60 04 3F  3E 60 03 4E   02 F0 3F FE  01 BD 00 00   .`.?>`.N..?.....
  510 : D8 3F 00 20  00 B5 00 00   3C 05 00 00  42 02 04 32   .?. ....<...B..2
  520 : 64 75 70 00  38 68 04 3F   3E 60 04 3F  38 60 70 47   dup.8h.?>`.?8`pG
  530 : 00 B5 00 F0  B7 FC 00 F0   B5 FC 00 BD  5C 05 00 00   ............\...
  540 : 62 02 05 32  64 72 6F 70   04 37 40 CF  70 47 00 B5   b..2drop.7@.pG..
  550 : 00 F0 58 FC  00 F0 56 FC   00 BD C0 46  A4 05 00 00   ..X...V....F....
  560 : 44 02 05 32  73 77 61 70   07 CF 04 3F  38 60 04 3F   D..2swap...?8`.?
  570 : 3E 60 04 3F  3A 60 0E 00   70 47 00 B5  FF F7 4A FF   >`.?:`..pG....J.
  580 : 02 68 03 69  03 60 02 61   42 68 43 69  43 60 42 61   .h.i.`.aBhCiC`Ba
  590 : 82 68 83 69  83 60 82 61   C2 68 C3 69  C3 60 C2 61   .h.i.`.a.h.i.`.a
  5A0 : 00 BD C0 46  CC 05 00 00   62 02 04 32  6E 69 70 00   ...F....b..2nip.
  5B0 : 07 CF 04 3F  38 60 70 47   00 B5 FF F7  2B FF FF F7   ...?8`pG....+...
  5C0 : DC FF FF F7  F8 FD FF F7   F6 FD 00 BD  E8 05 00 00   ................
  5D0 : 44 00 05 32  6F 76 65 72   B8 68 04 3F  3E 60 04 3F   D..2over.h.?>`.?
  5E0 : 38 60 FE 68  70 47 C0 46   0C 06 00 00  44 00 05 32   8`.hpG.F....D..2
  5F0 : 74 75 63 6B  07 CF 04 3F   38 60 04 3F  3E 60 04 3F   tuck...?8`.?>`.?
  600 : 3A 60 04 3F  39 60 04 3F   38 60 70 47  30 06 00 00   :`.?9`.?8`pG0...
  610 : 46 00 04 32  72 6F 74 00   38 68 B9 68  3A 69 B8 60   F..2rot.8h.h:i.`
  620 : 39 61 3A 60  79 68 7E 60   FE 68 F9 60  70 47 C0 46   9a:`yh~`.h.`pG.F
  630 : 54 06 00 00  46 00 05 32   2D 72 6F 74  38 68 B9 68   T...F..2-rot8h.h
  640 : 3A 69 38 61  39 60 BA 60   F9 68 FE 60  7E 68 79 60   :i8a9`.`.h.`~hy`
  650 : 70 47 C0 46  7C 06 00 00   20 02 03 32  3E 72 01 CF   pG.F|... ..2>r..
  660 : 01 B4 40 B4  40 CF 70 47   00 B5 FF F7  42 FF 00 F0   ..@.@.pG....B...
  670 : ED FB 00 F0  8F FC 00 F0   8D FC 00 BD  A8 06 00 00   ................
  680 : 20 02 03 32  72 3E 04 3F   3E 60 40 BC  01 BC 04 3F    ..2r>.?>`@....?
  690 : 38 60 70 47  00 B5 FF F7   2C FF 00 F0  96 FC 00 F0   8`pG....,.......
  6A0 : 94 FC 00 F0  D3 FB 00 BD   D8 06 00 00  20 02 03 32   ............ ..2
  6B0 : 72 40 04 3F  3E 60 01 9E   04 3F 3E 60  00 9E 70 47   r@.?>`...?>`..pG
  6C0 : 00 B5 FF F7  16 FF 04 3F   3E 60 0C 4E  03 F0 6F FA   .......?>`.N..o.
  6D0 : 03 F0 6A FA  00 BD C0 46   04 07 00 00  20 02 06 32   ..j....F.... ..2
  6E0 : 72 64 72 6F  70 00 02 B0   70 47 00 B5  FF F7 01 FF   rdrop...pG......
  6F0 : 04 3F 3E 60  02 4E 02 F0   48 FD 00 BD  01 98 00 00   .?>`.N..H.......
  700 : 02 B0 00 00  1C 07 00 00   42 00 03 64  32 2F 38 68   ........B..d2/8h
  710 : F1 07 76 10  40 08 08 43   38 60 70 47  34 07 00 00   ..v.@..C8`pG4...
  720 : 62 02 03 64  32 2A 38 68   00 18 76 41  38 60 70 47   b..d2*8h..vA8`pG
  730 : 19 E0 C0 46  50 07 00 00   42 00 04 64  73 68 72 00   ...FP...B..dshr.
  740 : 38 68 F1 07  76 08 40 08   08 43 38 60  70 47 C0 46   8h..v.@..C8`pG.F
  750 : 9C 07 00 00  62 02 04 64   73 68 6C 00  38 68 00 18   ....b..dshl.8h..
  760 : 76 41 38 60  70 47 00 B5   FF F7 37 FE  FF F7 6A FE   vA8`pG....7...j.
  770 : FF F7 9D FE  00 F0 6A FB   FF F7 64 FE  FF F7 97 FE   ......j...d.....
  780 : 04 3F 3E 60  40 26 01 F0   F1 FB 00 F0  5F FB 04 3F   .?>`@&......_..?
  790 : 3E 60 40 4E  01 F0 EA FB   00 BD C0 46  B0 07 00 00   >`@N.......F....
  7A0 : 42 00 04 64  61 62 73 00   00 2E 08 D4  70 47 C0 46   B..dabs.....pG.F
  7B0 : D0 07 00 00  42 00 07 64   6E 65 67 61  74 65 38 68   ....B..dnegate8h
  7C0 : 00 21 C0 43  F6 43 01 30   4E 41 38 60  70 47 C0 46   .!.C.C.0NA8`pG.F
  7D0 : 20 08 00 00  64 02 02 64   2D 00 07 CF  12 1A B1 41    ...d..d-......A
  7E0 : 0E 00 04 3F  3A 60 70 47   00 B5 FF F7  13 FE 00 F0   ...?:`pG........
  7F0 : 82 FB FF F7  27 FE FF F7   5A FE 00 F0  27 FB FF F7   ....'...Z...'...
  800 : 21 FE FF F7  54 FE FF F7   B8 FE 01 F0  3A FB 00 F0   !...T.......:...
  810 : 8F FB 04 3F  3E 60 20 4E   00 F0 13 FD  00 BD C0 46   ...?>` N.......F
  820 : 6C 08 00 00  64 02 02 64   2B 00 07 CF  12 18 4E 41   l...d..d+.....NA
  830 : 04 3F 3A 60  70 47 00 B5   FF F7 EC FD  00 F0 5B FB   .?:`pG........[.
  840 : FF F7 00 FE  FF F7 33 FE   00 F0 00 FB  FF F7 FA FD   ......3.........
  850 : FF F7 2D FE  FF F7 91 FE   01 F0 FD FA  00 F0 68 FB   ..-...........h.
  860 : 04 3F 3E 60  0B 4E 00 F0   F0 FC 00 BD  A0 08 00 00   .?>`.N..........
  870 : 61 02 03 73  3E 64 04 3F   3E 60 F6 17  70 47 00 B5   a..s>d.?>`..pG..
  880 : 00 F0 AE FA  FF F7 13 FE   04 3F 3E 60  03 4E 01 F0   .........?>`.N..
  890 : 6D FB 00 BD  40 41 00 00   80 41 00 00  C0 17 00 00   m...@A...A......
  8A0 : B4 08 00 00  42 00 03 75   6D 2A 01 CF  32 00 00 26   ....B..um*..2..&
  8B0 : 13 E0 C0 46  C8 08 00 00   42 00 02 6D  2A 00 30 00   ...F....B..m*.0.
  8C0 : F6 17 04 CF  D1 17 05 E0   08 09 00 00  44 00 03 75   ............D..u
  8D0 : 64 2A 07 CF  56 43 41 43   76 18 01 0C  13 0C 59 43   d*..VCACv.....YC
  8E0 : 76 18 01 0C  80 B2 92 B2   51 43 43 43  50 43 00 22   v.......QCCCPC."
  8F0 : C9 18 52 41  12 04 B6 18   0A 04 09 0C  80 18 4E 41   ..RA..........NA
  900 : 04 3F 38 60  70 47 C0 46   9C 09 00 00  44 00 04 75   .?8`pG.F....D..u
  910 : 64 6D 2A 00  10 B5 00 24   04 3F 3E 60  7E 68 04 3F   dm*....$.?>`~h.?
  920 : 3E 60 3E 69  FF F7 C1 FF   31 00 40 CF  30 00 40 CF   >`>i....1.@.0.@.
  930 : 04 3F 3E 60  3E 68 04 3F   3E 60 FE 68  03 B4 FF F7   .?>`>h.?>`.h....
  940 : B4 FF 03 BC  33 00 40 CF   32 00 40 CF  04 3F 3E 60   ....3.@.2.@..?>`
  950 : 3E 68 04 3F  3E 60 3E 69   0F B4 FF F7  A6 FF 0F BC   >h.?>`>i........
  960 : 92 19 63 41  40 CF 89 19   62 41 63 41  40 CF 04 3F   ..cA@...bAcA@..?
  970 : 3E 60 7E 68  04 3F 3E 60   FE 68 0F B4  FF F7 95 FF   >`~h.?>`.h......
  980 : 0F BC 92 19  63 41 40 CF   89 19 62 41  63 41 40 CF   ....cA@...bAcA@.
  990 : 1E 00 3A 60  79 60 B8 60   10 BD C0 46  C0 09 00 00   ..:`y`.`...F....
  9A0 : 43 00 02 2A  2F 00 00 B5   40 B4 40 CF  FF F7 87 FF   C..*/...@.@.....
  9B0 : 04 3F 3E 60  40 BC 00 F0   4F F8 04 37  00 BD C0 46   .?>`@...O..7...F
  9C0 : E4 09 00 00  43 00 05 2A   2F 6D 6F 64  00 B5 40 B4   ....C..*/mod..@.
  9D0 : 40 CF FF F7  74 FF 04 3F   3E 60 40 BC  00 F0 3C F8   @...t..?>`@...<.
  9E0 : 00 BD C0 46  08 0A 00 00   43 00 03 75  2A 2F 00 B5   ...F....C..u*/..
  9F0 : 40 B4 40 CF  FF F7 59 FF   04 3F 3E 60  40 BC 00 F0   @.@...Y..?>`@...
  A00 : 1C F8 04 37  00 BD C0 46   2C 0A 00 00  43 00 06 75   ...7...F,...C..u
  A10 : 2A 2F 6D 6F  64 00 00 B5   40 B4 40 CF  FF F7 45 FF   */mod...@.@...E.
  A20 : 04 3F 3E 60  40 BC 00 F0   08 F8 00 BD  4C 0A 00 00   .?>`@.......L...
  A30 : 43 00 06 75  6D 2F 6D 6F   64 00 00 B5  04 3F 3E 60   C..um/mod....?>`
  A40 : 00 26 00 F0  1A F8 40 CF   04 37 00 BD  6C 0A 00 00   .&....@..7..l...
  A50 : 43 00 05 6D  2F 6D 6F 64   00 B5 04 3F  3E 60 F6 17   C..m/mod...?>`..
  A60 : 00 F0 34 F8  40 CF 04 37   00 BD C0 46  C0 0A 00 00   ..4.@..7...F....
  A70 : 44 00 06 75  64 2F 6D 6F   64 00 30 B4  00 23 00 22   D..ud/mod.0..#."
  A80 : 79 68 B8 68  35 00 3C 68   40 26 40 00  49 41 52 41   yh.h5.@&@.IARA
  A90 : 5B 41 AB 42  02 D8 04 D3   A2 42 02 D3  12 1B AB 41   [A.B.....B.....A
  AA0 : 01 30 01 3E  F1 D1 0E 00   38 60 7B 60  BA 60 30 BC   .0.>....8`{`.`0.
  AB0 : 70 47 30 B4  00 23 7A 68   B9 68 00 20  E2 E7 C0 46   pG0..#zh.h. ...F
  AC0 : 38 0B 00 00  44 00 05 64   2F 6D 6F 64  00 B5 F0 17   8...D..d/mod....
  AD0 : 19 D0 FF F7  74 FE FF F7   47 FD F0 17  0C D0 FF F7   ....t...G.......
  AE0 : 6E FE FF F7  41 FD FF F7   C8 FF FF F7  3D FD FF F7   n...A.......=...
  AF0 : 66 FE FF F7  39 FD 00 BD   FF F7 36 FD  FF F7 BD FF   f...9.....6.....
  B00 : FF F7 5D FE  00 BD FF F7   2F FD F0 17  0E D0 FF F7   ..]...../.......
  B10 : 56 FE FF F7  29 FD FF F7   B0 FF FF F7  50 FE FF F7   V...).......P...
  B20 : 23 FD FF F7  4C FE FF F7   1F FD 00 BD  FF F7 1C FD   #...L...........
  B30 : FF F7 A3 FF  00 BD C0 46   50 0B 00 00  44 00 02 64   .......FP...D..d
  B40 : 2F 00 00 B5  FF F7 C2 FF   FF F7 32 FD  00 BD C0 46   /.........2....F
  B50 : 98 0B 00 00  44 00 02 66   2A 00 00 B5  F0 17 0D D0   ....D..f*.......
  B60 : FF F7 2D FE  FF F7 00 FD   F0 17 0D D0  FF F7 27 FE   ..-...........'.
  B70 : FF F7 D0 FE  40 CF 01 CF   38 60 00 BD  FF F7 F4 FC   ....@...8`......
  B80 : F0 17 F5 D0  FF F7 1B FE   FF F7 C4 FE  40 CF 01 CF   ............@...
  B90 : 38 60 FF F7  14 FE 00 BD   E4 0B 00 00  44 00 02 66   8`..........D..f
  BA0 : 2F 00 00 B5  F0 17 0E D0   FF F7 09 FE  FF F7 DC FC   /...............
  BB0 : F0 17 0E D0  FF F7 03 FE   FF F7 D6 FC  FF F7 79 FF   ..............y.
  BC0 : FF F7 F6 FC  00 BD FF F7   CF FC F0 17  F4 D0 FF F7   ................
  BD0 : F6 FD FF F7  C9 FC FF F7   6C FF FF F7  F0 FD FF F7   ........l.......
  BE0 : E7 FC 00 BD  2C 0C 00 00   20 02 02 32  21 00 06 CF   ....,... ..2!...
  BF0 : 31 60 72 60  40 CF 70 47   00 B5 FF F7  FB FB 01 68   1`r`@.pG.......h
  C00 : 42 68 06 B4  00 F0 C2 FD   FF F7 CB FA  06 BC 01 60   Bh.............`
  C10 : 28 29 05 D0  04 3F 3E 60   58 4E 00 F0  BA FD 00 BD   ()...?>`XN......
  C20 : 04 32 42 60  00 F0 B2 FD   00 BD C0 46  74 0C 00 00   .2B`.......Ft...
  C30 : 20 02 02 32  40 00 04 3F   70 68 38 60  36 68 70 47    ..2@..?ph8`6hpG
  C40 : 00 B5 00 F0  CD F8 01 68   28 29 09 D0  04 3F 3E 60   .......h()...?>`
  C50 : 4B 4E 00 F0  7C FD 00 F0   F9 F8 00 F0  75 FD 00 BD   KN..|.......u...
  C60 : 41 68 04 31  41 60 00 F0   6F FD 00 F0  EF F8 00 F0   Ah.1A`..o.......
  C70 : 6B FD 00 BD  88 0C 00 00   44 00 03 64  75 3C 07 CF   k.......D..du<..
  C80 : 12 1A B1 41  B6 41 70 47   9C 0C 00 00  44 00 03 64   ...A.ApG....D..d
  C90 : 75 3E 07 CF  80 1A 8E 41   B6 41 70 47  B4 0C 00 00   u>.....A.ApG....
  CA0 : 44 00 02 64  3C 00 07 CF   12 1A B1 41  0D DB 00 26   D..d<......A...&
  CB0 : 70 47 C0 46  D0 0C 00 00   44 00 02 64  3E 00 07 CF   pG.F....D..d>...
  CC0 : 80 1A 8E 41  01 DB 00 26   70 47 00 26  F6 43 70 47   ...A...&pG.&.CpG
  CD0 : EC 0C 00 00  62 02 03 64   30 3C 04 37  F6 17 70 47   ....b..d0<.7..pG
  CE0 : 00 B5 00 F0  C6 F8 00 F0   10 FB 00 BD  14 0D 00 00   ................
  CF0 : 62 02 03 64  30 3D 01 CF   06 43 01 3E  B6 41 70 47   b..d0=...C.>.ApG
  D00 : 00 B5 04 3F  3E 60 1F 4E   00 F0 9F FA  00 F0 D8 FA   ...?>`.N........
  D10 : 00 BD C0 46  3C 0D 00 00   44 02 03 64  3C 3E 07 CF   ...F<...D..d<>..
  D20 : 50 40 4E 40  06 43 01 3E   B6 41 F6 43  70 47 00 B5   P@N@.C.>.A.CpG..
  D30 : 00 F0 16 F8  00 F0 D7 FA   00 BD C0 46  88 0D 00 00   ...........F....
  D40 : 44 02 02 64  3D 00 07 CF   50 40 4E 40  06 43 01 3E   D..d=...P@N@.C.>
  D50 : B6 41 70 47  00 B5 00 F0   03 F8 00 F0  B1 FA 00 BD   .ApG............
  D60 : 00 B5 FF F7  57 FB 00 F0   C6 F8 00 F0  CF F9 00 F0   ....W...........
  D70 : DF F8 00 F0  CB F9 00 F0   BD F9 00 BD  40 60 00 00   ............@`..
  D80 : 40 68 00 00  00 43 00 00   9C 0D 00 00  20 00 03 73   @h...C...... ..s
  D90 : 70 40 04 3F  3E 60 3E 00   70 47 C0 46  AC 0D 00 00   p@.?>`>.pG.F....
  DA0 : 20 00 03 73  70 21 37 00   40 CF 70 47  C0 0D 00 00    ..sp!7.@.pG....
  DB0 : 20 00 03 72  70 40 04 3F   3E 60 6E 46  70 47 C0 46    ..rp@.?>`nFpG.F
  DC0 : D0 0D 00 00  20 00 03 72   70 21 B5 46  40 CF 70 47   .... ..rp!.F@.pG
  DD0 : F4 0D 00 00  61 02 03 64   75 70 04 3F  3E 60 70 47   ....a..dup.?>`pG
  DE0 : 06 B5 FF F7  F0 FA 01 68   42 68 FF F7  DA F9 01 60   .......hBh.....`
  DF0 : 42 60 06 BD  20 0E 00 00   61 02 04 64  72 6F 70 00   B`.. ...a..drop.
  E00 : 40 CF 70 47  00 B5 01 68   1E 29 05 D1  04 3F 3E 60   @.pG...h.)...?>`
  E10 : A1 4E 02 F0  BA F9 00 BD   FF F7 CD F9  00 BD C0 46   .N.............F
  E20 : 38 0E 00 00  61 00 04 3F   64 75 70 00  00 2E 01 D0   8...a..?dup.....
  E30 : 04 3F 3E 60  70 47 C0 46   64 0E 00 00  62 02 04 73   .?>`pG.Fd...b..s
  E40 : 77 61 70 00  39 68 3E 60   0E 00 70 47  0C B5 FF F7   wap.9h>`..pG....
  E50 : C4 FA 02 68  83 68 03 60   82 60 42 68  C3 68 43 60   ...h.h.`.`Bh.hC`
  E60 : C2 60 0C BD  90 0E 00 00   62 02 03 6E  69 70 04 37   .`......b..nip.7
  E70 : 70 47 00 B5  FF F7 A7 FA   81 68 1E 29  02 D0 FF F7   pG.......h.)....
  E80 : A0 F9 00 BD  04 3F 3E 60   83 4E 02 F0  7E F9 00 BD   .....?>`.N..~...
  E90 : B8 0E 00 00  62 02 04 6F   76 65 72 00  04 3F 3E 60   ....b..over..?>`
  EA0 : 7E 68 70 47  00 B5 FF F7   98 FA 81 68  C2 68 FF F7   ~hpG.......h.h..
  EB0 : 78 F9 01 60  42 60 00 BD   E0 0E 00 00  62 02 04 74   x..`B`......b..t
  EC0 : 75 63 6B 00  01 CF 08 3F   7E 60 38 60  70 47 00 B5   uck....?~`8`pG..
  ED0 : FF F7 83 FA  FF F7 84 FF   00 F0 2A F8  00 BD C0 46   ..........*....F
  EE0 : 18 0F 00 00  63 02 03 72   6F 74 03 CF  08 3F 78 60   ....c..rot...?x`
  EF0 : 3E 60 0E 00  70 47 0E B5   FF F7 7C FA  01 68 82 68   >`..pG....|..h.h
  F00 : 03 69 81 60  02 61 03 60   41 68 C2 68  43 69 C1 60   .i.`.a.`Ah.hCi.`
  F10 : 42 61 43 60  0E BD C0 46   3C 0F 00 00  63 02 04 2D   BaC`...F<...c..-
  F20 : 72 6F 74 00  03 CF 08 3F   7E 60 39 60  06 00 70 47   rot....?~`9`..pG
  F30 : 00 B5 FF F7  E0 FF FF F7   DE FF 00 BD  50 0F 00 00   ............P...
  F40 : 20 00 04 70  69 63 6B 00   B0 00 3E 58  70 47 C0 46    ..pick...>XpG.F
  F50 : 68 0F 00 00  00 00 05 64   65 70 74 68  4F 49 C9 1B   h......depthOI..
  F60 : 04 3F 3E 60  8E 10 70 47   84 0F 00 00  00 00 06 72   .?>`..pG.......r
  F70 : 64 65 70 74  68 00 04 3F   3E 60 6E 46  48 49 89 1B   depth..?>`nFHI..
  F80 : 8E 10 70 47  B8 0F 00 00   20 02 02 3E  72 00 40 B4   ..pG.... ..>r.@.
  F90 : 40 CF 70 47  00 B5 FF F7   AC FA FF F7  14 FA FF F7   @.pG............
  FA0 : 51 FA 04 3F  3E 60 3F 4E   01 22 8A 40  16 43 02 F0   Q..?>`?N.".@.C..
  FB0 : EC F8 FF F7  00 F9 00 BD   EC 0F 00 00  20 02 02 72   ............ ..r
  FC0 : 3E 00 04 3F  3E 60 40 BC   70 47 00 B5  FF F7 91 FA   >..?>`@.pG......
  FD0 : FF F7 E7 F8  FF F7 C4 F9   03 60 04 3F  3E 60 32 4E   .........`.?>`2N
  FE0 : 01 22 9A 40  16 43 02 F0   D0 F8 00 BD  0C 10 00 00   .".@.C..........
  FF0 : 20 02 02 72  40 00 04 3F   3E 60 00 9E  70 47 00 B5    ..r@..?>`..pG..
 1000 : FF F7 77 FA  02 F0 D0 FD   00 BD C0 46  30 10 00 00   ..w........F0...
 1010 : 20 02 05 72  64 72 6F 70   01 B0 70 47  00 B5 FF F7    ..rdrop..pG....
 1020 : 68 FA 04 3F  3E 60 21 4E   02 F0 AF F8  00 BD C0 46   h..?>`!N.......F
 1030 : 44 10 00 00  20 00 05 72   70 69 63 6B  B6 00 6E 44   D... ..rpick..nD
 1040 : 36 68 70 47  70 10 00 00   00 00 04 72  6F 6C 6C 00   6hpGp......roll.
 1050 : 00 2E 01 D1  40 CF 70 47   B0 00 39 58  C0 19 03 1F   ....@.pG..9X....
 1060 : 1A 68 02 60  04 38 01 3E   F9 D1 04 37  0E 00 70 47   .h.`.8.>...7..pG
 1070 : B0 10 00 00  00 00 05 2D   72 6F 6C 6C  00 2E 01 D1   .......-roll....
 1080 : 40 CF 70 47  38 68 39 46   4A 68 0A 60  04 31 01 3E   @.pG8h9FJh.`.1.>
 1090 : FA D1 08 60  40 CF 70 47   04 37 00 00  8C 02 00 20   ...`@.pG.7..... 
 10A0 : 8C 03 00 20  00 B4 00 00   00 BC 00 00  01 B0 00 00   ... ............
 10B0 : C8 10 00 00  62 02 03 61   6E 64 01 CF  06 40 70 47   ....b..and...@pG
 10C0 : 04 3F 3E 60  6F 4E C0 E0   E4 10 00 00  62 02 03 62   .?>`oN......b..b
 10D0 : 69 63 01 CF  B0 43 06 00   70 47 04 3F  3E 60 6A 4E   ic...C..pG.?>`jN
 10E0 : AF E0 C0 46  FC 10 00 00   62 02 02 6F  72 00 01 CF   ...F....b..or...
 10F0 : 06 43 70 47  04 3F 3E 60   64 4E A6 E0  14 11 00 00   .CpG.?>`dN......
 1100 : 62 02 03 78  6F 72 01 CF   46 40 70 47  04 3F 3E 60   b..xor..F@pG.?>`
 1110 : 5F 4E 9A E0  2C 11 00 00   62 02 01 2A  01 CF 46 43   _N..,...b..*..FC
 1120 : 70 47 04 3F  3E 60 5B 4E   8F E0 C0 46  4C 11 00 00   pG.?>`[N...FL...
 1130 : 41 00 03 63  6C 7A 30 00   06 D0 00 26  40 00 02 D0   A..clz0....&@...
 1140 : 01 D2 01 36  FA E7 70 47   20 26 70 47  5C 11 00 00   ...6..pG &pG\...
 1150 : 61 00 03 72  6F 72 01 20   C6 41 70 47  70 11 00 00   a..ror. .ApGp...
 1160 : 61 00 03 72  6F 6C 00 20   B6 19 46 41  70 47 C0 46   a..rol. ..FApG.F
 1170 : A4 11 00 00  62 02 07 61   72 73 68 69  66 74 01 CF   ....b..arshift..
 1180 : 30 41 06 00  70 47 00 B5   04 3F 3E 60  42 4E 04 3F   0A..pG...?>`BN.?
 1190 : 3E 60 42 4E  FF F7 21 F9   41 68 1F 29  28 D9 1F 21   >`BN..!.Ah.)(..!
 11A0 : 41 60 25 E0  CC 11 00 00   62 02 06 72  73 68 69 66   A`%.....b..rshif
 11B0 : 74 00 01 CF  F0 40 06 00   70 47 00 B5  04 3F 3E 60   t....@..pG...?>`
 11C0 : 37 4E 04 3F  3E 60 37 4E   12 E0 C0 46  B0 12 00 00   7N.?>`7N...F....
 11D0 : 62 02 06 6C  73 68 69 66   74 00 01 CF  B0 40 06 00   b..lshift....@..
 11E0 : 70 47 00 B5  04 3F 3E 60   2F 4E 04 3F  3E 60 00 26   pG...?>`/N.?>`.&
 11F0 : FF F7 F3 F8  01 68 28 29   03 D0 40 CF  00 F0 21 F8   .....h()..@...!.
 1200 : 00 BD 04 37  41 68 FE F7   D6 FF 00 29  01 D1 40 CF   ...7Ah.....)..@.
 1210 : 00 BD 1F 29  0A D8 89 01   0E 43 02 68  D2 00 16 43   ...).....C.h...C
 1220 : FF F7 5E F9  1E 43 01 F0   B0 FF 00 BD  40 CF FF F7   ..^..C......@...
 1230 : 57 F9 04 3F  3E 60 1D 4E   1B 02 1E 43  01 F0 A5 FF   W..?>`.N...C....
 1240 : 00 BD 0F B5  FF F7 C9 F8   0C E0 0F B5  FF F7 C5 F8   ................
 1250 : 01 68 06 29  01 D1 FF F7   F9 FD 82 68  28 2A 01 D1   .h.).......h(*..
 1260 : FF F7 F4 FD  FF F7 F8 F8   FF F7 0A F9  FF F7 EA F8   ................
 1270 : C9 00 82 68  0E 43 16 43   01 F0 87 FF  FE F7 9B FF   ...h.C.C........
 1280 : 0F BD 00 00  00 40 00 00   80 43 00 00  00 43 00 00   .....@...C...C..
 1290 : 40 40 00 00  40 43 00 00   00 41 00 00  00 10 00 00   @@..@C...A......
 12A0 : C0 40 00 00  00 08 00 00   80 40 00 00  00 20 00 00   .@.......@... ..
 12B0 : D4 12 00 00  61 02 02 30   3D 00 01 3E  B6 41 70 47   ....a..0=..>.ApG
 12C0 : 00 B5 00 F0  03 F9 00 F0   10 FE FE F7  74 FF 73 49   ............t.sI
 12D0 : 81 62 00 BD  FC 12 00 00   61 02 03 30  3C 3E 01 3E   .b......a..0<>.>
 12E0 : B6 41 F6 43  70 47 00 B5   00 F0 F0 F8  00 F0 FD FD   .A.CpG..........
 12F0 : FE F7 61 FF  6A 49 81 62   00 BD C0 46  20 13 00 00   ..a.jI.b...F ...
 1300 : 61 02 02 30  3C 00 F6 17   70 47 00 B5  00 F0 DE F8   a..0<...pG......
 1310 : 04 3F 3E 60  63 4E 00 F0   29 FE 63 49  81 62 00 BD   .?>`cN..).cI.b..
 1320 : 38 13 00 00  60 00 04 74   72 75 65 00  04 3F 3E 60   8...`..true..?>`
 1330 : 00 26 F6 43  70 47 C0 46   4C 13 00 00  60 00 05 66   .&.CpG.FL...`..f
 1340 : 61 6C 73 65  04 3F 3E 60   00 26 70 47  70 13 00 00   alse.?>`.&pGp...
 1350 : 42 02 02 3E  3D 00 01 CF   B0 42 E9 DA  00 26 70 47   B..>=....B...&pG
 1360 : 04 3F 3E 60  51 4E 04 3F   3E 60 51 4E  BA E0 C0 46   .?>`QN.?>`QN...F
 1370 : 94 13 00 00  42 02 02 3C   3D 00 01 CF  B0 42 D7 DD   ....B..<=....B..
 1380 : 00 26 70 47  04 3F 3E 60   4A 4E 04 3F  3E 60 4A 4E   .&pG.?>`JN.?>`JN
 1390 : A8 E0 C0 46  B4 13 00 00   42 02 01 3C  01 CF B0 42   ...F....B..<...B
 13A0 : C6 DB 00 26  70 47 04 3F   3E 60 41 4E  04 3F 3E 60   ...&pG.?>`AN.?>`
 13B0 : 3E 4E 97 E0  D4 13 00 00   42 02 01 3E  01 CF B0 42   >N......B..>...B
 13C0 : B6 DC 00 26  70 47 04 3F   3E 60 3B 4E  04 3F 3E 60   ...&pG.?>`;N.?>`
 13D0 : 38 4E 87 E0  F8 13 00 00   62 02 03 75  3E 3D 01 CF   8N......b..u>=..
 13E0 : 86 1B B6 41  F6 43 70 47   04 3F 3E 60  2C 4E 04 3F   ...A.CpG.?>`,N.?
 13F0 : 3E 60 2A 4E  76 E0 C0 46   1C 14 00 00  62 02 03 75   >`*Nv..F....b..u
 1400 : 3C 3D 01 CF  36 1A B6 41   F6 43 70 47  04 3F 3E 60   <=..6..A.CpG.?>`
 1410 : 2A 4E 04 3F  3E 60 2A 4E   64 E0 C0 46  3C 14 00 00   *N.?>`*Nd..F<...
 1420 : 62 02 02 75  3C 00 01 CF   86 1B B6 41  70 47 04 3F   b..u<......ApG.?
 1430 : 3E 60 1A 4E  04 3F 3E 60   19 4E 53 E0  5C 14 00 00   >`.N.?>`.NS.\...
 1440 : 62 02 02 75  3E 00 01 CF   36 1A B6 41  70 47 04 3F   b..u>...6..ApG.?
 1450 : 3E 60 1B 4E  04 3F 3E 60   18 4E 43 E0  7C 14 00 00   >`.N.?>`.NC.|...
 1460 : 62 02 02 3C  3E 00 01 CF   81 1B 36 1A  0E 43 70 47   b..<>.....6..CpG
 1470 : 04 3F 3E 60  13 4E 04 3F   3E 60 33 E0  DC 15 00 00   .?>`.N.?>`3.....
 1480 : 62 02 01 3D  01 CF 36 1A   01 3E B6 41  70 47 04 3F   b..=..6..>.ApG.?
 1490 : 3E 60 0D 4E  04 3F 3E 60   24 E0 00 00  00 D2 00 00   >`.N.?>`$.......
 14A0 : 00 D3 00 00  C0 17 00 00   00 D5 00 00  00 DB 00 00   ................
 14B0 : 00 DA 00 00  00 DC 00 00   00 DD 00 00  00 D8 00 00   ................
 14C0 : 00 D9 00 00  00 D0 00 00   00 D1 00 00  00 B5 FE F7   ................
 14D0 : 7A FF FE F7  AB FE FE F7   AE FE FE F7  B1 FE FE F7   z...............
 14E0 : BB FF 00 BD  00 B5 FE F7   78 FF FE F7  9F FE FE F7   ........x.......
 14F0 : A2 FE FE F7  BB FF 82 68   28 2A 05 D1  FF F7 A6 FC   .......h(*......
 1500 : 39 68 3E 60  0E 46 82 68   40 CF 01 68  28 29 09 D1   9h>`.F.h@..h()..
 1510 : 41 68 FF 29  06 D8 04 3F   3E 60 64 4E  0E 43 81 68   Ah.)...?>`dN.C.h
 1520 : 09 02 06 E0  FE F7 8E FF   04 3F 3E 60  60 4E C9 00   .........?>``N..
 1530 : 16 43 0E 43  01 F0 29 FE   FE F7 3D FE  FE F7 3B FE   .C.C..)...=...;.
 1540 : 86 62 40 CF  00 BD 0F B5   5A 48 81 6A  00 29 30 D0   .b@.....ZH.j.)0.
 1550 : 04 3F 3E 60  86 6A 00 21   81 62 31 0A  D5 29 01 D1   .?>`.j.!.b1..)..
 1560 : 40 CF 0F BD  FE F7 1D FE   FE F7 FA FE  03 60 D2 29   @............`.)
 1570 : 03 D1 51 4E  00 F0 FA FC   0F BD D3 29  05 D1 4E 4E   ..QN.......)..NN
 1580 : 00 F0 F4 FC  00 F0 05 FD   0F BD 02 36  01 F0 FD FD   ...........6....
 1590 : 04 3F 3E 60  49 4E 00 F0   0D F8 00 F0  FA FC 04 3F   .?>`IN.........?
 15A0 : 3E 60 47 4E  01 F0 F1 FD   04 3F 3E 60  43 4E 00 F0   >`GN.....?>`CN..
 15B0 : 01 F8 0F BD  00 B5 FE F7   06 FF FE F7  78 FF 01 68   ............x..h
 15C0 : 09 02 0E 43  01 F0 E1 FD   00 BD 00 B5  81 6A 09 0A   ...C.........j..
 15D0 : D5 29 01 D1  FE F7 EF FD   00 BD C0 46  F8 15 00 00   .).........F....
 15E0 : 62 02 03 6D  69 6E 01 CF   B0 42 00 DC  06 00 70 47   b..min...B....pG
 15F0 : 04 3F 3E 60  33 4E 2B E0   14 16 00 00  62 02 03 6D   .?>`3N+.....b..m
 1600 : 61 78 01 CF  B0 42 00 DB   06 00 70 47  04 3F 3E 60   ax...B....pG.?>`
 1610 : 2D 4E 1D E0  34 16 00 00   62 02 04 75  6D 61 78 00   -N..4...b..umax.
 1620 : 01 CF B0 42  00 D3 06 00   70 47 04 3F  3E 60 27 4E   ...B....pG.?>`'N
 1630 : 0E E0 C0 46  D8 16 00 00   62 02 04 75  6D 69 6E 00   ...F....b..umin.
 1640 : 01 CF B0 42  00 D8 06 00   70 47 04 3F  3E 60 20 4E   ...B....pG.?>` N
 1650 : 00 B5 FE F7  C2 FE 01 68   82 68 91 42  03 D1 40 CF   .......h.h.B..@.
 1660 : FE F7 AF FD  00 BD 06 2A   01 D1 FF F7  EF FB 01 68   .......*.......h
 1670 : 28 29 01 D1  FF F7 EA FB   FE F7 19 FF  FE F7 EC FE   ()..............
 1680 : C9 00 02 68  04 3F 3E 60   09 4E 0E 43  16 43 01 F0   ...h.?>`.N.C.C..
 1690 : 7C FD 01 F0  7A FD 04 3F   3E 60 0E 4E  0E 43 16 43   |...z..?>`.N.C.C
 16A0 : 01 F0 73 FD  FE F7 8D FD   00 BD 00 00  00 28 00 00   ..s..........(..
 16B0 : 80 42 00 00  28 00 00 20   80 41 00 00  00 20 00 00   .B..(.. .A... ..
 16C0 : 00 E0 00 00  00 DB 00 00   00 DC 00 00  00 D8 00 00   ................
 16D0 : 00 D3 00 00  00 46 00 00   18 17 00 00  00 00 04 6D   .....F.........m
 16E0 : 6F 76 65 00  07 B5 31 00   40 CF 32 00  40 CF 00 29   ove...1.@.2.@..)
 16F0 : 0F D0 B2 42  0D D0 06 D3   01 3E 01 3A  70 5C 50 54   ...B.....>.:p\PT
 1700 : 01 39 FB D1  05 E0 30 78   10 70 01 36  01 32 01 39   .9....0x.p.6.2.9
 1710 : F9 D1 40 CF  07 BD C0 46   3C 17 00 00  00 00 04 66   ..@....F<......f
 1720 : 69 6C 6C 00  30 00 40 CF   31 00 40 CF  00 29 02 D0   ill.0.@.1.@..)..
 1730 : 01 39 70 54  FC D1 40 CF   70 47 C0 46  7C 17 00 00   .9pT..@.pG.F|...
 1740 : 20 02 01 40  36 68 70 47   04 3F 3E 60  99 4E 00 B5    ..@6hpG.?>`.N..
 1750 : FE F7 39 FE  03 68 28 2B   08 D1 43 68  7C 21 19 40   ..9..h(+..Ch|!.@
 1760 : 09 01 0E 43  7C 21 8B 43   FE F7 B1 FD  DB 00 1E 43   ...C|!.C.......C
 1770 : FE F7 B6 FE  1E 43 01 F0   08 FD 00 BD  D4 17 00 00   .....C..........
 1780 : 20 02 01 21  03 CF 30 60   0E 00 70 47  04 3F 3E 60    ..!..0`..pG.?>`
 1790 : 89 4E 00 B5  FE F7 21 FE   03 68 28 2B  09 D1 43 68   .N....!..h(+..Ch
 17A0 : 7C 21 19 40  09 01 0E 43   7C 21 8B 43  FE F7 8F FD   |!.@...C|!.C....
 17B0 : 03 60 DB 00  1E 43 83 68   28 2B 02 D1  C3 68 FE F7   .`...C.h(+...h..
 17C0 : 7A FD 1E 43  01 F0 E1 FC   FE F7 F5 FC  FE F7 F3 FC   z..C............
 17D0 : 00 BD C0 46  0C 18 00 00   20 02 02 2B  21 00 03 CF   ...F.... ..+!...
 17E0 : 32 68 12 18  32 60 0E 00   70 47 00 B5  FE F7 F5 FD   2h..2`..pG......
 17F0 : FF F7 F6 FA  FF F7 A8 FF   FF F7 7D FB  00 F0 2B FB   ..........}...+.
 1800 : FF F7 24 FB  FF F7 C2 FF   00 BD C0 46  50 18 00 00   ..$........FP...
 1810 : 20 02 02 68  40 00 36 88   70 47 00 B5  FE F7 D3 FD    ..h@.6.pG......
 1820 : 04 3F 3E 60  65 4E 03 68   28 2B 08 D1  43 68 3E 21   .?>`eN.h(+..Ch>!
 1830 : 19 40 49 01  0E 43 3E 21   8B 43 FE F7  48 FD DB 00   .@I..C>!.C..H...
 1840 : 1E 43 FE F7  4D FE 1E 43   01 F0 9F FC  00 BD C0 46   .C..M..C.......F
 1850 : A8 18 00 00  20 02 02 68   21 00 03 CF  30 80 0E 00   .... ..h!...0...
 1860 : 70 47 00 B5  FE F7 B9 FD   04 3F 3E 60  54 4E 03 68   pG.......?>`TN.h
 1870 : 28 2B 09 D1  43 68 3E 21   19 40 49 01  0E 43 3E 21   (+..Ch>!.@I..C>!
 1880 : 8B 43 FE F7  24 FD 03 60   DB 00 1E 43  83 68 28 2B   .C..$..`...C.h(+
 1890 : 02 D1 C3 68  FE F7 0F FD   1E 43 01 F0  76 FC FE F7   ...h.....C..v...
 18A0 : 8A FC FE F7  88 FC 00 BD   E0 18 00 00  20 02 03 68   ............ ..h
 18B0 : 2B 21 03 CF  32 88 12 18   32 80 0E 00  70 47 00 B5   +!..2...2...pG..
 18C0 : FE F7 8B FD  FF F7 8C FA   FF F7 A7 FF  FF F7 13 FB   ................
 18D0 : 00 F0 C1 FA  FF F7 BA FA   FF F7 C3 FF  00 BD C0 46   ...............F
 18E0 : 24 19 00 00  20 02 02 63   40 00 36 78  70 47 00 B5   $... ..c@.6xpG..
 18F0 : FE F7 69 FD  04 3F 3E 60   32 4E 03 68  28 2B 08 D1   ..i..?>`2N.h(+..
 1900 : 43 68 1F 21  19 40 89 01   0E 43 1F 21  8B 43 FE F7   Ch.!.@...C.!.C..
 1910 : DE FC DB 00  1E 43 FE F7   E3 FD 1E 43  01 F0 35 FC   .....C.....C..5.
 1920 : 00 BD C0 46  7C 19 00 00   20 02 02 63  21 00 03 CF   ...F|... ..c!...
 1930 : 30 70 0E 00  70 47 00 B5   FE F7 4F FD  04 3F 3E 60   0p..pG....O..?>`
 1940 : 21 4E 03 68  28 2B 09 D1   43 68 1F 21  19 40 89 01   !N.h(+..Ch.!.@..
 1950 : 0E 43 1F 21  8B 43 FE F7   BA FC 03 60  DB 00 1E 43   .C.!.C.....`...C
 1960 : 83 68 28 2B  02 D1 C3 68   FE F7 A5 FC  1E 43 01 F0   .h(+...h.....C..
 1970 : 0C FC FE F7  20 FC FE F7   1E FC 00 BD  CC 19 00 00   .... ...........
 1980 : 20 02 03 63  2B 21 03 CF   32 78 12 18  32 70 0E 00    ..c+!..2x..2p..
 1990 : 70 47 00 B5  FE F7 21 FD   FF F7 22 FA  FF F7 A7 FF   pG....!...".....
 19A0 : FF F7 A9 FA  00 F0 57 FA   FF F7 50 FA  FF F7 C3 FF   ......W...P.....
 19B0 : 00 BD 00 00  00 68 00 00   00 60 00 00  00 88 00 00   .....h...`......
 19C0 : 00 80 00 00  00 78 00 00   00 70 00 00  0C 1A 00 00   .....x...p......
 19D0 : 20 02 04 62  69 73 21 00   03 CF 32 68  02 43 32 60    ..bis!...2h.C2`
 19E0 : 0E 00 70 47  00 B5 FE F7   F8 FC FF F7  F9 F9 FF F7   ..pG............
 19F0 : AB FE FF F7  80 FA 04 3F   3E 60 AB 4E  FF F7 25 FC   .......?>`.N..%.
 1A00 : FF F7 24 FA  FF F7 C2 FE   00 BD C0 46  4C 1A 00 00   ..$........FL...
 1A10 : 20 02 04 62  69 63 21 00   03 CF 32 68  82 43 32 60    ..bic!...2h.C2`
 1A20 : 0E 00 70 47  00 B5 FE F7   D8 FC FF F7  D9 F9 FF F7   ..pG............
 1A30 : 8B FE FF F7  60 FA 04 3F   3E 60 9C 4E  FF F7 01 FC   ....`..?>`.N....
 1A40 : FF F7 04 FA  FF F7 A2 FE   00 BD C0 46  8C 1A 00 00   ...........F....
 1A50 : 20 02 04 78  6F 72 21 00   03 CF 32 68  42 40 32 60    ..xor!...2hB@2`
 1A60 : 0E 00 70 47  00 B5 FE F7   B8 FC FF F7  B9 F9 FF F7   ..pG............
 1A70 : 6B FE FF F7  40 FA 04 3F   3E 60 8D 4E  FF F7 E5 FB   k...@..?>`.N....
 1A80 : FF F7 E4 F9  FF F7 82 FE   00 BD C0 46  C0 1A 00 00   ...........F....
 1A90 : 20 02 04 62  69 74 40 00   01 CF 36 68  06 40 01 3E    ..bit@...6h.@.>
 1AA0 : B6 41 F6 43  70 47 00 B5   FE F7 97 FC  FF F7 4C FE   .A.CpG........L.
 1AB0 : 04 3F 3E 60  7F 4E FF F7   C8 FB FF F7  14 FC 00 BD   .?>`.N..........
 1AC0 : 00 1B 00 00  20 02 05 68   62 69 73 21  03 CF 32 88   .... ..hbis!..2.
 1AD0 : 02 43 32 80  0E 00 70 47   00 B5 FE F7  7E FC FF F7   .C2...pG....~...
 1AE0 : 7F F9 FF F7  9A FE FF F7   06 FA 04 3F  3E 60 6E 4E   ...........?>`nN
 1AF0 : FF F7 AB FB  FF F7 AA F9   FF F7 B3 FE  00 BD C0 46   ...............F
 1B00 : 40 1B 00 00  20 02 05 68   62 69 63 21  03 CF 32 88   @... ..hbic!..2.
 1B10 : 82 43 32 80  0E 00 70 47   00 B5 FE F7  5E FC FF F7   .C2...pG....^...
 1B20 : 5F F9 FF F7  7A FE FF F7   E6 F9 04 3F  3E 60 5F 4E   _...z......?>`_N
 1B30 : FF F7 87 FB  FF F7 8A F9   FF F7 93 FE  00 BD C0 46   ...............F
 1B40 : 80 1B 00 00  20 02 05 68   78 6F 72 21  03 CF 32 88   .... ..hxor!..2.
 1B50 : 42 40 32 80  0E 00 70 47   00 B5 FE F7  3E FC FF F7   B@2...pG....>...
 1B60 : 3F F9 FF F7  5A FE FF F7   C6 F9 04 3F  3E 60 50 4E   ?...Z......?>`PN
 1B70 : FF F7 6B FB  FF F7 6A F9   FF F7 73 FE  00 BD C0 46   ..k...j...s....F
 1B80 : B4 1B 00 00  20 02 05 68   62 69 74 40  01 CF 36 88   .... ..hbit@..6.
 1B90 : 06 40 01 3E  B6 41 F6 43   70 47 00 B5  FE F7 1D FC   .@.>.A.CpG......
 1BA0 : FF F7 3B FE  04 3F 3E 60   42 4E FF F7  4E FB FF F7   ..;..?>`BN..N...
 1BB0 : 9A FB 00 BD  F4 1B 00 00   20 02 05 63  62 69 73 21   ........ ..cbis!
 1BC0 : 03 CF 32 78  02 43 32 70   0E 00 70 47  00 B5 FE F7   ..2x.C2p..pG....
 1BD0 : 04 FC FF F7  05 F9 FF F7   8A FE FF F7  8C F9 04 3F   ...............?
 1BE0 : 3E 60 31 4E  FF F7 31 FB   FF F7 30 F9  FF F7 A3 FE   >`1N..1...0.....
 1BF0 : 00 BD C0 46  34 1C 00 00   20 02 05 63  62 69 63 21   ...F4... ..cbic!
 1C00 : 03 CF 32 78  82 43 32 70   0E 00 70 47  00 B5 FE F7   ..2x.C2p..pG....
 1C10 : E4 FB FF F7  E5 F8 FF F7   6A FE FF F7  6C F9 04 3F   ........j...l..?
 1C20 : 3E 60 22 4E  FF F7 0D FB   FF F7 10 F9  FF F7 83 FE   >`"N............
 1C30 : 00 BD C0 46  74 1C 00 00   20 02 05 63  78 6F 72 21   ...Ft... ..cxor!
 1C40 : 03 CF 32 78  42 40 32 70   0E 00 70 47  00 B5 FE F7   ..2xB@2p..pG....
 1C50 : C4 FB FF F7  C5 F8 FF F7   4A FE FF F7  4C F9 04 3F   ........J...L..?
 1C60 : 3E 60 13 4E  FF F7 F1 FA   FF F7 F0 F8  FF F7 63 FE   >`.N..........c.
 1C70 : 00 BD C0 46  B8 1C 00 00   20 02 05 63  62 69 74 40   ...F.... ..cbit@
 1C80 : 01 CF 36 78  06 40 01 3E   B6 41 F6 43  70 47 00 B5   ..6x.@.>.A.CpG..
 1C90 : FE F7 A3 FB  FF F7 2B FE   04 3F 3E 60  05 4E FF F7   ......+..?>`.N..
 1CA0 : D4 FA FF F7  20 FB 00 BD   00 43 00 00  80 43 00 00   .... ....C...C..
 1CB0 : 40 40 00 00  00 40 00 00   54 1D 00 00  00 00 07 68   @@...@..T......h
 1CC0 : 66 6C 61 73  68 21 30 00   40 CF 31 00  40 CF 57 4B   flash!0.@.1.@.WK
 1CD0 : 98 42 24 D3  56 4B 98 42   21 D2 56 4B  19 40 99 42   .B$.VK.B!.VK.@.B
 1CE0 : 1C D0 01 22  02 40 00 2A   19 D1 02 88  9A 42 16 D1   ...".@.*.....B..
 1CF0 : 51 4A 01 23  13 60 02 23   03 40 04 D0  58 40 03 88   QJ.#.`.#.@..X@..
 1D00 : 09 04 19 43  01 E0 4D 4B   19 43 01 60  4C 4A 13 68   ...C..MK.C.`LJ.h
 1D10 : 01 20 18 40  FB D0 48 4A   00 23 13 60  70 47 00 F0   . .@..HJ.#.`pG..
 1D20 : 1F FD 2A 57  72 6F 6E 67   20 61 64 64  72 65 73 73   ..*Wrong address
 1D30 : 20 6F 72 20  64 61 74 61   20 66 6F 72  20 77 72 69    or data for wri
 1D40 : 74 69 6E 67  20 66 6C 61   73 68 20 21  0A 00 02 F0   ting flash !....
 1D50 : 8F FC C0 46  94 1D 00 00   00 00 0E 66  6C 61 73 68   ...F.......flash
 1D60 : 70 61 67 65  65 72 61 73   65 00 0F B5  30 00 40 CF   pageerase...0.@.
 1D70 : 2E 4B 98 42  0C D3 30 4A   02 23 13 60  31 4A 10 60   .K.B..0J.#.`1J.`
 1D80 : 2F 4A 13 68  01 20 18 40   FB D0 2B 4A  00 23 13 60   /J.h. .@..+J.#.`
 1D90 : 0F BD C0 46  10 1E 00 00   00 00 0A 65  72 61 73 65   ...F.......erase
 1DA0 : 66 6C 61 73  68 00 21 48   72 B6 21 49  21 4A 03 88   flash.!Hr.!I!J..
 1DB0 : 93 42 1C D0  04 3F 3E 60   06 00 04 3F  3E 60 00 F0   .B...?>`...?>`..
 1DC0 : CF FC 10 45  72 61 73 65   20 62 6C 6F  63 6B 20 61   ...Erase block a
 1DD0 : 74 20 20 00  00 F0 30 FD   00 F0 C2 FC  0C 20 66 72   t  ...0...... fr
 1DE0 : 6F 6D 20 46  6C 61 73 68   0A 00 FF F7  BE FF 02 30   om Flash.......0
 1DF0 : 88 42 DC D1  00 F0 B4 FC   12 46 69 6E  69 73 68 65   .B.......Finishe
 1E00 : 64 2E 20 52  65 73 65 74   20 21 0A 00  02 F0 CC FC   d. Reset !......
 1E10 : 48 1E 00 00  00 00 0E 65   72 61 73 65  66 6C 61 73   H......eraseflas
 1E20 : 68 66 72 6F  6D 00 30 00   40 CF BD E7  00 50 00 00   hfrom.0.@....P..
 1E30 : 00 00 04 00  FF FF 00 00   04 E5 01 40  00 00 FF FF   ...........@....
 1E40 : 00 E4 01 40  08 E5 01 40   74 1E 00 00  62 02 01 2B   ...@...@t...b..+
 1E50 : 01 CF 36 18  70 47 00 B5   FE F7 BF FA  04 3F 3E 60   ..6.pG.......?>`
 1E60 : CE 4E 04 3F  3E 60 CE 4E   81 68 28 29  12 D1 FE F7   .N.?>`.N.h()....
 1E70 : ED FF 0F E0  DC 1E 00 00   62 02 01 2D  01 CF 86 1B   ........b..-....
 1E80 : 70 47 00 B5  FE F7 A9 FA   04 3F 3E 60  C5 4E 04 3F   pG.......?>`.N.?
 1E90 : 3E 60 C5 4E  FE F7 E0 FA   01 68 28 29  0E D1 41 68   >`.N.....h()..Ah
 1EA0 : FF 29 0B D8  40 CF FE F7   EB FA 0E 43  81 68 09 02   .)..@......C.h..
 1EB0 : 0E 43 01 F0  6A F9 FE F7   7E F9 00 BD  04 37 FE F7   .C..j...~....7..
 1EC0 : C1 FA 89 01  82 68 D2 00   0E 43 16 43  FE F7 73 F9   .....h...C.C..s.
 1ED0 : FE F7 06 FB  1E 43 01 F0   58 F9 00 BD  F4 1E 00 00   .....C..X.......
 1EE0 : 61 02 02 31  2D 00 01 3E   70 47 04 3F  3E 60 AF 4E   a..1-..>pG.?>`.N
 1EF0 : 3C E0 C0 46  0C 1F 00 00   61 02 02 31  2B 00 01 36   <..F....a..1+..6
 1F00 : 70 47 04 3F  3E 60 AA 4E   30 E0 C0 46  24 1F 00 00   pG.?>`.N0..F$...
 1F10 : 61 02 02 32  2D 00 02 3E   70 47 04 3F  3E 60 A5 4E   a..2-..>pG.?>`.N
 1F20 : 24 E0 C0 46  3C 1F 00 00   61 02 02 32  2B 00 02 36   $..F<...a..2+..6
 1F30 : 70 47 04 3F  3E 60 A0 4E   18 E0 C0 46  54 1F 00 00   pG.?>`.N...FT...
 1F40 : 61 02 05 63  65 6C 6C 2B   04 36 70 47  04 3F 3E 60   a..cell+.6pG.?>`
 1F50 : 9A 4E 0B E0  84 1F 00 00   61 02 06 6E  65 67 61 74   .N......a..negat
 1F60 : 65 00 76 42  70 47 04 3F   3E 60 95 4E  00 B5 FE F7   e.vBpG.?>`.N....
 1F70 : 2A FA 01 68  C9 00 0E 43   FE F7 B2 FA  1E 43 01 F0   *..h...C.....C..
 1F80 : 04 F9 00 BD  9C 1F 00 00   61 02 03 6E  6F 74 F6 43   ........a..not.C
 1F90 : 70 47 04 3F  3E 60 8B 4E   E8 E7 C0 46  B4 1F 00 00   pG.?>`.N...F....
 1FA0 : 61 02 03 73  68 72 76 08   70 47 04 3F  3E 60 86 4E   a..shrv.pG.?>`.N
 1FB0 : DC E7 C0 46  C4 1F 00 00   61 02 03 73  68 6C 76 00   ...F....a..shlv.
 1FC0 : 70 47 06 E0  DC 1F 00 00   61 02 02 32  2A 00 76 00   pG......a..2*.v.
 1FD0 : 70 47 04 3F  3E 60 40 26   C8 E7 C0 46  F4 1F 00 00   pG.?>`@&...F....
 1FE0 : 61 02 05 63  65 6C 6C 73   B6 00 70 47  04 3F 3E 60   a..cells..pG.?>`
 1FF0 : 80 26 BB E7  0C 20 00 00   61 02 02 32  2F 00 76 10   .&... ..a..2/.v.
 2000 : 70 47 04 3F  3E 60 71 4E   B0 E7 C0 46  4C 20 00 00   pG.?>`qN...FL ..
 2010 : 61 02 03 61  62 73 F0 17   36 18 46 40  70 47 00 B5   a..abs..6.F@pG..
 2020 : FE F7 D1 F9  04 3F 3E 60   00 26 01 68  C9 00 0E 43   .....?>`.&.h...C
 2030 : FE F7 56 FA  1E 43 01 F0   A8 F8 04 3F  3E 60 64 4E   ..V..C.....?>`dN
 2040 : 01 F0 A3 F8  FF F7 8F FF   00 BD C0 46  94 20 00 00   ...........F. ..
 2050 : 42 00 05 75  2F 6D 6F 64   31 00 40 CF  00 29 03 D1   B..u/mod1.@..)..
 2060 : 04 3F 3E 60  00 26 70 47   01 22 00 23  8E 42 06 D9   .?>`.&pG.".#.B..
 2070 : 00 31 04 D4  52 00 49 00   01 D4 8E 42  FA D8 8E 42   .1..R.I....B...B
 2080 : 01 D3 76 1A  13 43 49 08   52 08 F8 D1  04 3F 3E 60   ..v..CI.R....?>`
 2090 : 1E 00 70 47  04 21 00 00   42 00 04 2F  6D 6F 64 00   ..pG.!..B../mod.
 20A0 : 00 B5 30 00  40 CF 00 2E   1C DA 76 42  00 28 0C DA   ..0.@.....vB.(..
 20B0 : 40 42 04 3F  3E 60 06 00   FF F7 CE FF  30 00 40 CF   @B.?>`......0.@.
 20C0 : 76 42 04 3F  3E 60 06 00   00 BD 04 3F  3E 60 06 00   vB.?>`.....?>`..
 20D0 : FF F7 C2 FF  30 00 40 CF   40 42 76 42  04 3F 3E 60   ....0.@.@BvB.?>`
 20E0 : 06 00 00 BD  00 28 07 DA   40 42 04 3F  3E 60 06 00   .....(..@B.?>`..
 20F0 : FF F7 B2 FF  76 42 00 BD   04 3F 3E 60  06 00 FF F7   ....vB...?>`....
 2100 : AB FF 00 BD  18 21 00 00   42 00 03 6D  6F 64 00 B5   .....!..B..mod..
 2110 : FF F7 C6 FF  40 CF 00 BD   2C 21 00 00  42 00 01 2F   ....@...,!..B../
 2120 : 00 B5 FF F7  BD FF 04 37   00 BD C0 46  40 21 00 00   .......7...F@!..
 2130 : 61 00 04 65  76 65 6E 00   01 20 30 40  36 18 70 47   a..even.. 0@6.pG
 2140 : 58 21 00 00  81 00 04 62   61 73 65 00  04 3F 3E 60   X!.....base..?>`
 2150 : 20 4E 70 47  0A 00 00 00   70 21 00 00  00 00 06 62    NpG....p!.....b
 2160 : 69 6E 61 72  79 00 1B 48   02 21 01 60  70 47 C0 46   inary..H.!.`pG.F
 2170 : 88 21 00 00  00 00 07 64   65 63 69 6D  61 6C 15 48   .!.....decimal.H
 2180 : 0A 21 01 60  70 47 C0 46   9C 22 00 00  00 00 03 68   .!.`pG.F.".....h
 2190 : 65 78 10 48  10 21 01 60   70 47 00 00  00 30 00 00   ex.H.!.`pG...0..
 21A0 : 00 18 00 00  00 38 00 00   00 1A 00 00  40 1E 00 00   .....8......@...
 21B0 : 40 1C 00 00  80 1E 00 00   80 1C 00 00  00 1D 00 00   @...............
 21C0 : 40 42 00 00  C0 43 00 00   40 08 00 00  40 10 00 00   @B...C..@...@...
 21D0 : 00 D5 00 00  FC 3F 00 20   9E 48 9F 49  01 60 9F 48   .....?. .H.I.`.H
 21E0 : 9F 49 01 60  70 47 9F 48   00 68 9F 49  08 40 01 28   .I.`pG.H.h.I.@.(
 21F0 : 1D D1 9E 48  00 68 9E 49   08 40 18 D1  9D 48 00 68   ...H.h.I.@...H.h
 2200 : 9D 49 08 40  13 D1 9D 48   00 68 9B 49  08 40 00 D1   .I.@...H.h.I.@..
 2210 : E2 E7 9A 48  00 68 98 49   08 40 10 28  00 D1 DB E7   ...H.h.I.@.(....
 2220 : 96 48 00 68  94 49 08 40   30 28 00 D1  D4 E7 70 47   .H.h.I.@0(....pG
 2230 : 00 B5 FF F7  D8 FF 92 48   02 68 03 21  0A 43 02 60   .......H.h.!.C.`
 2240 : 90 49 00 20  08 60 90 49   01 20 08 60  8D 49 0B 68   .I. .`.I. .`.I.h
 2250 : 01 20 18 40  FB D0 8D 49   8D 48 08 60  8D 49 01 20   . .@...I.H.`.I. 
 2260 : 08 60 8D 49  0C 20 08 60   8C 49 18 20  08 60 8C 49   .`.I. .`.I. .`.I
 2270 : 19 20 08 60  8B 49 8C 48   08 60 8C 49  04 20 08 60   . .`.I.H.`.I. .`
 2280 : 8B 49 01 20  08 60 8B 49   01 20 08 60  8A 49 00 20   .I. .`.I. .`.I. 
 2290 : 08 60 8A 49  14 20 08 60   00 BD C0 46  B8 22 00 00   .`.I. .`...F."..
 22A0 : 81 00 09 68  6F 6F 6B 2D   65 6D 69 74  04 3F 3E 60   ...hook-emit.?>`
 22B0 : 83 4E 70 47  AE 23 00 00   D4 22 00 00  81 00 08 68   .NpG.#...".....h
 22C0 : 6F 6F 6B 2D  6B 65 79 00   04 3F 3E 60  7D 4E 70 47   ook-key..?>`}NpG
 22D0 : DA 23 00 00  F4 22 00 00   81 00 0A 68  6F 6F 6B 2D   .#...".....hook-
 22E0 : 65 6D 69 74  3F 00 04 3F   3E 60 77 4E  70 47 0C 24   emit?..?>`wNpG.$
 22F0 : 00 00 C0 46  10 23 00 00   81 00 09 68  6F 6F 6B 2D   ...F.#.....hook-
 2300 : 6B 65 79 3F  04 3F 3E 60   70 4E 70 47  3A 24 00 00   key?.?>`pNpG:$..
 2310 : 30 23 00 00  81 00 0A 68   6F 6F 6B 2D  70 61 75 73   0#.....hook-paus
 2320 : 65 00 04 3F  3E 60 6A 4E   70 47 56 47  00 00 C0 46   e..?>`jNpGVG...F
 2330 : 48 23 00 00  00 00 04 65   6D 69 74 00  0F B5 60 48   H#.....emit...`H
 2340 : 00 F0 29 F8  0F BD C0 46   5C 23 00 00  00 00 03 6B   ..)....F\#.....k
 2350 : 65 79 0F B5  5B 48 00 F0   1E F8 0F BD  70 23 00 00   ey..[H......p#..
 2360 : 00 00 05 65  6D 69 74 3F   57 48 00 68  87 46 C0 46   ...emit?WH.h.F.F
 2370 : 84 23 00 00  00 00 04 6B   65 79 3F 00  53 48 00 68   .#.....key?.SH.h
 2380 : 87 46 C0 46  9C 23 00 00   00 00 05 70  61 75 73 65   .F.F.#.....pause
 2390 : 4F 48 00 68  87 46 00 68   87 46 C0 46  C8 23 00 00   OH.h.F.h.F.F.#..
 23A0 : 00 00 0B 73  65 72 69 61   6C 2D 65 6D  69 74 00 B5   ...serial-emit..
 23B0 : 00 F0 2C F8  00 2E 40 CF   FA D0 46 4A  00 20 10 60   ..,...@...FJ. .`
 23C0 : 3E 4A 16 70  40 CF 00 BD   F8 23 00 00  00 00 0A 73   >J.p@....#.....s
 23D0 : 65 72 69 61  6C 2D 6B 65   79 00 00 B5  00 F0 2D F8   erial-key.....-.
 23E0 : 00 2E 40 CF  FA D0 34 4A   00 20 10 60  04 3F 3E 60   ..@...4J. .`.?>`
 23F0 : 39 4A 16 78  00 BD C0 46   28 24 00 00  00 00 0C 73   9J.x...F($.....s
 2400 : 65 72 69 61  6C 2D 65 6D   69 74 3F 00  00 B5 FF F7   erial-emit?.....
 2410 : BF FF 04 3F  3E 60 00 26   2E 4A 11 68  01 20 01 40   ...?>`.&.J.h. .@
 2420 : 00 D0 F6 43  00 BD C0 46   DC 24 00 00  00 00 0B 73   ...C...F.$.....s
 2430 : 65 72 69 61  6C 2D 6B 65   79 3F 00 B5  FF F7 A8 FF   erial-key?......
 2440 : 04 3F 3E 60  00 26 1C 4A   11 68 01 20  01 40 00 D0   .?>`.&.J.h. .@..
 2450 : F6 43 00 BD  04 05 00 40   DF FF 07 C0  18 6C 00 40   .C.....@.....l.@
 2460 : 00 80 00 00  E0 0F 00 F0   FF 00 00 00  E4 0F 00 F0   ................
 2470 : 0F 00 00 00  EC 0F 00 F0   F0 00 00 00  E8 0F 00 F0   ................
 2480 : 24 05 00 40  00 01 00 40   00 00 00 40  08 05 00 50   $..@...@...@...P
 2490 : 00 00 00 01  60 07 00 50   64 07 00 50  0C 25 00 40   ....`..Pd..P.%.@
 24A0 : 14 25 00 40  24 25 00 40   00 50 27 00  00 25 00 40   .%.@$%.@.P'..%.@
 24B0 : 08 20 00 40  00 20 00 40   08 21 00 40  1C 25 00 40   . .@. .@.!.@.%.@
 24C0 : F8 3F 00 20  F4 3F 00 20   F0 3F 00 20  EC 3F 00 20   .?. .?. .?. .?. 
 24D0 : E8 3F 00 20  1C 21 00 40   18 25 00 40  00 25 00 00   .?. .!.@.%.@.%..
 24E0 : 00 00 07 63  65 78 70 65   63 74 00 B5  38 68 01 B4   ...cexpect..8h..
 24F0 : 01 30 38 60  00 F0 0B F8   01 BC 06 70  40 CF 00 BD   .08`.......p@...
 2500 : 78 25 00 00  00 00 06 61   63 63 65 70  74 00 00 B5   x%.....accept...
 2510 : 02 CF 01 39  00 22 FF F7   1C FF 30 00  40 CF 7F 28   ...9."....0.@..(
 2520 : 09 D0 20 28  19 D2 09 28   16 D0 0A 28  1F D0 0D 28   .. (...(...(...(
 2530 : 1D D0 08 28  EF D1 00 2A   ED D0 00 F0  11 F9 03 08   ...(...*........
 2540 : 20 08 00 2A  E7 D0 88 5C   01 3A 80 23  03 40 E2 D0    ..*...\.:.#.@..
 2550 : 40 23 03 40  F5 D0 DE E7   20 20 B2 42  DB D2 04 3F   @#.@....  .B...?
 2560 : 3E 60 06 00  FF F7 EA FE   01 32 88 54  D3 E7 16 00   >`.......2.T....
 2570 : 00 F0 A4 F8  00 BD C0 46   8C 25 00 00  40 00 03 74   .......F.%..@..t
 2580 : 69 62 04 3F  3E 60 2B 4E   70 47 C0 46  A4 25 00 00   ib.?>`+NpG.F.%..
 2590 : 81 00 03 3E  69 6E 04 3F   3E 60 27 4E  70 47 00 00   ...>in.?>`'NpG..
 25A0 : 00 00 C0 46  CC 25 00 00   82 00 0E 63  75 72 72 65   ...F.%.....curre
 25B0 : 6E 74 2D 73  6F 75 72 63   65 00 04 3F  3E 60 1F 4E   nt-source..?>`.N
 25C0 : 70 47 00 00  00 00 C4 00   00 20 C0 46  E8 25 00 00   pG....... .F.%..
 25D0 : 00 00 09 73  65 74 73 6F   75 72 63 65  17 48 02 CF   ...setsource.H..
 25E0 : 06 60 41 60  40 CF 70 47   08 26 00 00  00 00 06 73   .`A`@.pG.&.....s
 25F0 : 6F 75 72 63  65 00 04 3F   3E 60 10 4E  04 3F 70 68   ource..?>`.N.?ph
 2600 : 38 60 36 68  70 47 C0 46   40 26 00 00  00 00 05 71   8`6hpG.F@&.....q
 2610 : 75 65 72 79  0F B5 08 48   00 21 01 60  FF F7 B1 FF   uery...H.!.`....
 2620 : 04 3F 3E 60  04 3F 3E 60   C8 26 FF F7  70 FF FF F7   .?>`.?>`.&..p...
 2630 : D5 FF 0F BD  C4 00 00 20   E4 3F 00 20  DC 3F 00 20   ....... .?. .?. 
 2640 : 88 26 00 00  00 00 07 63   6F 6D 70 61  72 65 0F B5   .&.....compare..
 2650 : 31 00 40 CF  01 CF 88 42   02 CF 10 D1  00 28 10 D0   1.@....B.....(..
 2660 : 01 38 0A 5C  33 5C 41 2A   02 D3 5B 2A  00 D2 20 32   .8.\3\A*..[*.. 2
 2670 : 41 2B 02 D3  5B 2B 00 D2   20 33 9A 42  EE D0 00 26   A+..[+.. 3.B...&
 2680 : 0F BD 00 26  F6 43 0F BD   9C 26 00 00  00 00 02 63   ...&.C...&.....c
 2690 : 72 00 00 B5  00 F0 64 F8   01 0A 00 BD  B0 26 00 00   r.....d......&..
 26A0 : 00 00 02 62  6C 00 04 3F   3E 60 20 26  70 47 C0 46   ...bl..?>` &pG.F
 26B0 : C4 26 00 00  00 00 05 73   70 61 63 65  04 3F 3E 60   .&.....space.?>`
 26C0 : 20 26 3B E6  E4 26 00 00   00 00 06 73  70 61 63 65    &;..&.....space
 26D0 : 73 00 00 B5  00 2E 03 DD   FF F7 F0 FF  01 3E FB D1   s............>..
 26E0 : 40 CF 00 BD  F4 26 00 00   50 00 06 5B  63 68 61 72   @....&..P..[char
 26F0 : 5D 00 05 E0  0C 27 00 00   00 00 04 63  68 61 72 00   ]....'.....char.
 2700 : 00 B5 01 F0  33 FC 40 CF   36 78 00 BD  1C 27 00 00   ....3.@.6x...'..
 2710 : 50 04 01 28  04 3F 3E 60   29 26 06 E0  38 27 00 00   P..(.?>`)&..8'..
 2720 : 50 04 01 5C  04 3F 3E 60   00 26 00 B5  01 F0 28 FC   P..\.?>`.&....(.
 2730 : 04 37 40 CF  00 BD C0 46   80 27 00 00  30 00 02 2E   .7@....F.'..0...
 2740 : 22 00 AB 48  00 B5 04 3F   3E 60 06 00  00 F0 14 FA   "..H...?>`......
 2750 : 04 3F 3E 60  22 26 01 F0   13 FC 00 F0  56 FD 00 BD   .?>`"&......V...
 2760 : 0A B4 04 3F  3E 60 76 46   01 3E 33 78  01 21 01 33   ...?>`vF.>3x.!.3
 2770 : 19 40 5B 18  71 46 C9 18   8E 46 0A BC  3C E0 C0 46   .@[.qF...F..<..F
 2780 : A8 27 00 00  30 00 02 63   22 00 9A 48  DA E7 04 3F   .'..0..c"..H...?
 2790 : 3E 60 76 46  01 3E 33 78   01 21 01 33  19 40 5B 18   >`vF.>3x.!.3.@[.
 27A0 : 71 46 C9 18  8E 46 70 47   D4 27 00 00  30 00 02 73   qF...FpG.'..0..s
 27B0 : 22 00 91 48  C6 E7 04 3F   3E 60 76 46  04 3F 3E 60   "..H...?>`vF.?>`
 27C0 : 01 3E 36 78  01 21 73 1C   19 40 5B 18  71 46 C9 18   .>6x.!s..@[.qF..
 27D0 : 8E 46 70 47  EC 27 00 00   00 00 05 63  6F 75 6E 74   .FpG.'.....count
 27E0 : 01 36 04 3F  3E 60 01 3E   36 78 70 47  04 28 00 00   .6.?>`.>6xpG.(..
 27F0 : 00 00 05 63  74 79 70 65   00 B5 FF F7  F1 FF 00 F0   ...ctype........
 2800 : 07 F8 00 BD  2C 28 00 00   00 00 04 74  79 70 65 00   ....,(.....type.
 2810 : 01 B5 01 CF  00 2E 07 D0   04 3F 3E 60  06 78 FF F7   .........?>`.x..
 2820 : 8D FD 01 30  01 3E F7 D1   40 CF 01 BD  68 28 00 00   ...0.>..@...h(..
 2830 : 00 00 04 68  65 78 2E 00   07 B5 31 00  40 CF 20 20   ...hex....1.@.  
 2840 : 0F 22 04 38  04 3F 3E 60   0E 00 C6 40  16 40 09 2E   .".8.?>`...@.@..
 2850 : 01 D9 37 36  00 E0 30 36   FF F7 70 FD  00 28 F0 D1   ..76..06..p..(..
 2860 : FF F7 2C FF  07 BD C0 46   78 28 00 00  00 00 03 68   ..,....Fx(.....h
 2870 : 2E 73 1F B5  61 4C 0E E0   88 28 00 00  00 00 03 75   .s..aL...(.....u
 2880 : 2E 73 1F B5  5E 4C 06 E0   2C 29 00 00  00 00 02 2E   .s..^L..,)......
 2890 : 73 00 1F B5  5B 4C 5C 49   C9 1B 89 08  22 0A 20 20   s...[L\I....".  
 28A0 : 29 2F 20 0A  20 28 27 3E   20 0A 20 2F  43 43 20 20   )/ . ('> . /CC  
 28B0 : 20 33 35 20  43 43 43 0A   38 5C 29 29  5F 20 0A 0A    35 CCC.8\))_ ..
 28C0 : 52 4A 10 68  03 B4 0A 20   10 60 FF F7  49 FF 08 53   RJ.h... .`..I..S
 28D0 : 74 61 63 6B  3A 20 5B 00   04 3F 3E 60  0E 00 01 F0   tack: [..?>`....
 28E0 : 2B FD FF F7  3D FF 02 5D   20 00 03 BC  27 36 47 4A   +...=..] ...'6GJ
 28F0 : 10 60 00 29  0A D0 46 4A   10 68 06 B4  04 3F 3E 60   .`.)..FJ.h...?>`
 2900 : 06 00 A0 47  06 BC 04 3A   01 39 F5 D1  FF F7 28 FF   ...G...:.9....(.
 2910 : 06 20 54 4F  53 3A 20 00   04 3F 3E 60  36 00 A0 47   . TOS: ..?>`6..G
 2920 : FF F7 1E FF  04 20 2A 3E   0A 00 1F BD  CC 29 00 00   ..... *>.....)..
 2930 : 00 00 05 77  6F 72 64 73   00 B5 FF F7  11 FF 01 0A   ...words........
 2940 : 00 F0 8B FE  FF F7 0C FF   09 41 64 64  72 65 73 73   .........Address
 2950 : 3A 20 04 3F  3E 60 FF F7   6F FF FF F7  01 FF 06 4C   : .?>`..o......L
 2960 : 69 6E 6B 3A  20 00 04 3F   3E 60 36 68  FF F7 64 FF   ink: ..?>`6h..d.
 2970 : FF F7 F6 FE  07 46 6C 61   67 73 3A 20  04 3F 3E 60   .....Flags: .?>`
 2980 : B6 88 FF F7  59 FF FF F7   EB FE 06 43  6F 64 65 3A   ....Y......Code:
 2990 : 20 00 B0 1D  00 F0 9C FE   04 3F 3E 60  06 00 FF F7    ........?>`....
 29A0 : 4B FF FF F7  DD FE 06 4E   61 6D 65 3A  20 00 04 3F   K......Name: ..?
 29B0 : 3E 60 06 36  FF F7 20 FF   FF F7 D2 FE  01 0A 00 F0   >`.6.. .........
 29C0 : 64 FE 30 00  40 CF BD D0   40 CF 00 BD  1C 2A 00 00   d.0.@...@....*..
 29D0 : 00 00 06 75  6E 75 73 65   64 00 00 B5  00 F0 56 FF   ...unused.....V.
 29E0 : 0C 48 01 68  0B 4A 91 42   00 D2 0B 4E  76 1A 00 BD   .H.h.J.B...Nv...
 29F0 : 60 27 00 00  8E 27 00 00   B6 27 00 00  39 28 00 00   `'...'...'..9(..
 2A00 : 27 43 00 00  39 43 00 00   8C 02 00 20  FC 3F 00 20   'C..9C..... .?. 
 2A10 : 88 02 00 20  00 00 00 20   00 00 04 00  6C 2B 00 00   ... ... ....l+..
 2A20 : 00 00 10 72  65 67 69 73   74 65 72 6C  69 74 65 72   ...registerliter
 2A30 : 61 6C 2C 00  3F B5 A6 4B   38 68 18 40  98 42 0F D1   al,.?..K8h.@.B..
 2A40 : 38 68 C0 43  38 60 40 B4   00 F0 0D F8  04 3F 3E 60   8h.C8`@......?>`
 2A50 : A0 4E 01 BC  06 43 C0 00   06 43 00 F0  96 FB 3F BD   .N...C...C....?.
 2A60 : 00 F0 01 F8  3F BD 00 B5   35 00 40 CF  29 00 C9 00   ....?...5.@.)...
 2A70 : 29 43 2D 02  98 48 05 43   FF 23 00 22  30 00 D0 40   )C-..H.C.#."0..@
 2A80 : 98 43 01 D0  01 32 F9 E7   30 00 D0 40  18 40 28 43   .C...2..0..@.@(C
 2A90 : 04 3F 3E 60  06 00 00 F0   78 FB 90 48  05 43 18 00   .?>`....x..H.C..
 2AA0 : 90 40 86 43  10 D0 00 24   30 00 E0 40  98 43 01 D0   .@.C...$0..@.C..
 2AB0 : 01 34 F9 E7  10 1B 04 3F   3E 60 0E 00  80 01 06 43   .4.....?>`.....C
 2AC0 : 00 F0 63 FB  22 00 DF E7   00 2A 06 D0  04 3F 3E 60   ..c."....*...?>`
 2AD0 : 0E 00 92 01  16 43 00 F0   58 FB 40 CF  00 BD 1F B5   .....C..X.@.....
 2AE0 : 31 00 40 CF  7E 4C 0C 43   C9 00 0C 43  49 01 30 00   1.@.~L.C...CI.0.
 2AF0 : 40 CF 02 0E  FF 23 1A 40   77 4B 0B 43  13 43 04 3F   @....#.@wK.C.C.?
 2B00 : 3E 60 1E 00  00 F0 41 FB   04 3F 3E 60  26 00 00 F0   >`....A..?>`&...
 2B10 : 3C FB 02 0C  FF 23 1A 40   72 4B 0B 43  13 43 04 3F   <....#.@rK.C.C.?
 2B20 : 3E 60 1E 00  00 F0 31 FB   04 3F 3E 60  26 00 00 F0   >`....1..?>`&...
 2B30 : 2C FB 02 0A  FF 23 1A 40   6A 4B 0B 43  13 43 04 3F   ,....#.@jK.C.C.?
 2B40 : 3E 60 1E 00  00 F0 21 FB   04 3F 3E 60  26 00 00 F0   >`....!..?>`&...
 2B50 : 1C FB 02 00  FF 23 1A 40   62 4B 0B 43  13 43 04 3F   .....#.@bK.C.C.?
 2B60 : 3E 60 1E 00  00 F0 11 FB   1F BD C0 46  DC 2B 00 00   >`.........F.+..
 2B70 : 00 00 05 63  61 6C 6C 2C   0F B5 33 00  00 F0 76 FE   ...call,..3...v.
 2B80 : 30 00 40 CF  1B 1A 04 3B   57 49 19 40  00 29 0E D0   0.@....;WI.@.)..
 2B90 : 56 4A 91 42  0B D0 01 36   04 3F 3E 60  00 26 FF F7   VJ.B...6.?>`.&..
 2BA0 : 49 FF 04 3F  3E 60 52 4E   00 F0 EF FA  0F BD 40 CF   I..?>`RN......@.
 2BB0 : 5B 08 50 48  50 49 19 40   08 43 DB 0A  4F 49 19 40   [.PHPI.@.C..OI.@
 2BC0 : 09 04 08 43  9B 0A 01 21   19 40 89 06  08 43 04 3F   ...C...!.@...C.?
 2BD0 : 3E 60 06 00  00 F0 09 FB   0F BD C0 46  10 2C 00 00   >`.........F.,..
 2BE0 : 00 00 08 6C  69 74 65 72   61 6C 2C 00  00 B5 04 3F   ...literal,....?
 2BF0 : 3E 60 43 4E  00 F0 C9 FA   04 3F 3E 60  41 4E 00 F0   >`CN.....?>`AN..
 2C00 : C4 FA 04 3F  3E 60 06 26   FF F7 14 FF  00 BD C0 46   ...?>`.&.......F
 2C10 : 38 2C 00 00  00 00 06 63   72 65 61 74  65 00 00 B5   8,.....create...
 2C20 : 00 F0 3D F8  2C 20 00 02   57 30 80 47  04 3F 3E 60   ..=., ..W0.G.?>`
 2C30 : 76 46 01 3E  00 BD C0 46   90 2C 00 00  20 00 05 64   vF.>...F.,.. ..d
 2C40 : 6F 65 73 3E  2C 20 00 02   57 30 80 47  04 3F 3E 60   oes>, ..W0.G.?>`
 2C50 : 76 46 01 3E  70 47 04 3F   3E 60 76 46  01 3E 2A 4A   vF.>pG.?>`vF.>*J
 2C60 : 13 68 2A 49  09 68 02 20   08 40 00 D1  02 31 02 31   .h*I.h. .@...1.1
 2C70 : 11 60 01 36  04 3F 3E 60   00 26 FF F7  30 FF 04 3F   .`.6.?>`.&..0..?
 2C80 : 3E 60 1B 4E  00 F0 81 FA   13 60 00 F0  F0 F9 00 BD   >`.N.....`......
 2C90 : 14 2D 00 00  00 00 07 3C   62 75 69 6C  64 73 00 B5   .-.....lds..
 2CA0 : 00 F0 98 FB  00 F0 E2 FD   02 20 06 40  40 CF 04 D1   ......... .@@...
 2CB0 : 04 3F 3E 60  36 26 00 F0   68 FA 04 3F  3E 60 14 4E   .?>`6&..h..?>`.N
 2CC0 : 00 F0 63 FA  04 3F 3E 60   10 26 00 F0  D1 FA 00 BD   ..c..?>`.&......
 2CD0 : 00 00 FF FF  C0 43 00 00   00 20 00 00  00 10 00 00   .....C... ......
 2CE0 : 00 02 00 00  00 30 00 00   01 00 C0 FF  00 00 C0 FF   .....0..........
 2CF0 : 80 47 00 00  00 F8 00 F0   FF 07 00 00  FF 03 00 00   .G..............
 2D00 : 04 3F 00 00  3E 60 00 00   00 00 00 20  14 00 00 20   .?..>`..... ... 
 2D10 : 00 B5 00 00  20 2D 00 00   50 00 03 5B  27 5D 03 E0   .... -..P..[']..
 2D20 : 38 2D 00 00  00 00 01 27   00 B5 01 F0  1F F9 00 F0   8-.....'........
 2D30 : 31 FD 30 00  40 CF 00 BD   70 2D 00 00  30 00 08 70   1.0.@...p-..0..p
 2D40 : 6F 73 74 70  6F 6E 65 00   00 B5 FF F7  ED FF 04 3F   ostpone........?
 2D50 : 3E 60 06 00  39 68 3E 60   0E 46 FF F7  47 FF FF F7   >`..9h>`.F..G...
 2D60 : 45 FF 04 3F  3E 60 E6 4E   FF F7 06 FF  00 BD C0 46   E..?>`.N.......F
 2D70 : BC 2D 00 00  00 00 07 69   6E 6C 69 6E  65 2C 00 B5   .-.....inline,..
 2D80 : E0 49 E1 4A  E1 4B 30 88   88 42 08 D0  90 42 08 D0   .I.J.K0..B...B..
 2D90 : 98 42 06 D0  04 3F 3E 60   06 00 00 F0  F6 F9 02 36   .B...?>`.......6
 2DA0 : F1 E7 40 CF  00 BD 0E B4   D7 4A D8 4B  01 88 02 30   ..@......J.K...0
 2DB0 : 91 42 01 D0  99 42 F9 D1   0E BC 70 47  D0 2D 00 00   .B...B....pG.-..
 2DC0 : 00 00 04 72  65 74 2C 00   04 3F 3E 60  CE 4E DC E1   ...ret,..?>`.N..
 2DD0 : E0 2D 00 00  30 00 04 65   78 69 74 00  F4 E7 C0 46   .-..0..exit....F
 2DE0 : F8 2D 00 00  30 00 07 72   65 63 75 72  73 65 04 3F   .-..0..recurse.?
 2DF0 : 3E 60 C7 4E  36 68 BF E6   10 2E 00 00  81 00 05 73   >`.N6h.........s
 2E00 : 74 61 74 65  04 3F 3E 60   C2 4E 70 47  00 00 00 00   tate.?>`.NpG....
 2E10 : 24 2E 00 00  00 00 01 5D   BE 48 00 21  C9 43 01 60   $......].H.!.C.`
 2E20 : 70 47 C0 46  34 2E 00 00   10 00 01 5B  B9 48 00 21   pG.F4......[.H.!
 2E30 : 01 60 70 47  54 2E 00 00   00 00 01 3A  00 B5 B6 48   .`pGT......:...H
 2E40 : 07 60 00 F0  C7 FA B3 48   01 21 01 60  B3 48 00 21   .`.....H.!.`.H.!
 2E50 : 01 60 00 BD  CC 2E 00 00   30 08 01 3B  00 B5 AE 48   .`......0..;...H
 2E60 : 01 68 B9 42  14 D0 AE 49   8E 42 02 D1  AD 4E FF F7   .h.B...I.B...N..
 2E70 : C3 FC FF F7  75 FC 15 20   53 74 61 63  6B 20 6E 6F   ....u.. Stack no
 2E80 : 74 20 62 61  6C 61 6E 63   65 64 2E 0A  01 F0 F0 FB   t balanced......
 2E90 : A0 48 00 68  41 1C 0E D0   0B 28 04 D8  04 3F 3E 60   .H.hA....(...?>`
 2EA0 : A1 4E 00 F0  13 F9 04 3F   3E 60 98 4E  00 F0 6D F9   .N.....?>`.N..m.
 2EB0 : 01 F0 DF FA  04 E0 04 3F   3E 60 93 4E  00 F0 65 F9   .......?>`.N..e.
 2EC0 : 00 F0 D5 F8  93 48 00 21   01 60 00 BD  E0 2E 00 00   .....H.!.`......
 2ED0 : 00 00 07 65  78 65 63 75   74 65 30 00  40 CF 87 46   ...execute0.@..F
 2EE0 : F8 2E 00 00  10 00 09 69   6D 6D 65 64  69 61 74 65   .......immediate
 2EF0 : 04 3F 3E 60  10 26 E9 E0   10 2F 00 00  50 00 06 69   .?>`.&.../..P..i
 2F00 : 6E 6C 69 6E  65 00 04 3F   3E 60 20 26  DE E0 C0 46   nline..?>` &...F
 2F10 : 2C 2F 00 00  10 00 0B 63   6F 6D 70 69  6C 65 6F 6E   ,/.....compileon
 2F20 : 6C 79 04 3F  3E 60 30 26   D0 E0 C0 46  48 2F 00 00   ly.?>`0&...FH/..
 2F30 : 50 00 0A 30  2D 66 6F 6C   64 61 62 6C  65 00 04 3F   P..0-foldable..?
 2F40 : 3E 60 40 26  C2 E0 C0 46   64 2F 00 00  50 00 0A 31   >`@&...Fd/..P..1
 2F50 : 2D 66 6F 6C  64 61 62 6C   65 00 04 3F  3E 60 41 26   -foldable..?>`A&
 2F60 : B4 E0 C0 46  80 2F 00 00   50 00 0A 32  2D 66 6F 6C   ...F./..P..2-fol
 2F70 : 64 61 62 6C  65 00 04 3F   3E 60 42 26  A6 E0 C0 46   dable..?>`B&...F
 2F80 : 9C 2F 00 00  50 00 0A 33   2D 66 6F 6C  64 61 62 6C   ./..P..3-foldabl
 2F90 : 65 00 04 3F  3E 60 43 26   98 E0 C0 46  B8 2F 00 00   e..?>`C&...F./..
 2FA0 : 50 00 0A 34  2D 66 6F 6C   64 61 62 6C  65 00 04 3F   P..4-foldable..?
 2FB0 : 3E 60 44 26  8A E0 C0 46   D4 2F 00 00  50 00 0A 35   >`D&...F./..P..5
 2FC0 : 2D 66 6F 6C  64 61 62 6C   65 00 04 3F  3E 60 45 26   -foldable..?>`E&
 2FD0 : 7C E0 C0 46  F0 2F 00 00   50 00 0A 36  2D 66 6F 6C   |..F./..P..6-fol
 2FE0 : 64 61 62 6C  65 00 04 3F   3E 60 46 26  6E E0 C0 46   dable..?>`F&n..F
 2FF0 : 0C 30 00 00  50 00 0A 37   2D 66 6F 6C  64 61 62 6C   .0..P..7-foldabl
 3000 : 65 00 04 3F  3E 60 47 26   60 E0 C0 46  3C 30 00 00   e..?>`G&`..F<0..
 3010 : 00 00 08 63  6F 6E 73 74   61 6E 74 00  00 B5 00 F0   ...constant.....
 3020 : D9 F9 FF F7  E3 FD 04 3F   3E 60 38 4E  00 F0 AD F8   .......?>`8N....
 3030 : FF F7 85 FF  00 F0 1B F8   00 BD C0 46  60 30 00 00   ...........F`0..
 3040 : 00 00 09 32  63 6F 6E 73   74 61 6E 74  00 B5 00 F0   ...2constant....
 3050 : C1 F9 39 68  3E 60 0E 46   FF F7 C8 FD  E1 E7 C0 46   ..9h>`.F.......F
 3060 : BC 30 00 00  00 00 06 73   6D 75 64 67  65 00 00 B5   .0.....smudge...
 3070 : 2E 48 01 68  2D 4A 91 42   1A D2 02 39  0A 88 2C 4B   .H.h-J.B...9..,K
 3080 : 9A 42 04 D1  04 3F 3E 60   2A 4E 00 F0  7E F8 00 F0   .B...?>`*N..~...
 3090 : 6B F8 29 48  00 68 04 3F   3E 60 06 00  27 49 09 68   k.)H.h.?>`..'I.h
 30A0 : 04 31 22 4A  13 68 11 60   00 F0 6F F8  13 60 00 BD   .1"J.h.`..o..`..
 30B0 : 00 F0 5A F8  04 3F 3E 60   1E 4E 08 E0  40 31 00 00   ..Z..?>`.N..@1..
 30C0 : 00 00 08 73  65 74 66 6C   61 67 73 00  00 B5 17 48   ...setflags....H
 30D0 : 01 68 16 4A  91 42 05 D2   17 48 01 68  31 43 01 60   .h.J.B...H.h1C.`
 30E0 : 40 CF 00 BD  32 00 40 CF   14 48 00 68  04 30 01 88   @...2.@..H.h.0..
 30F0 : 0F 4B 99 42  01 D1 11 00   00 E0 11 43  01 80 00 BD   .K.B.......C....
 3100 : 76 43 00 00  00 B5 00 00   00 BD 00 00  70 47 00 00   vC..........pG..
 3110 : 14 00 00 20  D8 3F 00 20   10 00 00 20  5C 00 00 20   ... .?. ... \.. 
 3120 : 85 19 12 04  9C 28 00 00   20 08 00 00  00 00 00 20   .....(.. ...... 
 3130 : FF FF 00 00  00 00 00 00   20 00 00 20  04 00 00 20   ........ .. ... 
 3140 : 5C 31 00 00  41 00 07 61   6C 69 67 6E  65 64 01 20   \1..A..aligned. 
 3150 : 30 40 36 18  02 20 30 40   36 18 70 47  80 31 00 00   0@6.. 0@6.pG.1..
 3160 : 00 00 05 61  6C 69 67 6E   00 B5 8C 48  01 68 02 20   ...align...H.h. 
 3170 : 01 40 04 D0  04 3F 3E 60   89 4E 00 F0  06 F8 00 BD   .@...?>`.N......
 3180 : C4 31 00 00  00 00 02 68   2C 00 0F B5  B6 B2 85 48   .1.....h,......H
 3190 : 01 68 00 29  02 D0 01 31   00 D0 01 60  7F 48 01 68   .h.)...1...`.H.h
 31A0 : 7E 4A 91 42  05 D2 04 3F   3E 60 0E 00  FE F7 8B FD   ~J.B...?>`......
 31B0 : 02 E0 32 00  40 CF 0A 80   04 3F 3E 60  02 26 00 F0   ..2.@....?>`.&..
 31C0 : 57 F8 0F BD  E0 31 00 00   00 00 01 2C  00 B5 04 3F   W....1.....,...?
 31D0 : 3E 60 FF F7  DA FF 36 0C   FF F7 D7 FF  00 BD C0 46   >`....6........F
 31E0 : FC 31 00 00  00 00 03 3E   3C 2C 00 B5  04 3F 3E 60   .1.....><,...?>`
 31F0 : 36 0C FF F7  CA FF FF F7   C8 FF 00 BD  64 32 00 00   6...........d2..
 3200 : 00 00 07 73  74 72 69 6E   67 2C 07 B5  FF 21 31 40   ...string,...!1@
 3210 : 40 CF 30 00  40 CF 00 29   05 D1 04 3F  3E 60 00 26   @.0.@..)...?>`.&
 3220 : FF F7 B3 FF  07 BD 04 3F   3E 60 06 78  36 02 0E 43   .......?>`.x6..C
 3230 : FF F7 AB FF  01 30 01 39   02 29 0A D3  04 3F 3E 60   .....0.9.)...?>`
 3240 : 46 78 36 02  02 78 16 43   FF F7 9F FF  02 30 02 39   Fx6..x.C.....0.9
 3250 : F2 E7 00 29  00 D1 07 BD   04 3F 3E 60  06 78 FF F7   ...).....?>`.x..
 3260 : 94 FF 07 BD  C0 32 00 00   00 00 05 61  6C 6C 6F 74   .....2.....allot
 3270 : 4A 48 01 68  49 4A 91 42   0F D2 32 00  40 CF 89 18   JH.hIJ.B..2.@...
 3280 : 49 4A 91 42  19 D3 FF F7   6B FA 0B 46  6C 61 73 68   IJ.B....k..Flash
 3290 : 20 66 75 6C  6C 0A 01 F0   EB F9 32 00  40 CF 89 18    full.....2.@...
 32A0 : 42 4A 12 68  91 42 08 D3   FF F7 5A FA  09 52 61 6D   BJ.h.B....Z..Ram
 32B0 : 20 66 75 6C  6C 0A 01 F0   DB F9 01 60  70 47 C0 46    full......`pG.F
 32C0 : E4 32 00 00  00 00 09 66   6F 72 67 65  74 72 61 6D   .2.....forgetram
 32D0 : 00 B5 00 F0  25 F8 31 48   35 49 01 60  35 48 36 49   ....%.1H5I.`5H6I
 32E0 : 01 60 00 BD  0C 33 00 00   00 00 0D 63  6F 6D 70 69   .`...3.....compi
 32F0 : 6C 65 74 6F  72 61 6D 3F   04 3F 3E 60  00 26 27 48   letoram?.?>`.&'H
 3300 : 00 68 26 49  88 42 48 D3   F6 43 70 47  2C 33 00 00   .h&I.BH..CpG,3..
 3310 : 00 00 0C 63  6F 6D 70 69   6C 65 74 6F  72 61 6D 00   ...compiletoram.
 3320 : 1E 48 00 68  1D 49 88 42   11 D3 70 47  C4 33 00 00   .H.h.I.B..pG.3..
 3330 : 00 00 0E 63  6F 6D 70 69   6C 65 74 6F  66 6C 61 73   ...compiletoflas
 3340 : 68 00 16 48  00 68 15 49   88 42 00 D2  70 47 19 48   h..H.h.I.B..pG.H
 3350 : 1A 49 02 68  0B 68 0A 60   03 60 10 48  18 49 02 68   .I.h.h.`.`.H.I.h
 3360 : 0B 68 0A 60  03 60 11 48   00 68 83 42  15 D3 00 B5   .h.`.`.H.h.B....
 3370 : FF F7 F6 F9  23 20 56 61   72 69 61 62  6C 65 73 20   ....# Variables 
 3380 : 63 6F 6C 6C  69 64 65 20   77 69 74 68  20 64 69 63   collide with dic
 3390 : 74 69 6F 6E  61 72 79 0A   00 BD 70 47  00 00 00 20   tionary...pG... 
 33A0 : 00 00 00 00  D8 3F 00 20   00 00 04 00  24 00 00 20   .....?. ....$.. 
 33B0 : 8C 03 00 20  04 00 00 20   C0 00 00 00  1C 00 00 20   ... ... ....... 
 33C0 : 18 00 00 20  B4 34 00 00   00 00 08 28  63 72 65 61   ... .4.....(crea
 33D0 : 74 65 29 00  00 B5 00 F0   C9 FD 00 2E  0E D1 FF F7   te).............
 33E0 : BF F9 15 20  43 72 65 61   74 65 20 6E  65 65 64 73   ... Create needs
 33F0 : 20 6E 61 6D  65 20 21 0A   01 F0 3A F9  38 68 04 3F    name !...:.8h.?
 3400 : 3E 60 04 3F  38 60 00 F0   73 F9 40 CF  00 2E 40 CF   >`.?8`..s.@...@.
 3410 : 11 D0 38 68  04 3F 3E 60   04 3F 38 60  FF F7 A0 F9   ..8h.?>`.?8`....
 3420 : 09 52 65 64  65 66 69 6E   65 20 FF F7  F1 F9 FF F7   .Redefine ......
 3430 : 97 F9 02 2E  20 00 FF F7   97 FE 75 48  00 68 74 49   .... .....uH.htI
 3440 : 88 42 1E D2  73 48 74 49   01 60 00 F0  0F FA 04 3F   .B..sHtI.`.....?
 3450 : 3E 60 06 26  FF F7 0C FF   FD F7 64 FD  FF F7 D5 FE   >`.&......d.....
 3460 : 6E 48 01 68  0A 68 6E 4B   9A 42 07 D1  68 4A 13 68   nH.h.hnK.B..hJ.h
 3470 : 11 60 04 3F  3E 60 FF F7   A9 FE 13 60  06 60 40 CF   .`.?>`.....`.`@.
 3480 : 12 E0 00 F0  F3 F9 65 48   04 3F 3E 60  06 68 FF F7   ......eH.?>`.h..
 3490 : 9D FE 04 3F  3E 60 63 4E   FF F7 77 FE  5F 48 31 00   ...?>`cN..w._H1.
 34A0 : 40 CF 01 60  FF F7 B1 FE   59 48 01 68  5E 48 01 60   @..`....YH.h^H.`
 34B0 : 00 BD C0 46  CC 34 00 00   00 00 08 76  61 72 69 61   ...F.4.....varia
 34C0 : 62 6C 65 00  04 3F 3E 60   01 26 13 E0  E4 34 00 00   ble..?>`.&...4..
 34D0 : 00 00 09 32  76 61 72 69   61 62 6C 65  04 3F 3E 60   ...2variable.?>`
 34E0 : 02 26 07 E0  54 35 00 00   00 00 09 6E  76 61 72 69   .&..T5.....nvari
 34F0 : 61 62 6C 65  00 B5 FF F7   6D FF 45 48  01 68 44 4A   able....m.EH.hDJ
 3500 : 91 42 18 D2  0F 20 06 40   B2 00 00 F0  4A F8 30 00   .B... .@....J.0.
 3510 : 40 CF 02 00  00 28 05 D0   0E 60 04 31  FF F7 56 FE   @....(...`.1..V.
 3520 : 01 38 F9 D1  04 3F 3E 60   80 26 16 43  FF F7 CE FD   .8...?>`.&.C....
 3530 : FF F7 9D FD  00 BD 00 F0   4E F8 30 00  40 CF 00 28   ........N.0.@..(
 3540 : 03 D0 FF F7  43 FE 01 38   FB D1 FF F7  F8 FC FF F7   ....C..8........
 3550 : 8E FD 00 BD  44 36 00 00   00 00 07 62  75 66 66 65   ....D6.....buffe
 3560 : 72 3A 00 B5  FF F7 36 FF   01 20 30 40  36 18 02 20   r:....6.. 0@6.. 
 3570 : 30 40 36 18  26 48 01 68   25 4A 91 42  0C D2 32 00   0@6.&H.h%J.B..2.
 3580 : 00 F0 0F F8  FF F7 22 FE   04 3F 3E 60  27 4E FF F7   ......"..?>`'N..
 3590 : 9D FD FF F7  6C FD 00 BD   00 F0 1D F8  FF F7 68 FE   ....l.........h.
 35A0 : D3 E7 00 B5  22 48 01 68   89 1A 22 4A  91 42 0B D2   ...."H.h.."J.B..
 35B0 : FF F7 D6 F8  0F 4E 6F 74   20 65 6E 6F  75 67 68 20   .....Not enough 
 35C0 : 52 41 4D 0A  01 F0 54 F8   01 60 04 3F  3E 60 0E 00   RAM...T..`.?>`..
 35D0 : FF F7 0C FB  15 E0 00 B5   00 F0 48 F9  02 20 06 40   ..........H.. .@
 35E0 : 40 CF 04 D1  04 3F 3E 60   36 26 FF F7  CE FD 04 3F   @....?>`6&.....?
 35F0 : 3E 60 11 4E  FF F7 F9 FD   04 3F 3E 60  0F 4E FF F7   >`.N.....?>`.N..
 3600 : F4 FD 04 3F  3E 60 0E 4E   FF F7 BF FD  00 BD 00 00   ...?>`.N........
 3610 : 00 00 00 20  20 00 00 20   00 00 00 00  04 00 00 20   ...  .. ....... 
 3620 : FF FF FF FF  FF FF 00 00   14 00 00 20  40 01 00 00   ........... @...
 3630 : 24 00 00 20  8C 03 00 20   3E 60 04 3F  02 36 7E 46   $.. ... >`.?.6~F
 3640 : 70 47 00 00  74 36 00 00   00 00 0F 64  69 63 74 69   pG..t6.....dicti
 3650 : 6F 6E 61 72  79 73 74 61   72 74 55 48  00 68 54 49   onarystartUH.hTI
 3660 : 04 3F 3E 60  88 42 01 D2   52 4E 70 47  52 4E 36 68   .?>`.B..RNpGRN6h
 3670 : 70 47 C0 46  B0 36 00 00   00 00 0E 64  69 63 74 69   pG.F.6.....dicti
 3680 : 6F 6E 61 72  79 6E 65 78   74 00 03 B5  31 68 4B 48   onarynext...1hKH
 3690 : 81 42 07 D0  88 79 FF 28   04 D0 0E 00  04 3F 3E 60   .B...y.(.....?>`
 36A0 : 00 26 03 BD  04 3F 3E 60   00 26 F6 43  03 BD C0 46   .&...?>`.&.C...F
 36B0 : E4 36 00 00  00 00 0A 73   6B 69 70 73  74 72 69 6E   .6.....skipstrin
 36C0 : 67 00 31 78  01 31 01 22   0A 40 89 18  76 18 70 47   g.1x.1.".@..v.pG
 36D0 : 06 B4 01 78  01 31 01 22   0A 40 89 18  40 18 06 BC   ...x.1.".@..@...
 36E0 : 70 47 C0 46  F8 36 00 00   00 00 04 66  69 6E 64 00   pG.F.6.....find.
 36F0 : 33 48 00 68  87 46 C0 46   14 37 00 00  81 00 09 68   3H.h.F.F.7.....h
 3700 : 6F 6F 6B 2D  66 69 6E 64   04 3F 3E 60  2D 4E 70 47   ook-find.?>`-NpG
 3710 : 22 37 00 00  CC 37 00 00   00 00 06 28  66 69 6E 64   "7...7.....(find
 3720 : 29 00 30 B5  00 20 00 21   03 B4 35 00  40 CF 34 00   ).0.. .!..5.@.4.
 3730 : 40 CF FF F7  92 FF 24 48   B1 88 88 42  1D D0 B1 79   @.....$H...B...y
 3740 : A9 42 1A D1  F0 1D 01 39   42 5C 63 5C  41 2A 02 D3   .B.....9B\c\A*..
 3750 : 5B 2A 00 D2  20 32 41 2B   02 D3 5B 2B  00 D2 20 33   [*.. 2A+..[+.. 3
 3760 : 9A 42 0A D1  00 29 EE D1   02 B0 B0 1D  FF F7 B0 FF   .B...)..........
 3770 : B1 88 03 B4  0E 48 86 42   06 D2 36 68  0F 48 86 42   .....H.B..6h.H.B
 3780 : 02 D0 B0 79  FF 28 D6 D1   03 BC 06 00  04 3F 3E 60   ...y.(.......?>`
 3790 : 0E 00 30 BD  00 B5 31 00   38 68 03 B4  FF F7 A8 FF   ..0...1.8h......
 37A0 : 03 BC 3A 68  00 2A 01 D1   00 F0 10 FF  00 BD 00 00   ..:h.*..........
 37B0 : 00 00 00 20  C0 00 00 00   04 00 00 20  FF FF FF FF   ... ....... ....
 37C0 : D4 3F 00 20  D4 3F 00 20   FF FF 00 00  28 38 00 00   .?. .?. ....(8..
 37D0 : 00 00 06 63  6A 75 6D 70   2C 00 32 00  40 CF 31 00   ...cjump,.2.@.1.
 37E0 : 40 CF 8B 1B  04 3B D8 49   19 40 00 29  0D D0 D7 48   @....;.I.@.)...H
 37F0 : 81 42 0A D0  FE F7 B4 FF   0D 4A 75 6D  70 20 74 6F   .B.......Jump to
 3800 : 6F 20 66 61  72 0A 00 F0   33 FF 5B 10  FF 21 0B 40   o far...3.[..!.@
 3810 : 13 43 30 00  1E 00 00 B5   CD 4A 13 68  10 60 FF F7   .C0......J.h.`..
 3820 : B4 FC 13 60  00 BD C0 46   60 38 00 00  00 00 05 6A   ...`...F`8.....j
 3830 : 75 6D 70 2C  31 00 40 CF   30 00 40 CF  0B 1A 04 3B   ump,1.@.0.@....;
 3840 : C4 49 19 40  00 29 02 D0   C3 4A 91 42  D2 D1 5B 10   .I.@.)...J.B..[.
 3850 : C2 4A 13 40  C2 4A 13 43   04 3F 3E 60  1E 00 DA E7   .J.@.J.C.?>`....
 3860 : 78 38 00 00  00 00 04 68   65 72 65 00  04 3F 3E 60   x8.....here..?>`
 3870 : B7 4E 36 68  70 47 C0 46   A0 39 00 00  00 00 0D 66   .N6hpG.F.9.....f
 3880 : 6C 61 73 68  76 61 72 2D   68 65 72 65  04 3F 3E 60   lashvar-here.?>`
 3890 : B4 4E 36 68  70 47 00 B5   04 3F 3E 60  B2 4E FF F7   .N6hpG...?>`.N..
 38A0 : 74 FC 04 3F  3E 60 B1 4E   FF F7 6F FC  00 BD DD E7   t..?>`.N..o.....
 38B0 : 00 B5 00 F0  37 F8 39 68   3E 60 0E 46  04 3F 3E 60   ....7.9h>`.F.?>`
 38C0 : AB 4E FF F7  8A FF 00 BD   00 B5 00 F0  2B F8 39 68   .N..........+.9h
 38D0 : 3E 60 0E 46  04 3F 3E 60   A6 4E FF F7  7E FF 00 BD   >`.F.?>`.N..~...
 38E0 : 00 B5 FF F7  D8 FF 00 F0   1D F8 39 68  3E 60 0E 46   ..........9h>`.F
 38F0 : 04 3F 3E 60  A0 4E FF F7   70 FF 00 BD  00 B5 00 F0   .?>`.N..p.......
 3900 : 11 F8 39 68  3E 60 0E 46   FF F7 94 FF  00 BD 00 B5   ..9h>`.F........
 3910 : FF F7 C1 FF  FF F7 AA FF   04 3F 3E 60  02 26 FF F7   .........?>`.&..
 3920 : A7 FC 00 BD  00 B5 FF F7   A1 FF 04 3F  3E 60 02 26   ...........?>`.&
 3930 : FF F7 9E FC  00 BD 00 B5   FF F7 98 FF  FF F7 7A FF   ..............z.
 3940 : 00 BD 00 B5  FF F7 92 FF   04 3F 3E 60  8A 4E FF F7   .........?>`.N..
 3950 : 44 FF 00 BD  00 B5 FF F7   89 FF 04 3F  3E 60 84 4E   D..........?>`.N
 3960 : FF F7 3B FF  00 BD 00 B5   FC F7 2D FD  FC F7 5E FC   ..;.......-...^.
 3970 : FC F7 61 FC  FC F7 64 FC   81 68 28 29  01 D1 FC F7   ..a...d..h()....
 3980 : 6B FD FC F7  5F FD 04 3F   3E 60 7C 4E  09 02 0E 43   k..._..?>`|N...C
 3990 : FF F7 FB FB  FC F7 0F FC   FC F7 3C FC  00 BD C0 46   ..........<....F
 39A0 : CC 39 00 00  30 00 04 74   68 65 6E 00  05 2E 01 D1   .9..0..then.....
 39B0 : 40 CF C0 E7  F1 B2 00 29   6E D1 00 B5  FF F7 56 FF   @......)n.....V.
 39C0 : 39 68 3E 60  0E 46 FF F7   08 FF 00 BD  E8 39 00 00   9h>`.F.......9..
 39D0 : 30 00 04 65  6C 73 65 00   00 B5 00 F0  35 F8 FC F7   0..else.....5...
 39E0 : C3 FD FF F7  E3 FF 00 BD   3C 3A 00 00  30 06 02 69   ........<:..0..i
 39F0 : 66 00 00 B5  FF F7 8B FF   04 3F 3E 60  5E 4E 00 BD   f........?>`^N..
 3A00 : 00 B5 FC F7  76 FD FD F7   E0 FD 81 6A  00 29 07 D0   ....v......j.)..
 3A10 : 02 B4 FC F7  FF FB FF F7   85 FF 04 3F  3E 60 40 BD   ...........?>`@.
 3A20 : FF F7 A1 FF  FF F7 22 FF   04 3F 3E 60  02 26 FF F7   ......"..?>`.&..
 3A30 : 1F FC 04 3F  3E 60 50 4E   00 BD C0 46  58 3A 00 00   ...?>`PN...FX:..
 3A40 : 30 00 05 61  68 65 61 64   00 B5 FF F7  6B FF 04 3F   0..ahead....k..?
 3A50 : 3E 60 05 26  00 BD C0 46   74 3A 00 00  30 00 06 72   >`.&...Ft:..0..r
 3A60 : 65 70 65 61  74 00 00 B5   00 F0 5C F8  FF F7 9E FF   epeat.....\.....
 3A70 : 00 BD C0 46  B8 3A 00 00   30 06 05 77  68 69 6C 65   ...F.:..0..while
 3A80 : 00 B5 FF F7  B6 FF FC F7   6F FD 00 BD  00 B5 FF F7   ........o.......
 3A90 : B7 FF FC F7  69 FD 00 BD   FE F7 62 FE  17 53 74 72   ....i.....b..Str
 3AA0 : 75 63 74 75  72 65 73 20   64 6F 6E 27  74 20 6D 61   uctures don't ma
 3AB0 : 74 63 68 0A  00 F0 DC FD   18 3B 00 00  30 06 05 75   tch......;..0..u
 3AC0 : 6E 74 69 6C  01 2E E7 D1   40 CF 09 E7  70 47 01 2E   ntil....@...pG..
 3AD0 : E2 D1 40 CF  00 B5 FD F7   78 FD 81 6A  00 29 0D D0   ..@.....x..j.)..
 3AE0 : 02 B4 FC F7  97 FB FF F7   1D FF 39 68  3E 60 0E 46   ..........9h>`.F
 3AF0 : 04 3F 3E 60  40 BC FF F7   70 FE 00 BD  FF F7 33 FF   .?>`@...p.....3.
 3B00 : FF F7 10 FF  39 68 3E 60   0E 46 04 3F  3E 60 1A 4E   ....9h>`.F.?>`.N
 3B10 : FF F7 63 FE  00 BD C0 46   2C 3B 00 00  30 00 05 61   ..c....F,;..0..a
 3B20 : 67 61 69 6E  01 2E B7 D1   40 CF E7 E6  80 3B 00 00   gain....@....;..
 3B30 : 30 00 05 62  65 67 69 6E   00 B5 FF F7  B8 FE 04 3F   0..begin.......?
 3B40 : 3E 60 01 26  00 BD 00 00   01 FF FF FF  00 FF FF FF   >`.&............
 3B50 : 00 00 00 20  01 F8 FF FF   00 F8 FF FF  FF 07 00 00   ... ............
 3B60 : 00 E0 00 00  24 00 00 20   00 2E 00 00  40 CF 00 00   ....$.. ....@...
 3B70 : 00 D1 00 00  00 D7 00 00   00 D0 00 00  00 28 00 00   .............(..
 3B80 : 98 3B 00 00  20 02 01 6B   04 3F 3E 60  02 9E 70 47   .;.. ..k.?>`..pG
 3B90 : 04 3F 3E 60  8E 4E 0A E0   C4 3B 00 00  20 02 01 6A   .?>`.N...;.. ..j
 3BA0 : 04 3F 3E 60  00 9E 70 47   04 3F 3E 60  89 4E 00 B5   .?>`..pG.?>`.N..
 3BB0 : FC F7 F7 FA  FC F7 D4 FB   03 60 1B 02  1E 43 FF F7   .........`...C..
 3BC0 : E4 FA 00 BD  F0 3B 00 00   20 02 01 69  04 3F 3E 60   .....;.. ..i.?>`
 3BD0 : 26 00 70 47  00 B5 04 3F   3E 60 7F 4E  FC F7 E1 FA   &.pG...?>`.N....
 3BE0 : FC F7 BE FB  03 60 1E 43   FF F7 CF FA  00 BD C0 46   .....`.C.......F
 3BF0 : 30 3C 00 00  30 00 05 6C   65 61 76 65  00 B5 77 48   0<..0..leave..wH
 3C00 : 01 68 3B 00  04 3F 1A 68   04 3B 1A 60  08 33 8B 42   .h;..?.h.;.`.3.B
 3C10 : F9 D1 03 B4  FF F7 86 FE   03 BC 33 00  40 CF 04 39   ..........3.@..9
 3C20 : 0B 60 01 60  04 39 0A 68   01 32 0A 60  00 BD C0 46   .`.`.9.h.2.`...F
 3C30 : 44 3C 00 00  20 00 06 75   6E 6C 6F 6F  70 00 30 BC   D<.. ..unloop.0.
 3C40 : 70 47 C0 46  7C 3C 00 00   30 00 05 2B  6C 6F 6F 70   pG.F|<..0..+loop
 3C50 : 03 2E 00 D0  20 E7 40 CF   00 B5 04 3F  3E 60 60 4E   .... .@....?>``N
 3C60 : FF F7 8D F8  FF F7 30 FE   1A E0 80 20  00 06 00 19   ......0.... ....
 3C70 : A4 19 40 1B  80 19 40 CF   70 47 C0 46  C0 3C 00 00   ..@...@.pG.F.<..
 3C80 : 30 00 04 6C  6F 6F 70 00   03 2E 00 D0  04 E7 40 CF   0..loop.......@.
 3C90 : 00 B5 04 3F  3E 60 53 4E   FF F7 71 F8  FF F7 08 FE   ...?>`SN..q.....
 3CA0 : 00 F0 4A F9  4D 48 31 00   40 CF 01 60  04 3F 3E 60   ..J.MH1.@..`.?>`
 3CB0 : 4D 4E FF F7  64 F8 00 BD   01 34 AC 42  70 47 C0 46   MN..d....4.BpG.F
 3CC0 : 08 3D 00 00  30 02 02 64   6F 00 00 B5  04 3F 3E 60   .=..0..do....?>`
 3CD0 : 46 4E FF F7  54 F8 41 48   01 68 04 3F  3E 60 0E 00   FN..T.AH.h.?>`..
 3CE0 : 04 3F 3E 60  00 26 07 60   FF F7 E1 FD  04 3F 3E 60   .?>`.&.`.....?>`
 3CF0 : 03 26 00 BD  00 B5 00 F0   2E F8 EC E7  30 B4 34 00   .&..........0.4.
 3D00 : 40 CF 35 00  40 CF 70 47   00 3E 00 00  30 02 03 3F   @.5.@.pG.>..0..?
 3D10 : 64 6F 00 B5  04 3F 3E 60   34 4E FF F7  30 F8 04 3F   do...?>`4N..0..?
 3D20 : 3E 60 33 4E  FF F7 31 FA   2C 48 01 68  04 3F 3E 60   >`3N..1.,H.h.?>`
 3D30 : 0E 00 FF F7  F7 FD 01 36   04 3F 3E 60  01 26 27 48   .......6.?>`.&'H
 3D40 : 07 60 FF F7  B4 FD 04 3F   3E 60 03 26  00 BD 00 B5   .`.....?>`.&....
 3D50 : 00 F0 01 F8  E3 E7 00 B5   FC F7 CB FB  FC F7 3D FB   ..............=.
 3D60 : FC F7 64 FA  FC F7 67 FA   FC F7 6A FA  04 3F 3E 60   ..d...g...j..?>`
 3D70 : 20 4E FF F7  0A FA 01 68   28 29 07 D0  04 3F 3E 60    N.....h()...?>`
 3D80 : 1D 4E C9 00  0E 43 FF F7   00 FA 07 E0  04 3F 3E 60   .N...C.......?>`
 3D90 : 46 68 04 3F  3E 60 04 26   FE F7 4C FE  81 68 28 29   Fh.?>`.&..L..h()
 3DA0 : 07 D0 04 3F  3E 60 15 4E   C9 00 0E 43  FF F7 ED F9   ...?>`.N...C....
 3DB0 : 07 E0 04 3F  3E 60 C6 68   04 3F 3E 60  05 26 FE F7   ...?>`.h.?>`.&..
 3DC0 : 39 FE FC F7  F8 F9 FC F7   F6 F9 FC F7  43 FA 00 BD   9...........C...
 3DD0 : 02 98 00 00  00 98 00 00   20 00 00 00  0C 00 00 20   ........ ...... 
 3DE0 : 6A 3C 00 00  B8 3C 00 00   3E 3C 00 00  FC 3C 00 00   j<...<..><...<..
 3DF0 : AC 42 00 00  30 B4 00 00   04 00 00 00  05 00 00 00   .B..0...........
 3E00 : 20 3E 00 00  30 00 04 63   61 73 65 00  00 B5 FC F7    >..0..case.....
 3E10 : 70 FB 04 3F  3E 60 00 26   04 3F 3E 60  08 26 00 BD   p..?>`.&.?>`.&..
 3E20 : 38 3E 00 00  30 00 03 3F   6F 66 66 48  0A E0 01 3E   8>..0..?offH...>
 3E30 : B6 41 40 CF  70 47 C0 46   D8 3E 00 00  30 02 02 6F   .A@.pG.F.>..0..o
 3E40 : 66 00 61 48  08 2E 00 D0   26 E6 40 CF  00 B5 04 3F   f.aH....&.@....?
 3E50 : 3E 60 06 00  FE F7 93 FF   FF F7 64 FD  39 68 3E 60   >`........d.9h>`
 3E60 : 0E 46 01 36  04 3F 3E 60   09 26 04 3F  3E 60 57 4E   .F.6.?>`.&.?>`WN
 3E70 : FF F7 8B F9  00 BD 08 2E   00 D0 0D E6  40 CF 00 B5   ............@...
 3E80 : FC F7 AB FA  FC F7 D2 F9   FC F7 D5 F9  FC F7 D8 F9   ................
 3E90 : 04 3F 3E 60  4E 4E FC F7   DF FA 0E 43  02 68 28 2A   .?>`NN.....C.h(*
 3EA0 : 0D D1 42 68  FF 2A 07 D8   40 CF 04 3F  3E 60 49 4E   ..Bh.*..@..?>`IN
 3EB0 : 16 43 09 02  0E 43 04 E0   FC F7 C4 FA  0A 00 D2 00   .C...C..........
 3EC0 : 16 43 FF F7  62 F9 FC F7   76 F9 FC F7  C3 F9 C3 E7   .C..b...v.......
 3ED0 : 30 00 40 CF  B0 42 70 47   10 3F 00 00  30 00 05 65   0.@..BpG.?..0..e
 3EE0 : 6E 64 6F 66  09 2E 00 D0   D6 E5 40 CF  00 B5 40 B4   ndof......@...@.
 3EF0 : 40 CF FF F7  17 FD 39 68   3E 60 0E 46  FF F7 2A FD   @.....9h>`.F..*.
 3F00 : 04 3F 3E 60  40 BC 04 3F   3E 60 08 26  00 BD C0 46   .?>`@..?>`.&...F
 3F10 : 60 3F 00 00  30 00 07 65   6E 64 63 61  73 65 08 2E   `?..0..endcase..
 3F20 : 00 D0 B9 E5  40 CF 00 B5   04 3F 3E 60  27 4E FF F7   ....@....?>`'N..
 3F30 : 2C F9 00 F0  01 F8 00 BD   00 B5 30 00  40 CF 00 28   ,.........0.@..(
 3F40 : 0D D0 03 B4  01 21 31 40   00 29 03 D0  01 3E FF F7   .....!1@.)...>..
 3F50 : F8 FC 01 E0  FF F7 EF FC   03 BC 01 38  EF E7 00 BD   ...........8....
 3F60 : 74 3F 00 00  00 00 05 74   6F 6B 65 6E  04 3F 3E 60   t?.....token.?>`
 3F70 : 20 26 05 E0  E0 3F 00 00   00 00 05 70  61 72 73 65    &...?.....parse
 3F80 : 10 B5 15 48  01 68 40 68   14 4A 12 68  84 18 20 2E   ...H.h@h.J.h.. .
 3F90 : 07 D1 91 42  0F D0 83 5C   B3 42 02 D1  01 32 84 18   ...B...\.B...2..
 3FA0 : F7 E7 91 42  07 D0 83 5C   01 32 B3 42  F9 D1 86 18   ...B...\.2.B....
 3FB0 : 36 1B 01 3E  01 E0 86 18   36 1B 04 3F  3C 60 07 48   6..>....6..?<`.H
 3FC0 : 02 60 10 BD  2E 3E 00 00   D0 3E 00 00  40 CF 00 00   .`...>...>..@...
 3FD0 : 80 42 00 00  00 28 00 00   DC 3F 00 20  E4 3F 00 20   .B...(...?. .?. 
 3FE0 : 20 40 00 00  00 00 05 64   69 67 69 74  D4 4B 1B 68    @.....digit.K.h
 3FF0 : 30 3E 0B D3  0A 2E 0B D3   07 3E 0A 2E  06 D3 24 2E   0>.......>....$.
 4000 : 06 D3 20 3E  0A 2E 01 D3   24 2E 01 D3  00 26 70 47   .. >....$....&pG
 4010 : 9E 42 FB D2  04 3F 3E 60   00 26 F6 43  70 47 C0 46   .B...?>`.&.CpG.F
 4020 : 2C 41 00 00  00 00 06 6E   75 6D 62 65  72 00 3F B5   ,A.....number.?.
 4030 : 31 00 40 CF  70 1E 01 26   01 22 04 B4  C0 4B 1B 68   1.@.p..&."...K.h
 4040 : 00 24 00 25  00 29 3C D0   01 30 01 39  02 78 2D 2A   .$.%.)<..0.9.x-*
 4050 : 04 D1 01 B0  00 22 D2 43   04 B4 F3 E7  23 2A 01 D1   .....".C....#*..
 4060 : 0A 23 EF E7  24 2A 01 D1   10 23 EB E7  25 2A 01 D1   .#..$*...#..%*..
 4070 : 02 23 E7 E7  2E 2A 01 D1   02 26 E3 E7  2C 2A 36 D0   .#...*...&..,*6.
 4080 : 04 3F 3E 60  16 00 FF F7   B3 FF 00 2E  40 CF 2B D0   .?>`........@.+.
 4090 : 04 3F 3E 60  26 00 04 3F   3E 60 2E 00  04 3F 3E 60   .?>`&..?>`...?>`
 40A0 : 1E 00 04 3F  3E 60 00 26   0F B4 FC F7  12 FC 0F BC   ...?>`.&........
 40B0 : 35 00 40 CF  34 00 40 CF   00 22 A4 19  55 41 40 CF   5.@.4.@.."..UA@.
 40C0 : C0 E7 04 BC  00 2A 04 D5   00 22 E4 43  ED 43 01 34   .....*...".C.C.4
 40D0 : 55 41 33 00  26 00 01 2B   02 D0 04 3F  3E 60 2E 00   UA3.&..+...?>`..
 40E0 : 04 3F 3E 60  1E 00 3F BD   01 B0 00 26  3F BD 25 00   .?>`..?....&?.%.
 40F0 : 00 24 02 26  00 29 E4 D0   42 5C 01 39  2E 2A F9 D0   .$.&.)..B\.9.*..
 4100 : 04 3F 3E 60  16 00 FF F7   73 FF 00 2E  40 CF EB D0   .?>`....s...@...
 4110 : 04 3F 3C 60  04 3F 3E 60   1E 00 0F B4  FC F7 8D FC   .?<`.?>`........
 4120 : 0F BC 34 00  40 CF 40 CF   E4 E7 C0 46  50 41 00 00   ..4.@.@....FPA..
 4130 : 00 00 06 2E  64 69 67 69   74 00 0A 2E  01 D2 30 36   ....digit.....06
 4140 : 70 47 24 2E  01 D2 37 36   70 47 23 26  70 47 C0 46   pG$...76pG#&pG.F
 4150 : 88 41 00 00  00 00 04 68   6F 6C 64 00  33 00 40 CF   .A.....hold.3.@.
 4160 : 78 48 01 78  3F 29 0D D2   01 31 01 70  40 18 01 29   xH.x?)...1.p@..)
 4170 : 07 D0 01 38  02 78 01 30   02 70 01 38  01 39 01 29   ...8.x.0.p.8.9.)
 4180 : F7 D1 03 70  70 47 C0 46   A8 41 00 00  00 00 05 68   ...ppG.F.A.....h
 4190 : 6F 6C 64 3C  33 00 40 CF   6A 48 01 78  3F 29 02 D2   old<3.@.jH.x?)..
 41A0 : 01 31 01 70  43 54 70 47   C0 41 00 00  00 00 04 73   .1.pCTpG.A.....s
 41B0 : 69 67 6E 00  00 2E 01 D4   40 CF 70 47  2D 26 CD E7   ign.....@.pG-&..
 41C0 : D4 41 00 00  00 00 02 23   3E 00 5E 48  06 78 01 30   .A.....#>.^H.x.0
 41D0 : 38 60 70 47  EC 41 00 00   00 00 03 66  23 53 10 B5   8`pG.A.....f#S..
 41E0 : 20 24 00 F0  08 F8 01 3C   FB D1 10 BD  10 42 00 00    $.....<.....B..
 41F0 : 00 00 02 66  23 00 00 B5   04 3F 3E 60  50 4E 36 68   ...f#....?>`PN6h
 4200 : FC F7 53 FB  FF F7 99 FF   FF F7 C4 FF  00 BD C0 46   ..S............F
 4210 : 2C 42 00 00  00 00 02 23   53 00 00 B5  00 F0 0A F8   ,B.....#S.......
 4220 : 00 2E FB D1  38 68 00 28   F8 D1 00 BD  58 42 00 00   ....8h.(....XB..
 4230 : 00 00 01 23  00 B5 04 3F   3E 60 41 4E  36 68 04 3F   ...#...?>`AN6h.?
 4240 : 3E 60 00 26  FC F7 19 FC   FC F7 8E F9  40 CF FF F7   >`.&........@...
 4250 : 74 FF FF F7  83 FF 00 BD   6C 42 00 00  00 00 02 3C   t.......lB.....<
 4260 : 23 00 38 48  00 21 01 70   70 47 C0 46  80 42 00 00   #.8H.!.ppG.F.B..
 4270 : 00 00 02 66  2E 00 04 3F   3E 60 20 26  05 E0 C0 46   ...f...?>` &...F
 4280 : D0 42 00 00  00 00 03 66   2E 6E 00 B5  10 B4 34 00   .B.....f.n....4.
 4290 : 40 CF FC F7  17 FE FC F7   87 FA 04 3F  3E 60 00 26   @..........?>`.&
 42A0 : FF F7 DF FF  FF F7 B9 FF   40 CF 2C 26  FF F7 72 FF   ........@.,&..r.
 42B0 : 00 2C 03 D0  FF F7 9F FF   01 3C FB D1  10 BC 40 CF   .,.......<....@.
 42C0 : FF F7 78 FF  04 3F 3E 60   04 3F 3E 60  1E E0 C0 46   ..x..?>`.?>`...F
 42D0 : E8 42 00 00  00 00 03 75   64 2E 00 B5  FF F7 C1 FF   .B.....ud.......
 42E0 : FF F7 9B FF  12 E0 C0 46   1C 43 00 00  00 00 02 64   .......F.C.....d
 42F0 : 2E 00 00 B5  FC F7 E6 FD   FC F7 56 FA  FF F7 B1 FF   ..........V.....
 4300 : FF F7 8B FF  FC F7 F1 FD   FF F7 54 FF  FF F7 5D FF   ..........T...].
 4310 : FE F7 7E FA  FE F7 D2 F9   00 BD C0 46  30 43 00 00   ..~........F0C..
 4320 : 00 00 02 75  2E 00 04 3F   3E 60 00 26  D5 E7 C0 46   ...u...?>`.&...F
 4330 : F8 44 00 00  00 00 01 2E   04 3F 3E 60  F6 17 D8 E7   .D.......?>`....
 4340 : FC 3F 00 20  84 00 00 20   30 B5 D9 4C  25 68 00 2D   .?. ... 0..L%h.-
 4350 : 01 D1 3D 00  25 60 30 BD   30 B5 D5 4C  3D 00 25 60   ..=.%`0.0..L=.%`
 4360 : 30 BD 30 B5  D2 4C 00 25   25 60 30 BD  D0 4B 1B 68   0.0..L.%%`0..K.h
 4370 : DB 1B 9B 08  70 47 00 B5   31 00 40 CF  CD 48 08 40   ....pG..1.@..H.@
 4380 : 02 D0 00 F0  A1 F8 00 BD   CB 48 08 40  01 D1 FD F7   .........H.@....
 4390 : DA F8 32 00  40 CF FF F7   D7 FF C8 48  08 40 03 D0   ..2.@......H.@..
 43A0 : 04 3F 3E 60  16 00 00 BD   FF F7 E0 FF  80 20 08 40   .?>`......... .@
 43B0 : 06 D1 40 20  08 40 09 D0   0F 20 08 40  83 42 05 D3   ..@ .@... .@.B..
 43C0 : 04 3F 3E 60  16 00 FE F7   88 FD 00 BD  BC 48 08 40   .?>`.........H.@
 43D0 : 14 D0 FB F7  8A FE 04 3F   3E 60 16 00  04 3F 3E 60   .......?>`...?>`
 43E0 : 0E 00 00 F0  30 F8 10 00   FE F7 DD FC  42 1C B5 48   ....0.......B..H
 43F0 : 90 47 FF F7  B1 FF FB F7   87 FE 00 BD  FB F7 75 FE   .G............u.
 4400 : 04 3F 3E 60  16 00 04 3F   3E 60 0E 00  00 F0 1B F8   .?>`...?>`......
 4410 : FB F7 00 FF  FF F7 A5 FF   AB 48 08 40  01 D1 FC F7   .........H.@....
 4420 : 68 F8 04 3F  3E 60 16 00   10 22 0A 40  02 D0 FE F7   h..?>`...".@....
 4430 : 54 FD 00 BD  20 22 0A 40   02 D0 FE F7  A0 FC 00 BD   T... ".@........
 ok.
.s Stack: [1 ] 2A  TOS: 4440  *>
 ok.
: thenitwas ." okay it looked good for that dump but scroll behavior was latent and possibly dropping stuff. 21:47z " cr ;  ok.
thenitwas okay it looked good for that dump but scroll behavior was latent and possibly dropping stuff. 21:47z 
 ok.
    < getch 
9600
 < baud connect erase
 

May be the good one that is fast and scrolls to bottom.

This could be a trade-off worth considering.

v002-uu-2b- 21:21:17z on Sat 9 Jul 2022 - translate ENTER and ESCape keybindings - with hotkey support, and expose line endings visibly

modified in July of 2022 by wa1tnr

Send Send Char
 send with /r/n  echo

tehachapi
 2021 Mike Molinari (mmiscool) Source https://github.com/mmiscool/serialTerminal.com
